CDMS Software Version: V07-02-00
Found 9 series

=== Processing Zip7 ===
Zip7 channels (11): ['PAS1', 'PBS1', 'PCS1', 'PDS1', 'PES1', 'PFS1', 'PAS2', 'PBS2', 'PCS2', 'PDS2', 'PES2']

Zip7 — cut: 7.00e-07 < PTOFamps < 1.20e-06
  24260615_235328: 16 events selected
  24260616_011402: 2 events selected
  24260616_021845: 1 events selected
  24260616_032333: 1 events selected
  24260616_033235: 1 events selected
  24260616_045309: 3 events selected
  24260616_055753: 7 events selected
  24260616_063504: 3 events selected
  24260616_074337: 3 events selected
  → Zip7 total: 37 events
  WARNING: only 37 events — consider widening PTOF_RANGES[7]

Reading raw traces for Zip7...
INFO: Found 16 midas raw data files
  24260615_235328: 102 good channel-trace pairs
INFO: Found 13 midas raw data files
  24260616_011402: 21 good channel-trace pairs
INFO: Found 13 midas raw data files
  24260616_021845: 8 good channel-trace pairs
INFO: Found 2 midas raw data files
  24260616_032333: 8 good channel-trace pairs
INFO: Found 16 midas raw data files
  24260616_033235: 10 good channel-trace pairs
INFO: Found 13 midas raw data files
  24260616_045309: 6 good channel-trace pairs
INFO: Found 8 midas raw data files
  24260616_055753: 49 good channel-trace pairs
INFO: Found 14 midas raw data files
  24260616_063504: 13 good channel-trace pairs
INFO: Found 6 midas raw data files
  24260616_074337: 11 good channel-trace pairs
  PAS1: 22 traces
  PBS1: 25 traces
  PCS1: 19 traces
  PDS1: 23 traces
  PES1: 24 traces
  PFS1: 23 traces
  PAS2: 21 traces
  PBS2: 22 traces
  PCS2: 20 traces
  PDS2: 7 traces
  PES2: 22 traces
  PF (Type 3): 2 per-event traces
Cache saved: /users/9/li004628/urop/snolab/runs/r4_fixed_v2_20260621/cache/traces_cache_zip7.pkl
  PAS1: template from 22 traces
  PBS1: template from 25 traces
  PCS1: template from 19 traces
  PDS1: template from 23 traces
  PES1: template from 24 traces
  PFS1: template from 23 traces
  PAS2: template from 21 traces
  PBS2: template from 22 traces
  PCS2: template from 20 traces
  PDS2: template from 7 traces
  PES2: template from 22 traces
  PAS1: [4-exp] t1=0.049  t2=0.58  t3=0.61  t4=2.15 ms
  PBS1: [4-exp] t1=0.080  t2=0.29  t3=0.31  t4=2.52 ms
  PCS1: [4-exp] t1=0.044  t2=0.47  t3=0.46  t4=1.48 ms
  PDS1: [4-exp] t1=0.080  t2=1.07  t3=0.21  t4=9.90 ms
/users/9/li004628/urop/snolab/scripts/template_single_zip.py:292: RuntimeWarning: overflow encountered in exp
  -((amp1 + amp2 + amp3) * np.exp(-(x - pretrigger) / t1 / samplerate)
  PES1: [4-exp] t1=0.033  t2=0.59  t3=0.58  t4=1.85 ms
  PFS1: [4-exp] t1=0.062  t2=0.41  t3=0.53  t4=1.32 ms
  PAS2: [4-exp] t1=0.080  t2=0.48  t3=0.16  t4=4.63 ms
  PBS2: [4-exp] t1=0.053  t2=0.57  t3=0.60  t4=1.44 ms
  PCS2: [4-exp] t1=0.080  t2=0.21  t3=0.12  t4=1.82 ms
  PDS2: [4-exp] t1=0.077  t2=1.27  t3=1.28  t4=1.41 ms
  PES2: [4-exp] t1=0.080  t2=0.64  t3=0.16  t4=1.43 ms
PT [PF method, 2 events, 4-exp]: t1=0.069  t2=0.52  t3=0.47  t4=0.80 ms
  PAS1: written
  PBS1: written
  PCS1: written
  PDS1: written
  PES1: written
  PFS1: written
  PAS2: written
  PBS2: written
  PCS2: written
  PDS2: written
  PES2: written
  PFS2: skipped (no template)
  PT: written
  PS1: written
  PS2: written
  PAS1: 7 fitted + 15 raw = 22 training events
/users/9/li004628/urop/snolab/scripts/template_single_zip.py:293: RuntimeWarning: overflow encountered in exp
  - amp1                * np.exp(-(x - pretrigger) / t2 / samplerate)
/users/9/li004628/urop/snolab/scripts/template_single_zip.py:293: RuntimeWarning: overflow encountered in exp
  - amp1                * np.exp(-(x - pretrigger) / t2 / samplerate)
/users/9/li004628/urop/snolab/scripts/template_single_zip.py:294: RuntimeWarning: overflow encountered in exp
  - amp2                * np.exp(-(x - pretrigger) / t3 / samplerate)
/users/9/li004628/urop/snolab/scripts/template_single_zip.py:292: RuntimeWarning: invalid value encountered in subtract
  -((amp1 + amp2 + amp3) * np.exp(-(x - pretrigger) / t1 / samplerate)
  PBS1: 10 fitted + 15 raw = 25 training events
  PCS1: 8 fitted + 11 raw = 19 training events
  PDS1: 12 fitted + 10 raw = 22 training events
/users/9/li004628/urop/snolab/scripts/template_single_zip.py:295: RuntimeWarning: overflow encountered in exp
  - amp3                * np.exp(-(x - pretrigger) / t4 / samplerate)) + baseline
/users/9/li004628/urop/snolab/scripts/template_single_zip.py:295: RuntimeWarning: overflow encountered in exp
  - amp3                * np.exp(-(x - pretrigger) / t4 / samplerate)) + baseline
  PES1: 6 fitted + 18 raw = 24 training events
/users/9/li004628/urop/snolab/scripts/template_single_zip.py:295: RuntimeWarning: overflow encountered in exp
  - amp3                * np.exp(-(x - pretrigger) / t4 / samplerate)) + baseline
  PFS1: 6 fitted + 17 raw = 23 training events
  PAS2: 7 fitted + 13 raw = 20 training events
  PBS2: 8 fitted + 14 raw = 22 training events
  PCS2: 10 fitted + 10 raw = 20 training events
  PDS2: 3 fitted + 4 raw = 7 training events
  PES2: 3 fitted + 19 raw = 22 training events
PCA on 226 synthetic traces (4 components)
  PC0: 56.07% variance
  PC1: 16.41% variance
  PC2: 9.39% variance
  PC3: 5.01% variance
NxM templates (4 components × 11 channels) written.

Done. Saved: /users/9/li004628/urop/snolab/runs/r4_fixed_v2_20260621/root_files/Templates_SNOLAB_R4_zip7_1x1.root
