CDMS Software Version: V07-02-00
Found 9 series

=== Processing Zip16 ===
Zip16 channels (9): ['PBS1', 'PCS1', 'PDS1', 'PES1', 'PFS1', 'PBS2', 'PCS2', 'PDS2', 'PFS2']

Zip16 — cut: 2.40e-06 < PTOFamps < 3.50e-06
  24260615_235328: 28 events selected
  24260616_011402: 15 events selected
  24260616_021845: 17 events selected
  24260616_032333: 0 events selected
  24260616_033235: 18 events selected
  24260616_045309: 13 events selected
  24260616_055753: 10 events selected
  24260616_063504: 7 events selected
  24260616_074337: 2 events selected
  → Zip16 total: 110 events

Reading raw traces for Zip16...
INFO: Found 16 midas raw data files
  24260615_235328: 194 good channel-trace pairs
INFO: Found 13 midas raw data files
  24260616_011402: 116 good channel-trace pairs
INFO: Found 13 midas raw data files
  24260616_021845: 126 good channel-trace pairs
INFO: Found 16 midas raw data files
  24260616_033235: 135 good channel-trace pairs
INFO: Found 13 midas raw data files
  24260616_045309: 104 good channel-trace pairs
INFO: Found 8 midas raw data files
  24260616_055753: 76 good channel-trace pairs
INFO: Found 14 midas raw data files
  24260616_063504: 49 good channel-trace pairs
INFO: Found 6 midas raw data files
  24260616_074337: 15 good channel-trace pairs
  PBS1: 99 traces
  PCS1: 39 traces
  PDS1: 62 traces
  PES1: 108 traces
  PFS1: 101 traces
  PBS2: 108 traces
  PCS2: 108 traces
  PDS2: 85 traces
  PFS2: 105 traces
  PF (Type 3): 28 per-event traces
Cache saved: /users/9/li004628/urop/snolab/runs/r4_fixed_v2_20260621/cache/traces_cache_zip16.pkl
  PBS1: template from 99 traces
  PCS1: template from 39 traces
  PDS1: template from 62 traces
  PES1: template from 108 traces
  PFS1: template from 101 traces
  PBS2: template from 108 traces
  PCS2: template from 108 traces
  PDS2: template from 85 traces
  PFS2: template from 105 traces
  PBS1: [4-exp] t1=0.049  t2=0.71  t3=0.64  t4=0.64 ms
  PCS1: [4-exp] t1=0.047  t2=0.59  t3=0.77  t4=2.70 ms
  PDS1: [4-exp] t1=0.062  t2=0.64  t3=0.64  t4=0.69 ms
  PES1: [4-exp] t1=0.069  t2=0.39  t3=0.45  t4=0.41 ms
  PFS1: [4-exp] t1=0.058  t2=0.50  t3=0.53  t4=0.50 ms
  PBS2: [4-exp] t1=0.066  t2=0.52  t3=0.53  t4=0.93 ms
  PCS2: [4-exp] t1=0.072  t2=0.23  t3=0.23  t4=1.34 ms
  PDS2: [4-exp] t1=0.048  t2=0.68  t3=0.68  t4=0.68 ms
  PFS2: [4-exp] t1=0.058  t2=0.47  t3=0.50  t4=0.50 ms
PT [PF method, 28 events, 4-exp]: t1=0.023  t2=0.49  t3=0.45  t4=1.91 ms
  PAS1: skipped (no template)
  PBS1: written
  PCS1: written
  PDS1: written
  PES1: written
  PFS1: written
  PAS2: skipped (no template)
  PBS2: written
  PCS2: written
  PDS2: written
  PES2: skipped (no template)
  PFS2: written
  PT: written
  PS1: written
  PS2: written
/users/9/li004628/urop/snolab/scripts/template_single_zip.py:294: RuntimeWarning: overflow encountered in exp
  - amp2                * np.exp(-(x - pretrigger) / t3 / samplerate)
  PBS1: 58 fitted + 41 raw = 99 training events
/users/9/li004628/urop/snolab/scripts/template_single_zip.py:295: RuntimeWarning: overflow encountered in exp
  - amp3                * np.exp(-(x - pretrigger) / t4 / samplerate)) + baseline
  PCS1: 10 fitted + 27 raw = 37 training events
  PDS1: 31 fitted + 28 raw = 59 training events
  PES1: 43 fitted + 64 raw = 107 training events
/users/9/li004628/urop/snolab/scripts/template_single_zip.py:294: RuntimeWarning: overflow encountered in exp
  - amp2                * np.exp(-(x - pretrigger) / t3 / samplerate)
/users/9/li004628/urop/snolab/scripts/template_single_zip.py:295: RuntimeWarning: overflow encountered in exp
  - amp3                * np.exp(-(x - pretrigger) / t4 / samplerate)) + baseline
/users/9/li004628/urop/snolab/scripts/template_single_zip.py:294: RuntimeWarning: overflow encountered in exp
  - amp2                * np.exp(-(x - pretrigger) / t3 / samplerate)
  PFS1: 64 fitted + 37 raw = 101 training events
  PBS2: 59 fitted + 49 raw = 108 training events
/users/9/li004628/urop/snolab/scripts/template_single_zip.py:294: RuntimeWarning: overflow encountered in exp
  - amp2                * np.exp(-(x - pretrigger) / t3 / samplerate)
  PCS2: 23 fitted + 85 raw = 108 training events
  PDS2: 40 fitted + 43 raw = 83 training events
  PFS2: 52 fitted + 53 raw = 105 training events
PCA on 807 synthetic traces (4 components)
  PC0: 66.36% variance
  PC1: 14.28% variance
  PC2: 4.99% variance
  PC3: 3.50% variance
NxM templates (4 components × 9 channels) written.

Done. Saved: /users/9/li004628/urop/snolab/runs/r4_fixed_v2_20260621/root_files/Templates_SNOLAB_R4_zip16_1x1.root
