CDMS Software Version: V07-02-00
Found 9 series

=== Processing Zip1 ===
Zip1 channels (9): ['PAS1', 'PBS1', 'PCS1', 'PES1', 'PFS1', 'PAS2', 'PCS2', 'PDS2', 'PES2']

Zip1 — cut: 7.50e-07 < PTOFamps < 1.05e-06
  24260615_235328: 41 events selected
  24260616_011402: 8 events selected
  24260616_021845: 13 events selected
  24260616_032333: 0 events selected
  24260616_033235: 18 events selected
  24260616_045309: 8 events selected
  24260616_055753: 4 events selected
  24260616_063504: 9 events selected
  24260616_074337: 3 events selected
  → Zip1 total: 104 events

Reading raw traces for Zip1...
INFO: Found 16 midas raw data files
  24260615_235328: 221 good channel-trace pairs
INFO: Found 13 midas raw data files
  24260616_011402: 62 good channel-trace pairs
INFO: Found 13 midas raw data files
  24260616_021845: 98 good channel-trace pairs
INFO: Found 16 midas raw data files
  24260616_033235: 149 good channel-trace pairs
INFO: Found 13 midas raw data files
  24260616_045309: 60 good channel-trace pairs
INFO: Found 8 midas raw data files
  24260616_055753: 32 good channel-trace pairs
INFO: Found 14 midas raw data files
  24260616_063504: 65 good channel-trace pairs
INFO: Found 6 midas raw data files
  24260616_074337: 22 good channel-trace pairs
  PAS1: 94 traces
  PBS1: 89 traces
  PCS1: 86 traces
  PES1: 87 traces
  PFS1: 48 traces
  PAS2: 93 traces
  PCS2: 47 traces
  PDS2: 78 traces
  PES2: 87 traces
  PF (Type 3): 22 per-event traces
Cache saved: /users/9/li004628/urop/snolab/runs/r4_fixed_v2_20260621/cache/traces_cache_zip1.pkl
  PAS1: template from 94 traces
  PBS1: template from 89 traces
  PCS1: template from 86 traces
  PES1: template from 87 traces
  PFS1: template from 48 traces
  PAS2: template from 93 traces
  PCS2: template from 47 traces
  PDS2: template from 78 traces
  PES2: template from 87 traces
  PAS1: [4-exp] t1=0.062  t2=1.00  t3=1.05  t4=1.62 ms
  PBS1: [4-exp] t1=0.070  t2=0.64  t3=0.63  t4=2.27 ms
  PCS1: [4-exp] t1=0.079  t2=0.65  t3=0.61  t4=3.21 ms
  PES1: [4-exp] t1=0.076  t2=0.63  t3=0.67  t4=2.15 ms
  PFS1: [4-exp] t1=0.061  t2=0.27  t3=0.29  t4=2.61 ms
  PAS2: [4-exp] t1=0.078  t2=0.59  t3=0.69  t4=2.62 ms
  PCS2: [4-exp] t1=0.074  t2=0.29  t3=0.27  t4=2.85 ms
  PDS2: [4-exp] t1=0.080  t2=0.60  t3=0.61  t4=2.68 ms
  PES2: [4-exp] t1=0.080  t2=0.76  t3=0.77  t4=2.38 ms
PT [PF method, 22 events, 4-exp]: t1=0.073  t2=0.41  t3=0.43  t4=1.88 ms
  PAS1: written
  PBS1: written
  PCS1: written
  PDS1: skipped (no template)
  PES1: written
  PFS1: written
  PAS2: written
  PBS2: skipped (no template)
  PCS2: written
  PDS2: written
  PES2: written
  PFS2: skipped (no template)
  PT: written
  PS1: written
  PS2: written
  PAS1: 57 fitted + 37 raw = 94 training events
/users/9/li004628/urop/snolab/scripts/template_single_zip.py:295: RuntimeWarning: overflow encountered in exp
  - amp3                * np.exp(-(x - pretrigger) / t4 / samplerate)) + baseline
  PBS1: 44 fitted + 45 raw = 89 training events
/users/9/li004628/urop/snolab/scripts/template_single_zip.py:295: RuntimeWarning: overflow encountered in exp
  - amp3                * np.exp(-(x - pretrigger) / t4 / samplerate)) + baseline
  PCS1: 41 fitted + 44 raw = 85 training events
/users/9/li004628/urop/snolab/scripts/template_single_zip.py:295: RuntimeWarning: overflow encountered in exp
  - amp3                * np.exp(-(x - pretrigger) / t4 / samplerate)) + baseline
  PES1: 42 fitted + 45 raw = 87 training events
/users/9/li004628/urop/snolab/scripts/template_single_zip.py:292: RuntimeWarning: overflow encountered in exp
  -((amp1 + amp2 + amp3) * np.exp(-(x - pretrigger) / t1 / samplerate)
  PFS1: 23 fitted + 24 raw = 47 training events
/users/9/li004628/urop/snolab/scripts/template_single_zip.py:293: RuntimeWarning: overflow encountered in exp
  - amp1                * np.exp(-(x - pretrigger) / t2 / samplerate)
/users/9/li004628/urop/snolab/scripts/template_single_zip.py:293: RuntimeWarning: overflow encountered in exp
  - amp1                * np.exp(-(x - pretrigger) / t2 / samplerate)
/users/9/li004628/urop/snolab/scripts/template_single_zip.py:293: RuntimeWarning: overflow encountered in exp
  - amp1                * np.exp(-(x - pretrigger) / t2 / samplerate)
  PAS2: 55 fitted + 36 raw = 91 training events
/users/9/li004628/urop/snolab/scripts/template_single_zip.py:292: RuntimeWarning: overflow encountered in exp
  -((amp1 + amp2 + amp3) * np.exp(-(x - pretrigger) / t1 / samplerate)
  PCS2: 22 fitted + 21 raw = 43 training events
  PDS2: 46 fitted + 31 raw = 77 training events
/users/9/li004628/urop/snolab/scripts/template_single_zip.py:295: RuntimeWarning: overflow encountered in exp
  - amp3                * np.exp(-(x - pretrigger) / t4 / samplerate)) + baseline
/users/9/li004628/urop/snolab/scripts/template_single_zip.py:293: RuntimeWarning: overflow encountered in exp
  - amp1                * np.exp(-(x - pretrigger) / t2 / samplerate)
  PES2: 46 fitted + 40 raw = 86 training events
PCA on 699 synthetic traces (4 components)
  PC0: 48.00% variance
  PC1: 14.21% variance
  PC2: 12.11% variance
  PC3: 9.64% variance
NxM templates (4 components × 9 channels) written.

Done. Saved: /users/9/li004628/urop/snolab/runs/r4_fixed_v2_20260621/root_files/Templates_SNOLAB_R4_zip1_1x1.root
