
=== Zip1 ===
  Saved: /users/9/li004628/urop/snolab/第三次/run/r4_v3_20260622/template_plots/zip1_templates_1x1.png
  Saved: /users/9/li004628/urop/snolab/第三次/run/r4_v3_20260622/template_plots/zip1_templates_zoom.png
  Saved: /users/9/li004628/urop/snolab/第三次/run/r4_v3_20260622/template_plots/zip1_raw_traces.png

=== Zip4 ===
  Saved: /users/9/li004628/urop/snolab/第三次/run/r4_v3_20260622/template_plots/zip4_templates_1x1.png
  Saved: /users/9/li004628/urop/snolab/第三次/run/r4_v3_20260622/template_plots/zip4_templates_zoom.png
  Saved: /users/9/li004628/urop/snolab/第三次/run/r4_v3_20260622/template_plots/zip4_raw_traces.png

=== Zip6 ===
  Saved: /users/9/li004628/urop/snolab/第三次/run/r4_v3_20260622/template_plots/zip6_templates_1x1.png
  Saved: /users/9/li004628/urop/snolab/第三次/run/r4_v3_20260622/template_plots/zip6_templates_zoom.png
  Saved: /users/9/li004628/urop/snolab/第三次/run/r4_v3_20260622/template_plots/zip6_raw_traces.png

=== Zip7 ===
  Saved: /users/9/li004628/urop/snolab/第三次/run/r4_v3_20260622/template_plots/zip7_templates_1x1.png
  Saved: /users/9/li004628/urop/snolab/第三次/run/r4_v3_20260622/template_plots/zip7_templates_zoom.png
  Saved: /users/9/li004628/urop/snolab/第三次/run/r4_v3_20260622/template_plots/zip7_raw_traces.png

=== Zip10 ===
  Saved: /users/9/li004628/urop/snolab/第三次/run/r4_v3_20260622/template_plots/zip10_templates_1x1.png
  Saved: /users/9/li004628/urop/snolab/第三次/run/r4_v3_20260622/template_plots/zip10_templates_zoom.png
  Saved: /users/9/li004628/urop/snolab/第三次/run/r4_v3_20260622/template_plots/zip10_raw_traces.png

=== Zip15 ===
  Saved: /users/9/li004628/urop/snolab/第三次/run/r4_v3_20260622/template_plots/zip15_templates_1x1.png
  Saved: /users/9/li004628/urop/snolab/第三次/run/r4_v3_20260622/template_plots/zip15_templates_zoom.png
  Saved: /users/9/li004628/urop/snolab/第三次/run/r4_v3_20260622/template_plots/zip15_raw_traces.png

=== Zip16 ===
  Saved: /users/9/li004628/urop/snolab/第三次/run/r4_v3_20260622/template_plots/zip16_templates_1x1.png
  Saved: /users/9/li004628/urop/snolab/第三次/run/r4_v3_20260622/template_plots/zip16_templates_zoom.png
  Saved: /users/9/li004628/urop/snolab/第三次/run/r4_v3_20260622/template_plots/zip16_raw_traces.png

=== Zip18 ===
  Saved: /users/9/li004628/urop/snolab/第三次/run/r4_v3_20260622/template_plots/zip18_templates_1x1.png
  Saved: /users/9/li004628/urop/snolab/第三次/run/r4_v3_20260622/template_plots/zip18_templates_zoom.png
  Saved: /users/9/li004628/urop/snolab/第三次/run/r4_v3_20260622/template_plots/zip18_raw_traces.png

Saved summary: /users/9/li004628/urop/snolab/第三次/run/r4_v3_20260622/template_plots/all_zips_PT_comparison.png

── Cross-zip time constant comparison ──
  Saved: /users/9/li004628/urop/snolab/第三次/run/r4_v3_20260622/template_plots/timeconstants_PAS1_all_zips.png
  Saved: /users/9/li004628/urop/snolab/第三次/run/r4_v3_20260622/template_plots/timeconstants_PAS2_all_zips.png
  Saved: /users/9/li004628/urop/snolab/第三次/run/r4_v3_20260622/template_plots/timeconstants_PBS1_all_zips.png
  Saved: /users/9/li004628/urop/snolab/第三次/run/r4_v3_20260622/template_plots/timeconstants_PBS2_all_zips.png
  Saved: /users/9/li004628/urop/snolab/第三次/run/r4_v3_20260622/template_plots/timeconstants_PCS1_all_zips.png
  Saved: /users/9/li004628/urop/snolab/第三次/run/r4_v3_20260622/template_plots/timeconstants_PCS2_all_zips.png
  Saved: /users/9/li004628/urop/snolab/第三次/run/r4_v3_20260622/template_plots/timeconstants_PDS1_all_zips.png
  Saved: /users/9/li004628/urop/snolab/第三次/run/r4_v3_20260622/template_plots/timeconstants_PDS2_all_zips.png
  Saved: /users/9/li004628/urop/snolab/第三次/run/r4_v3_20260622/template_plots/timeconstants_PES1_all_zips.png
  Saved: /users/9/li004628/urop/snolab/第三次/run/r4_v3_20260622/template_plots/timeconstants_PES2_all_zips.png
  Saved: /users/9/li004628/urop/snolab/第三次/run/r4_v3_20260622/template_plots/timeconstants_PFS1_all_zips.png
  Saved: /users/9/li004628/urop/snolab/第三次/run/r4_v3_20260622/template_plots/timeconstants_PFS2_all_zips.png
  Saved: /users/9/li004628/urop/snolab/第三次/run/r4_v3_20260622/template_plots/timeconstants_summary_t1_all_zips.png
  Saved: /users/9/li004628/urop/snolab/第三次/run/r4_v3_20260622/template_plots/timeconstants_summary_t2_all_zips.png

Done. All plots in: /users/9/li004628/urop/snolab/第三次/run/r4_v3_20260622/template_plots
