CDMS Software Version: V07-02-00
Found 9 series

=== Processing Zip1 ===
Zip1 channels (9): ['PAS1', 'PBS1', 'PCS1', 'PES1', 'PFS1', 'PAS2', 'PCS2', 'PDS2', 'PES2']

Zip1 — cut: 7.50e-07 < PTOFamps < 1.05e-06
  24260615_235328: 41 events selected
  24260616_011402: 8 events selected
  24260616_021845: 13 events selected
  24260616_032333: 0 events selected
  24260616_033235: 18 events selected
  24260616_045309: 8 events selected
  24260616_055753: 4 events selected
  24260616_063504: 9 events selected
  24260616_074337: 3 events selected
  → Zip1 total: 104 events

Reading raw traces for Zip1...
INFO: Found 16 midas raw data files
  24260615_235328: 221 good channel-trace pairs
INFO: Found 13 midas raw data files
  24260616_011402: 62 good channel-trace pairs
INFO: Found 13 midas raw data files
  24260616_021845: 98 good channel-trace pairs
INFO: Found 16 midas raw data files
  24260616_033235: 149 good channel-trace pairs
INFO: Found 13 midas raw data files
  24260616_045309: 60 good channel-trace pairs
INFO: Found 8 midas raw data files
  24260616_055753: 32 good channel-trace pairs
INFO: Found 14 midas raw data files
  24260616_063504: 65 good channel-trace pairs
INFO: Found 6 midas raw data files
  24260616_074337: 22 good channel-trace pairs
  PAS1: 94 traces
  PBS1: 89 traces
  PCS1: 86 traces
  PES1: 87 traces
  PFS1: 48 traces
  PAS2: 93 traces
  PCS2: 47 traces
  PDS2: 78 traces
  PES2: 87 traces
  PF (Type 3): 22 per-event traces
Cache saved: /users/9/li004628/urop/snolab/第三次/run/r4_v3_20260622/cache/traces_cache_zip1.pkl
  PAS1: template from 94 traces
  PBS1: template from 89 traces
  PCS1: template from 86 traces
  PES1: template from 87 traces
  PFS1: template from 48 traces
  PAS2: template from 93 traces
  PCS2: template from 47 traces
  PDS2: template from 78 traces
  PES2: template from 87 traces
  PAS1: [4-exp] t1=0.062  t2=1.00  t3=1.05  t4=1.62 ms
  PBS1: [4-exp] t1=0.070  t2=0.64  t3=0.63  t4=2.27 ms
  PCS1: [4-exp] t1=0.079  t2=0.65  t3=0.61  t4=3.21 ms
  PES1: [4-exp] t1=0.076  t2=0.63  t3=0.67  t4=2.15 ms
  PFS1: [4-exp] t1=0.061  t2=0.27  t3=0.29  t4=2.61 ms
  PAS2: [4-exp] t1=0.078  t2=0.59  t3=0.69  t4=2.62 ms
  PCS2: [4-exp] t1=0.074  t2=0.29  t3=0.27  t4=2.85 ms
  PDS2: [4-exp] t1=0.080  t2=0.60  t3=0.61  t4=2.68 ms
  PES2: [4-exp] t1=0.080  t2=0.76  t3=0.77  t4=2.38 ms
PT [PF method, 22 events, 4-exp]: t1=0.073  t2=0.41  t3=0.43  t4=1.88 ms
  PAS1: written
  PBS1: written
  PCS1: written
  PDS1: skipped (no template)
  PES1: written
  PFS1: written
  PAS2: written
  PBS2: skipped (no template)
  PCS2: written
  PDS2: written
  PES2: written
  PFS2: skipped (no template)
  PT: written
  PS1: written
  PS2: written
Time constants saved: /users/9/li004628/urop/snolab/第三次/run/r4_v3_20260622/root_files/time_constants_zip1.json

── NxM per-event fitting (4-exp, window [13384:32768], synthetic full 32768-sample) ──
/users/9/li004628/urop/snolab/第三次/scripts/template_single_zip.py:309: RuntimeWarning: overflow encountered in exp
  -((amp1 + amp2 + amp3) * np.exp(-(x - pretrigger) / t1 / samplerate)
/users/9/li004628/urop/snolab/第三次/scripts/template_single_zip.py:309: RuntimeWarning: overflow encountered in multiply
  -((amp1 + amp2 + amp3) * np.exp(-(x - pretrigger) / t1 / samplerate)
/users/9/li004628/urop/snolab/第三次/scripts/template_single_zip.py:309: RuntimeWarning: overflow encountered in exp
  -((amp1 + amp2 + amp3) * np.exp(-(x - pretrigger) / t1 / samplerate)
/users/9/li004628/urop/snolab/第三次/scripts/template_single_zip.py:309: RuntimeWarning: overflow encountered in exp
  -((amp1 + amp2 + amp3) * np.exp(-(x - pretrigger) / t1 / samplerate)
/users/9/li004628/urop/snolab/第三次/scripts/template_single_zip.py:309: RuntimeWarning: overflow encountered in multiply
  -((amp1 + amp2 + amp3) * np.exp(-(x - pretrigger) / t1 / samplerate)
/users/9/li004628/urop/snolab/第三次/scripts/template_single_zip.py:309: RuntimeWarning: overflow encountered in exp
  -((amp1 + amp2 + amp3) * np.exp(-(x - pretrigger) / t1 / samplerate)
/users/9/li004628/urop/snolab/第三次/scripts/template_single_zip.py:309: RuntimeWarning: overflow encountered in multiply
  -((amp1 + amp2 + amp3) * np.exp(-(x - pretrigger) / t1 / samplerate)
/users/9/li004628/urop/snolab/第三次/scripts/template_single_zip.py:309: RuntimeWarning: overflow encountered in exp
  -((amp1 + amp2 + amp3) * np.exp(-(x - pretrigger) / t1 / samplerate)
/users/9/li004628/urop/snolab/第三次/scripts/template_single_zip.py:309: RuntimeWarning: overflow encountered in exp
  -((amp1 + amp2 + amp3) * np.exp(-(x - pretrigger) / t1 / samplerate)
/users/9/li004628/urop/snolab/第三次/scripts/template_single_zip.py:309: RuntimeWarning: overflow encountered in multiply
  -((amp1 + amp2 + amp3) * np.exp(-(x - pretrigger) / t1 / samplerate)
/users/9/li004628/urop/snolab/第三次/scripts/template_single_zip.py:309: RuntimeWarning: overflow encountered in exp
  -((amp1 + amp2 + amp3) * np.exp(-(x - pretrigger) / t1 / samplerate)
/users/9/li004628/urop/snolab/第三次/scripts/template_single_zip.py:309: RuntimeWarning: overflow encountered in multiply
  -((amp1 + amp2 + amp3) * np.exp(-(x - pretrigger) / t1 / samplerate)
/users/9/li004628/urop/snolab/第三次/scripts/template_single_zip.py:309: RuntimeWarning: overflow encountered in exp
  -((amp1 + amp2 + amp3) * np.exp(-(x - pretrigger) / t1 / samplerate)
/users/9/li004628/urop/snolab/第三次/scripts/template_single_zip.py:309: RuntimeWarning: overflow encountered in multiply
  -((amp1 + amp2 + amp3) * np.exp(-(x - pretrigger) / t1 / samplerate)
/users/9/li004628/urop/snolab/第三次/scripts/template_single_zip.py:309: RuntimeWarning: overflow encountered in exp
  -((amp1 + amp2 + amp3) * np.exp(-(x - pretrigger) / t1 / samplerate)
/users/9/li004628/urop/snolab/第三次/scripts/template_single_zip.py:309: RuntimeWarning: overflow encountered in multiply
  -((amp1 + amp2 + amp3) * np.exp(-(x - pretrigger) / t1 / samplerate)
/users/9/li004628/urop/snolab/第三次/scripts/template_single_zip.py:309: RuntimeWarning: overflow encountered in exp
  -((amp1 + amp2 + amp3) * np.exp(-(x - pretrigger) / t1 / samplerate)
/users/9/li004628/urop/snolab/第三次/scripts/template_single_zip.py:309: RuntimeWarning: overflow encountered in multiply
  -((amp1 + amp2 + amp3) * np.exp(-(x - pretrigger) / t1 / samplerate)
/users/9/li004628/urop/snolab/第三次/scripts/template_single_zip.py:309: RuntimeWarning: overflow encountered in exp
  -((amp1 + amp2 + amp3) * np.exp(-(x - pretrigger) / t1 / samplerate)
/users/9/li004628/urop/snolab/第三次/scripts/template_single_zip.py:309: RuntimeWarning: overflow encountered in multiply
  -((amp1 + amp2 + amp3) * np.exp(-(x - pretrigger) / t1 / samplerate)
/users/9/li004628/urop/snolab/第三次/scripts/template_single_zip.py:309: RuntimeWarning: overflow encountered in exp
  -((amp1 + amp2 + amp3) * np.exp(-(x - pretrigger) / t1 / samplerate)
/users/9/li004628/urop/snolab/第三次/scripts/template_single_zip.py:309: RuntimeWarning: overflow encountered in multiply
  -((amp1 + amp2 + amp3) * np.exp(-(x - pretrigger) / t1 / samplerate)
/users/9/li004628/urop/snolab/第三次/scripts/template_single_zip.py:309: RuntimeWarning: overflow encountered in exp
  -((amp1 + amp2 + amp3) * np.exp(-(x - pretrigger) / t1 / samplerate)
/users/9/li004628/urop/snolab/第三次/scripts/template_single_zip.py:309: RuntimeWarning: overflow encountered in multiply
  -((amp1 + amp2 + amp3) * np.exp(-(x - pretrigger) / t1 / samplerate)
/users/9/li004628/urop/snolab/第三次/scripts/template_single_zip.py:309: RuntimeWarning: overflow encountered in exp
  -((amp1 + amp2 + amp3) * np.exp(-(x - pretrigger) / t1 / samplerate)
/users/9/li004628/urop/snolab/第三次/scripts/template_single_zip.py:309: RuntimeWarning: overflow encountered in multiply
  -((amp1 + amp2 + amp3) * np.exp(-(x - pretrigger) / t1 / samplerate)
  PAS1: 57 accepted, 37 rejected
/users/9/li004628/urop/snolab/第三次/scripts/template_single_zip.py:309: RuntimeWarning: overflow encountered in exp
  -((amp1 + amp2 + amp3) * np.exp(-(x - pretrigger) / t1 / samplerate)
/users/9/li004628/urop/snolab/第三次/scripts/template_single_zip.py:309: RuntimeWarning: overflow encountered in multiply
  -((amp1 + amp2 + amp3) * np.exp(-(x - pretrigger) / t1 / samplerate)
/users/9/li004628/urop/snolab/第三次/scripts/template_single_zip.py:309: RuntimeWarning: overflow encountered in exp
  -((amp1 + amp2 + amp3) * np.exp(-(x - pretrigger) / t1 / samplerate)
/users/9/li004628/urop/snolab/第三次/scripts/template_single_zip.py:309: RuntimeWarning: overflow encountered in multiply
  -((amp1 + amp2 + amp3) * np.exp(-(x - pretrigger) / t1 / samplerate)
/users/9/li004628/urop/snolab/第三次/scripts/template_single_zip.py:309: RuntimeWarning: overflow encountered in exp
  -((amp1 + amp2 + amp3) * np.exp(-(x - pretrigger) / t1 / samplerate)
/users/9/li004628/urop/snolab/第三次/scripts/template_single_zip.py:309: RuntimeWarning: overflow encountered in exp
  -((amp1 + amp2 + amp3) * np.exp(-(x - pretrigger) / t1 / samplerate)
/users/9/li004628/urop/snolab/第三次/scripts/template_single_zip.py:309: RuntimeWarning: overflow encountered in exp
  -((amp1 + amp2 + amp3) * np.exp(-(x - pretrigger) / t1 / samplerate)
/users/9/li004628/urop/snolab/第三次/scripts/template_single_zip.py:309: RuntimeWarning: overflow encountered in multiply
  -((amp1 + amp2 + amp3) * np.exp(-(x - pretrigger) / t1 / samplerate)
/users/9/li004628/urop/snolab/第三次/scripts/template_single_zip.py:309: RuntimeWarning: overflow encountered in exp
  -((amp1 + amp2 + amp3) * np.exp(-(x - pretrigger) / t1 / samplerate)
/users/9/li004628/urop/snolab/第三次/scripts/template_single_zip.py:309: RuntimeWarning: overflow encountered in multiply
  -((amp1 + amp2 + amp3) * np.exp(-(x - pretrigger) / t1 / samplerate)
/users/9/li004628/urop/snolab/第三次/scripts/template_single_zip.py:309: RuntimeWarning: overflow encountered in exp
  -((amp1 + amp2 + amp3) * np.exp(-(x - pretrigger) / t1 / samplerate)
/users/9/li004628/urop/snolab/第三次/scripts/template_single_zip.py:309: RuntimeWarning: overflow encountered in multiply
  -((amp1 + amp2 + amp3) * np.exp(-(x - pretrigger) / t1 / samplerate)
/users/9/li004628/urop/snolab/第三次/scripts/template_single_zip.py:309: RuntimeWarning: overflow encountered in exp
  -((amp1 + amp2 + amp3) * np.exp(-(x - pretrigger) / t1 / samplerate)
/users/9/li004628/urop/snolab/第三次/scripts/template_single_zip.py:309: RuntimeWarning: overflow encountered in multiply
  -((amp1 + amp2 + amp3) * np.exp(-(x - pretrigger) / t1 / samplerate)
/users/9/li004628/urop/snolab/第三次/scripts/template_single_zip.py:309: RuntimeWarning: overflow encountered in exp
  -((amp1 + amp2 + amp3) * np.exp(-(x - pretrigger) / t1 / samplerate)
/users/9/li004628/urop/snolab/第三次/scripts/template_single_zip.py:309: RuntimeWarning: overflow encountered in multiply
  -((amp1 + amp2 + amp3) * np.exp(-(x - pretrigger) / t1 / samplerate)
/users/9/li004628/urop/snolab/第三次/scripts/template_single_zip.py:309: RuntimeWarning: overflow encountered in exp
  -((amp1 + amp2 + amp3) * np.exp(-(x - pretrigger) / t1 / samplerate)
/users/9/li004628/urop/snolab/第三次/scripts/template_single_zip.py:309: RuntimeWarning: overflow encountered in multiply
  -((amp1 + amp2 + amp3) * np.exp(-(x - pretrigger) / t1 / samplerate)
/users/9/li004628/urop/snolab/第三次/scripts/template_single_zip.py:309: RuntimeWarning: overflow encountered in exp
  -((amp1 + amp2 + amp3) * np.exp(-(x - pretrigger) / t1 / samplerate)
/users/9/li004628/urop/snolab/第三次/scripts/template_single_zip.py:309: RuntimeWarning: overflow encountered in multiply
  -((amp1 + amp2 + amp3) * np.exp(-(x - pretrigger) / t1 / samplerate)
/users/9/li004628/urop/snolab/第三次/scripts/template_single_zip.py:309: RuntimeWarning: overflow encountered in exp
  -((amp1 + amp2 + amp3) * np.exp(-(x - pretrigger) / t1 / samplerate)
/users/9/li004628/urop/snolab/第三次/scripts/template_single_zip.py:309: RuntimeWarning: overflow encountered in multiply
  -((amp1 + amp2 + amp3) * np.exp(-(x - pretrigger) / t1 / samplerate)
/users/9/li004628/urop/snolab/第三次/scripts/template_single_zip.py:309: RuntimeWarning: overflow encountered in exp
  -((amp1 + amp2 + amp3) * np.exp(-(x - pretrigger) / t1 / samplerate)
/users/9/li004628/urop/snolab/第三次/scripts/template_single_zip.py:309: RuntimeWarning: overflow encountered in multiply
  -((amp1 + amp2 + amp3) * np.exp(-(x - pretrigger) / t1 / samplerate)
/users/9/li004628/urop/snolab/第三次/scripts/template_single_zip.py:309: RuntimeWarning: overflow encountered in exp
  -((amp1 + amp2 + amp3) * np.exp(-(x - pretrigger) / t1 / samplerate)
/users/9/li004628/urop/snolab/第三次/scripts/template_single_zip.py:309: RuntimeWarning: overflow encountered in multiply
  -((amp1 + amp2 + amp3) * np.exp(-(x - pretrigger) / t1 / samplerate)
/users/9/li004628/urop/snolab/第三次/scripts/template_single_zip.py:309: RuntimeWarning: overflow encountered in exp
  -((amp1 + amp2 + amp3) * np.exp(-(x - pretrigger) / t1 / samplerate)
/users/9/li004628/urop/snolab/第三次/scripts/template_single_zip.py:309: RuntimeWarning: overflow encountered in multiply
  -((amp1 + amp2 + amp3) * np.exp(-(x - pretrigger) / t1 / samplerate)
/users/9/li004628/urop/snolab/第三次/scripts/template_single_zip.py:309: RuntimeWarning: overflow encountered in exp
  -((amp1 + amp2 + amp3) * np.exp(-(x - pretrigger) / t1 / samplerate)
/users/9/li004628/urop/snolab/第三次/scripts/template_single_zip.py:309: RuntimeWarning: overflow encountered in multiply
  -((amp1 + amp2 + amp3) * np.exp(-(x - pretrigger) / t1 / samplerate)
/users/9/li004628/urop/snolab/第三次/scripts/template_single_zip.py:309: RuntimeWarning: overflow encountered in exp
  -((amp1 + amp2 + amp3) * np.exp(-(x - pretrigger) / t1 / samplerate)
/users/9/li004628/urop/snolab/第三次/scripts/template_single_zip.py:309: RuntimeWarning: overflow encountered in multiply
  -((amp1 + amp2 + amp3) * np.exp(-(x - pretrigger) / t1 / samplerate)
/users/9/li004628/urop/snolab/第三次/scripts/template_single_zip.py:309: RuntimeWarning: overflow encountered in exp
  -((amp1 + amp2 + amp3) * np.exp(-(x - pretrigger) / t1 / samplerate)
/users/9/li004628/urop/snolab/第三次/scripts/template_single_zip.py:309: RuntimeWarning: overflow encountered in exp
  -((amp1 + amp2 + amp3) * np.exp(-(x - pretrigger) / t1 / samplerate)
/users/9/li004628/urop/snolab/第三次/scripts/template_single_zip.py:309: RuntimeWarning: overflow encountered in multiply
  -((amp1 + amp2 + amp3) * np.exp(-(x - pretrigger) / t1 / samplerate)
/users/9/li004628/urop/snolab/第三次/scripts/template_single_zip.py:309: RuntimeWarning: overflow encountered in exp
  -((amp1 + amp2 + amp3) * np.exp(-(x - pretrigger) / t1 / samplerate)
/users/9/li004628/urop/snolab/第三次/scripts/template_single_zip.py:309: RuntimeWarning: overflow encountered in multiply
  -((amp1 + amp2 + amp3) * np.exp(-(x - pretrigger) / t1 / samplerate)
/users/9/li004628/urop/snolab/第三次/scripts/template_single_zip.py:309: RuntimeWarning: overflow encountered in exp
  -((amp1 + amp2 + amp3) * np.exp(-(x - pretrigger) / t1 / samplerate)
/users/9/li004628/urop/snolab/第三次/scripts/template_single_zip.py:309: RuntimeWarning: overflow encountered in multiply
  -((amp1 + amp2 + amp3) * np.exp(-(x - pretrigger) / t1 / samplerate)
/users/9/li004628/urop/snolab/第三次/scripts/template_single_zip.py:309: RuntimeWarning: overflow encountered in exp
  -((amp1 + amp2 + amp3) * np.exp(-(x - pretrigger) / t1 / samplerate)
/users/9/li004628/urop/snolab/第三次/scripts/template_single_zip.py:309: RuntimeWarning: overflow encountered in multiply
  -((amp1 + amp2 + amp3) * np.exp(-(x - pretrigger) / t1 / samplerate)
  PBS1: 38 accepted, 51 rejected
/users/9/li004628/urop/snolab/第三次/scripts/template_single_zip.py:309: RuntimeWarning: overflow encountered in exp
  -((amp1 + amp2 + amp3) * np.exp(-(x - pretrigger) / t1 / samplerate)
/users/9/li004628/urop/snolab/第三次/scripts/template_single_zip.py:309: RuntimeWarning: overflow encountered in multiply
  -((amp1 + amp2 + amp3) * np.exp(-(x - pretrigger) / t1 / samplerate)
/users/9/li004628/urop/snolab/第三次/scripts/template_single_zip.py:309: RuntimeWarning: overflow encountered in exp
  -((amp1 + amp2 + amp3) * np.exp(-(x - pretrigger) / t1 / samplerate)
/users/9/li004628/urop/snolab/第三次/scripts/template_single_zip.py:309: RuntimeWarning: overflow encountered in multiply
  -((amp1 + amp2 + amp3) * np.exp(-(x - pretrigger) / t1 / samplerate)
/users/9/li004628/urop/snolab/第三次/scripts/template_single_zip.py:309: RuntimeWarning: overflow encountered in exp
  -((amp1 + amp2 + amp3) * np.exp(-(x - pretrigger) / t1 / samplerate)
/users/9/li004628/urop/snolab/第三次/scripts/template_single_zip.py:309: RuntimeWarning: overflow encountered in multiply
  -((amp1 + amp2 + amp3) * np.exp(-(x - pretrigger) / t1 / samplerate)
/users/9/li004628/urop/snolab/第三次/scripts/template_single_zip.py:309: RuntimeWarning: overflow encountered in exp
  -((amp1 + amp2 + amp3) * np.exp(-(x - pretrigger) / t1 / samplerate)
/users/9/li004628/urop/snolab/第三次/scripts/template_single_zip.py:309: RuntimeWarning: overflow encountered in multiply
  -((amp1 + amp2 + amp3) * np.exp(-(x - pretrigger) / t1 / samplerate)
/users/9/li004628/urop/snolab/第三次/scripts/template_single_zip.py:309: RuntimeWarning: overflow encountered in exp
  -((amp1 + amp2 + amp3) * np.exp(-(x - pretrigger) / t1 / samplerate)
/users/9/li004628/urop/snolab/第三次/scripts/template_single_zip.py:309: RuntimeWarning: overflow encountered in multiply
  -((amp1 + amp2 + amp3) * np.exp(-(x - pretrigger) / t1 / samplerate)
/users/9/li004628/urop/snolab/第三次/scripts/template_single_zip.py:309: RuntimeWarning: overflow encountered in exp
  -((amp1 + amp2 + amp3) * np.exp(-(x - pretrigger) / t1 / samplerate)
/users/9/li004628/urop/snolab/第三次/scripts/template_single_zip.py:309: RuntimeWarning: overflow encountered in multiply
  -((amp1 + amp2 + amp3) * np.exp(-(x - pretrigger) / t1 / samplerate)
/users/9/li004628/urop/snolab/第三次/scripts/template_single_zip.py:309: RuntimeWarning: overflow encountered in exp
  -((amp1 + amp2 + amp3) * np.exp(-(x - pretrigger) / t1 / samplerate)
/users/9/li004628/urop/snolab/第三次/scripts/template_single_zip.py:309: RuntimeWarning: overflow encountered in multiply
  -((amp1 + amp2 + amp3) * np.exp(-(x - pretrigger) / t1 / samplerate)
/users/9/li004628/urop/snolab/第三次/scripts/template_single_zip.py:309: RuntimeWarning: overflow encountered in exp
  -((amp1 + amp2 + amp3) * np.exp(-(x - pretrigger) / t1 / samplerate)
/users/9/li004628/urop/snolab/第三次/scripts/template_single_zip.py:309: RuntimeWarning: overflow encountered in multiply
  -((amp1 + amp2 + amp3) * np.exp(-(x - pretrigger) / t1 / samplerate)
/users/9/li004628/urop/snolab/第三次/scripts/template_single_zip.py:309: RuntimeWarning: overflow encountered in exp
  -((amp1 + amp2 + amp3) * np.exp(-(x - pretrigger) / t1 / samplerate)
/users/9/li004628/urop/snolab/第三次/scripts/template_single_zip.py:309: RuntimeWarning: overflow encountered in multiply
  -((amp1 + amp2 + amp3) * np.exp(-(x - pretrigger) / t1 / samplerate)
  PCS1: 25 accepted, 61 rejected
/users/9/li004628/urop/snolab/第三次/scripts/template_single_zip.py:309: RuntimeWarning: overflow encountered in exp
  -((amp1 + amp2 + amp3) * np.exp(-(x - pretrigger) / t1 / samplerate)
/users/9/li004628/urop/snolab/第三次/scripts/template_single_zip.py:309: RuntimeWarning: overflow encountered in multiply
  -((amp1 + amp2 + amp3) * np.exp(-(x - pretrigger) / t1 / samplerate)
/users/9/li004628/urop/snolab/第三次/scripts/template_single_zip.py:309: RuntimeWarning: overflow encountered in exp
  -((amp1 + amp2 + amp3) * np.exp(-(x - pretrigger) / t1 / samplerate)
/users/9/li004628/urop/snolab/第三次/scripts/template_single_zip.py:309: RuntimeWarning: overflow encountered in multiply
  -((amp1 + amp2 + amp3) * np.exp(-(x - pretrigger) / t1 / samplerate)
/users/9/li004628/urop/snolab/第三次/scripts/template_single_zip.py:309: RuntimeWarning: overflow encountered in exp
  -((amp1 + amp2 + amp3) * np.exp(-(x - pretrigger) / t1 / samplerate)
/users/9/li004628/urop/snolab/第三次/scripts/template_single_zip.py:309: RuntimeWarning: overflow encountered in multiply
  -((amp1 + amp2 + amp3) * np.exp(-(x - pretrigger) / t1 / samplerate)
/users/9/li004628/urop/snolab/第三次/scripts/template_single_zip.py:309: RuntimeWarning: overflow encountered in exp
  -((amp1 + amp2 + amp3) * np.exp(-(x - pretrigger) / t1 / samplerate)
/users/9/li004628/urop/snolab/第三次/scripts/template_single_zip.py:309: RuntimeWarning: overflow encountered in exp
  -((amp1 + amp2 + amp3) * np.exp(-(x - pretrigger) / t1 / samplerate)
/users/9/li004628/urop/snolab/第三次/scripts/template_single_zip.py:309: RuntimeWarning: overflow encountered in exp
  -((amp1 + amp2 + amp3) * np.exp(-(x - pretrigger) / t1 / samplerate)
/users/9/li004628/urop/snolab/第三次/scripts/template_single_zip.py:309: RuntimeWarning: overflow encountered in multiply
  -((amp1 + amp2 + amp3) * np.exp(-(x - pretrigger) / t1 / samplerate)
/users/9/li004628/urop/snolab/第三次/scripts/template_single_zip.py:309: RuntimeWarning: overflow encountered in exp
  -((amp1 + amp2 + amp3) * np.exp(-(x - pretrigger) / t1 / samplerate)
/users/9/li004628/urop/snolab/第三次/scripts/template_single_zip.py:309: RuntimeWarning: overflow encountered in multiply
  -((amp1 + amp2 + amp3) * np.exp(-(x - pretrigger) / t1 / samplerate)
/users/9/li004628/urop/snolab/第三次/scripts/template_single_zip.py:309: RuntimeWarning: overflow encountered in exp
  -((amp1 + amp2 + amp3) * np.exp(-(x - pretrigger) / t1 / samplerate)
/users/9/li004628/urop/snolab/第三次/scripts/template_single_zip.py:309: RuntimeWarning: overflow encountered in multiply
  -((amp1 + amp2 + amp3) * np.exp(-(x - pretrigger) / t1 / samplerate)
/users/9/li004628/urop/snolab/第三次/scripts/template_single_zip.py:309: RuntimeWarning: overflow encountered in exp
  -((amp1 + amp2 + amp3) * np.exp(-(x - pretrigger) / t1 / samplerate)
/users/9/li004628/urop/snolab/第三次/scripts/template_single_zip.py:309: RuntimeWarning: overflow encountered in multiply
  -((amp1 + amp2 + amp3) * np.exp(-(x - pretrigger) / t1 / samplerate)
/users/9/li004628/urop/snolab/第三次/scripts/template_single_zip.py:309: RuntimeWarning: overflow encountered in exp
  -((amp1 + amp2 + amp3) * np.exp(-(x - pretrigger) / t1 / samplerate)
/users/9/li004628/urop/snolab/第三次/scripts/template_single_zip.py:309: RuntimeWarning: overflow encountered in multiply
  -((amp1 + amp2 + amp3) * np.exp(-(x - pretrigger) / t1 / samplerate)
/users/9/li004628/urop/snolab/第三次/scripts/template_single_zip.py:309: RuntimeWarning: overflow encountered in exp
  -((amp1 + amp2 + amp3) * np.exp(-(x - pretrigger) / t1 / samplerate)
/users/9/li004628/urop/snolab/第三次/scripts/template_single_zip.py:309: RuntimeWarning: overflow encountered in multiply
  -((amp1 + amp2 + amp3) * np.exp(-(x - pretrigger) / t1 / samplerate)
/users/9/li004628/urop/snolab/第三次/scripts/template_single_zip.py:309: RuntimeWarning: overflow encountered in exp
  -((amp1 + amp2 + amp3) * np.exp(-(x - pretrigger) / t1 / samplerate)
/users/9/li004628/urop/snolab/第三次/scripts/template_single_zip.py:309: RuntimeWarning: overflow encountered in multiply
  -((amp1 + amp2 + amp3) * np.exp(-(x - pretrigger) / t1 / samplerate)
/users/9/li004628/urop/snolab/第三次/scripts/template_single_zip.py:309: RuntimeWarning: overflow encountered in exp
  -((amp1 + amp2 + amp3) * np.exp(-(x - pretrigger) / t1 / samplerate)
/users/9/li004628/urop/snolab/第三次/scripts/template_single_zip.py:309: RuntimeWarning: overflow encountered in multiply
  -((amp1 + amp2 + amp3) * np.exp(-(x - pretrigger) / t1 / samplerate)
/users/9/li004628/urop/snolab/第三次/scripts/template_single_zip.py:309: RuntimeWarning: overflow encountered in exp
  -((amp1 + amp2 + amp3) * np.exp(-(x - pretrigger) / t1 / samplerate)
/users/9/li004628/urop/snolab/第三次/scripts/template_single_zip.py:309: RuntimeWarning: overflow encountered in multiply
  -((amp1 + amp2 + amp3) * np.exp(-(x - pretrigger) / t1 / samplerate)
/users/9/li004628/urop/snolab/第三次/scripts/template_single_zip.py:309: RuntimeWarning: overflow encountered in exp
  -((amp1 + amp2 + amp3) * np.exp(-(x - pretrigger) / t1 / samplerate)
/users/9/li004628/urop/snolab/第三次/scripts/template_single_zip.py:309: RuntimeWarning: overflow encountered in multiply
  -((amp1 + amp2 + amp3) * np.exp(-(x - pretrigger) / t1 / samplerate)
/users/9/li004628/urop/snolab/第三次/scripts/template_single_zip.py:309: RuntimeWarning: overflow encountered in exp
  -((amp1 + amp2 + amp3) * np.exp(-(x - pretrigger) / t1 / samplerate)
/users/9/li004628/urop/snolab/第三次/scripts/template_single_zip.py:309: RuntimeWarning: overflow encountered in multiply
  -((amp1 + amp2 + amp3) * np.exp(-(x - pretrigger) / t1 / samplerate)
/users/9/li004628/urop/snolab/第三次/scripts/template_single_zip.py:309: RuntimeWarning: overflow encountered in exp
  -((amp1 + amp2 + amp3) * np.exp(-(x - pretrigger) / t1 / samplerate)
/users/9/li004628/urop/snolab/第三次/scripts/template_single_zip.py:309: RuntimeWarning: overflow encountered in multiply
  -((amp1 + amp2 + amp3) * np.exp(-(x - pretrigger) / t1 / samplerate)
/users/9/li004628/urop/snolab/第三次/scripts/template_single_zip.py:309: RuntimeWarning: overflow encountered in exp
  -((amp1 + amp2 + amp3) * np.exp(-(x - pretrigger) / t1 / samplerate)
/users/9/li004628/urop/snolab/第三次/scripts/template_single_zip.py:309: RuntimeWarning: overflow encountered in multiply
  -((amp1 + amp2 + amp3) * np.exp(-(x - pretrigger) / t1 / samplerate)
/users/9/li004628/urop/snolab/第三次/scripts/template_single_zip.py:309: RuntimeWarning: overflow encountered in exp
  -((amp1 + amp2 + amp3) * np.exp(-(x - pretrigger) / t1 / samplerate)
/users/9/li004628/urop/snolab/第三次/scripts/template_single_zip.py:309: RuntimeWarning: overflow encountered in multiply
  -((amp1 + amp2 + amp3) * np.exp(-(x - pretrigger) / t1 / samplerate)
/users/9/li004628/urop/snolab/第三次/scripts/template_single_zip.py:309: RuntimeWarning: overflow encountered in exp
  -((amp1 + amp2 + amp3) * np.exp(-(x - pretrigger) / t1 / samplerate)
/users/9/li004628/urop/snolab/第三次/scripts/template_single_zip.py:309: RuntimeWarning: overflow encountered in multiply
  -((amp1 + amp2 + amp3) * np.exp(-(x - pretrigger) / t1 / samplerate)
/users/9/li004628/urop/snolab/第三次/scripts/template_single_zip.py:309: RuntimeWarning: overflow encountered in exp
  -((amp1 + amp2 + amp3) * np.exp(-(x - pretrigger) / t1 / samplerate)
/users/9/li004628/urop/snolab/第三次/scripts/template_single_zip.py:309: RuntimeWarning: overflow encountered in multiply
  -((amp1 + amp2 + amp3) * np.exp(-(x - pretrigger) / t1 / samplerate)
  PES1: 48 accepted, 39 rejected
/users/9/li004628/urop/snolab/第三次/scripts/template_single_zip.py:309: RuntimeWarning: overflow encountered in exp
  -((amp1 + amp2 + amp3) * np.exp(-(x - pretrigger) / t1 / samplerate)
/users/9/li004628/urop/snolab/第三次/scripts/template_single_zip.py:309: RuntimeWarning: overflow encountered in exp
  -((amp1 + amp2 + amp3) * np.exp(-(x - pretrigger) / t1 / samplerate)
/users/9/li004628/urop/snolab/第三次/scripts/template_single_zip.py:309: RuntimeWarning: overflow encountered in multiply
  -((amp1 + amp2 + amp3) * np.exp(-(x - pretrigger) / t1 / samplerate)
/users/9/li004628/urop/snolab/第三次/scripts/template_single_zip.py:309: RuntimeWarning: overflow encountered in exp
  -((amp1 + amp2 + amp3) * np.exp(-(x - pretrigger) / t1 / samplerate)
/users/9/li004628/urop/snolab/第三次/scripts/template_single_zip.py:309: RuntimeWarning: overflow encountered in multiply
  -((amp1 + amp2 + amp3) * np.exp(-(x - pretrigger) / t1 / samplerate)
/users/9/li004628/urop/snolab/第三次/scripts/template_single_zip.py:309: RuntimeWarning: overflow encountered in exp
  -((amp1 + amp2 + amp3) * np.exp(-(x - pretrigger) / t1 / samplerate)
/users/9/li004628/urop/snolab/第三次/scripts/template_single_zip.py:309: RuntimeWarning: overflow encountered in multiply
  -((amp1 + amp2 + amp3) * np.exp(-(x - pretrigger) / t1 / samplerate)
/users/9/li004628/urop/snolab/第三次/scripts/template_single_zip.py:309: RuntimeWarning: overflow encountered in exp
  -((amp1 + amp2 + amp3) * np.exp(-(x - pretrigger) / t1 / samplerate)
/users/9/li004628/urop/snolab/第三次/scripts/template_single_zip.py:309: RuntimeWarning: overflow encountered in multiply
  -((amp1 + amp2 + amp3) * np.exp(-(x - pretrigger) / t1 / samplerate)
/users/9/li004628/urop/snolab/第三次/scripts/template_single_zip.py:309: RuntimeWarning: overflow encountered in exp
  -((amp1 + amp2 + amp3) * np.exp(-(x - pretrigger) / t1 / samplerate)
/users/9/li004628/urop/snolab/第三次/scripts/template_single_zip.py:309: RuntimeWarning: overflow encountered in multiply
  -((amp1 + amp2 + amp3) * np.exp(-(x - pretrigger) / t1 / samplerate)
/users/9/li004628/urop/snolab/第三次/scripts/template_single_zip.py:309: RuntimeWarning: overflow encountered in exp
  -((amp1 + amp2 + amp3) * np.exp(-(x - pretrigger) / t1 / samplerate)
/users/9/li004628/urop/snolab/第三次/scripts/template_single_zip.py:309: RuntimeWarning: overflow encountered in multiply
  -((amp1 + amp2 + amp3) * np.exp(-(x - pretrigger) / t1 / samplerate)
/users/9/li004628/urop/snolab/第三次/scripts/template_single_zip.py:309: RuntimeWarning: overflow encountered in exp
  -((amp1 + amp2 + amp3) * np.exp(-(x - pretrigger) / t1 / samplerate)
/users/9/li004628/urop/snolab/第三次/scripts/template_single_zip.py:309: RuntimeWarning: overflow encountered in multiply
  -((amp1 + amp2 + amp3) * np.exp(-(x - pretrigger) / t1 / samplerate)
/users/9/li004628/urop/snolab/第三次/scripts/template_single_zip.py:309: RuntimeWarning: overflow encountered in exp
  -((amp1 + amp2 + amp3) * np.exp(-(x - pretrigger) / t1 / samplerate)
/users/9/li004628/urop/snolab/第三次/scripts/template_single_zip.py:309: RuntimeWarning: overflow encountered in multiply
  -((amp1 + amp2 + amp3) * np.exp(-(x - pretrigger) / t1 / samplerate)
/users/9/li004628/urop/snolab/第三次/scripts/template_single_zip.py:309: RuntimeWarning: overflow encountered in exp
  -((amp1 + amp2 + amp3) * np.exp(-(x - pretrigger) / t1 / samplerate)
/users/9/li004628/urop/snolab/第三次/scripts/template_single_zip.py:309: RuntimeWarning: overflow encountered in multiply
  -((amp1 + amp2 + amp3) * np.exp(-(x - pretrigger) / t1 / samplerate)
/users/9/li004628/urop/snolab/第三次/scripts/template_single_zip.py:309: RuntimeWarning: overflow encountered in exp
  -((amp1 + amp2 + amp3) * np.exp(-(x - pretrigger) / t1 / samplerate)
/users/9/li004628/urop/snolab/第三次/scripts/template_single_zip.py:309: RuntimeWarning: overflow encountered in multiply
  -((amp1 + amp2 + amp3) * np.exp(-(x - pretrigger) / t1 / samplerate)
  PFS1: 14 accepted, 34 rejected
/users/9/li004628/urop/snolab/第三次/scripts/template_single_zip.py:309: RuntimeWarning: overflow encountered in exp
  -((amp1 + amp2 + amp3) * np.exp(-(x - pretrigger) / t1 / samplerate)
/users/9/li004628/urop/snolab/第三次/scripts/template_single_zip.py:309: RuntimeWarning: overflow encountered in multiply
  -((amp1 + amp2 + amp3) * np.exp(-(x - pretrigger) / t1 / samplerate)
/users/9/li004628/urop/snolab/第三次/scripts/template_single_zip.py:309: RuntimeWarning: overflow encountered in exp
  -((amp1 + amp2 + amp3) * np.exp(-(x - pretrigger) / t1 / samplerate)
/users/9/li004628/urop/snolab/第三次/scripts/template_single_zip.py:309: RuntimeWarning: overflow encountered in multiply
  -((amp1 + amp2 + amp3) * np.exp(-(x - pretrigger) / t1 / samplerate)
/users/9/li004628/urop/snolab/第三次/scripts/template_single_zip.py:309: RuntimeWarning: overflow encountered in exp
  -((amp1 + amp2 + amp3) * np.exp(-(x - pretrigger) / t1 / samplerate)
/users/9/li004628/urop/snolab/第三次/scripts/template_single_zip.py:309: RuntimeWarning: overflow encountered in multiply
  -((amp1 + amp2 + amp3) * np.exp(-(x - pretrigger) / t1 / samplerate)
/users/9/li004628/urop/snolab/第三次/scripts/template_single_zip.py:309: RuntimeWarning: overflow encountered in exp
  -((amp1 + amp2 + amp3) * np.exp(-(x - pretrigger) / t1 / samplerate)
/users/9/li004628/urop/snolab/第三次/scripts/template_single_zip.py:309: RuntimeWarning: overflow encountered in exp
  -((amp1 + amp2 + amp3) * np.exp(-(x - pretrigger) / t1 / samplerate)
/users/9/li004628/urop/snolab/第三次/scripts/template_single_zip.py:309: RuntimeWarning: overflow encountered in multiply
  -((amp1 + amp2 + amp3) * np.exp(-(x - pretrigger) / t1 / samplerate)
/users/9/li004628/urop/snolab/第三次/scripts/template_single_zip.py:309: RuntimeWarning: overflow encountered in exp
  -((amp1 + amp2 + amp3) * np.exp(-(x - pretrigger) / t1 / samplerate)
/users/9/li004628/urop/snolab/第三次/scripts/template_single_zip.py:309: RuntimeWarning: overflow encountered in multiply
  -((amp1 + amp2 + amp3) * np.exp(-(x - pretrigger) / t1 / samplerate)
/users/9/li004628/urop/snolab/第三次/scripts/template_single_zip.py:309: RuntimeWarning: overflow encountered in exp
  -((amp1 + amp2 + amp3) * np.exp(-(x - pretrigger) / t1 / samplerate)
/users/9/li004628/urop/snolab/第三次/scripts/template_single_zip.py:309: RuntimeWarning: overflow encountered in exp
  -((amp1 + amp2 + amp3) * np.exp(-(x - pretrigger) / t1 / samplerate)
/users/9/li004628/urop/snolab/第三次/scripts/template_single_zip.py:309: RuntimeWarning: overflow encountered in multiply
  -((amp1 + amp2 + amp3) * np.exp(-(x - pretrigger) / t1 / samplerate)
/users/9/li004628/urop/snolab/第三次/scripts/template_single_zip.py:309: RuntimeWarning: overflow encountered in exp
  -((amp1 + amp2 + amp3) * np.exp(-(x - pretrigger) / t1 / samplerate)
/users/9/li004628/urop/snolab/第三次/scripts/template_single_zip.py:309: RuntimeWarning: overflow encountered in multiply
  -((amp1 + amp2 + amp3) * np.exp(-(x - pretrigger) / t1 / samplerate)
/users/9/li004628/urop/snolab/第三次/scripts/template_single_zip.py:309: RuntimeWarning: overflow encountered in exp
  -((amp1 + amp2 + amp3) * np.exp(-(x - pretrigger) / t1 / samplerate)
/users/9/li004628/urop/snolab/第三次/scripts/template_single_zip.py:309: RuntimeWarning: overflow encountered in multiply
  -((amp1 + amp2 + amp3) * np.exp(-(x - pretrigger) / t1 / samplerate)
/users/9/li004628/urop/snolab/第三次/scripts/template_single_zip.py:309: RuntimeWarning: overflow encountered in exp
  -((amp1 + amp2 + amp3) * np.exp(-(x - pretrigger) / t1 / samplerate)
/users/9/li004628/urop/snolab/第三次/scripts/template_single_zip.py:309: RuntimeWarning: overflow encountered in multiply
  -((amp1 + amp2 + amp3) * np.exp(-(x - pretrigger) / t1 / samplerate)
/users/9/li004628/urop/snolab/第三次/scripts/template_single_zip.py:309: RuntimeWarning: overflow encountered in exp
  -((amp1 + amp2 + amp3) * np.exp(-(x - pretrigger) / t1 / samplerate)
/users/9/li004628/urop/snolab/第三次/scripts/template_single_zip.py:309: RuntimeWarning: overflow encountered in multiply
  -((amp1 + amp2 + amp3) * np.exp(-(x - pretrigger) / t1 / samplerate)
/users/9/li004628/urop/snolab/第三次/scripts/template_single_zip.py:309: RuntimeWarning: overflow encountered in exp
  -((amp1 + amp2 + amp3) * np.exp(-(x - pretrigger) / t1 / samplerate)
/users/9/li004628/urop/snolab/第三次/scripts/template_single_zip.py:309: RuntimeWarning: overflow encountered in multiply
  -((amp1 + amp2 + amp3) * np.exp(-(x - pretrigger) / t1 / samplerate)
/users/9/li004628/urop/snolab/第三次/scripts/template_single_zip.py:309: RuntimeWarning: overflow encountered in exp
  -((amp1 + amp2 + amp3) * np.exp(-(x - pretrigger) / t1 / samplerate)
/users/9/li004628/urop/snolab/第三次/scripts/template_single_zip.py:309: RuntimeWarning: overflow encountered in multiply
  -((amp1 + amp2 + amp3) * np.exp(-(x - pretrigger) / t1 / samplerate)
/users/9/li004628/urop/snolab/第三次/scripts/template_single_zip.py:309: RuntimeWarning: overflow encountered in exp
  -((amp1 + amp2 + amp3) * np.exp(-(x - pretrigger) / t1 / samplerate)
/users/9/li004628/urop/snolab/第三次/scripts/template_single_zip.py:309: RuntimeWarning: overflow encountered in multiply
  -((amp1 + amp2 + amp3) * np.exp(-(x - pretrigger) / t1 / samplerate)
/users/9/li004628/urop/snolab/第三次/scripts/template_single_zip.py:309: RuntimeWarning: overflow encountered in exp
  -((amp1 + amp2 + amp3) * np.exp(-(x - pretrigger) / t1 / samplerate)
/users/9/li004628/urop/snolab/第三次/scripts/template_single_zip.py:309: RuntimeWarning: overflow encountered in multiply
  -((amp1 + amp2 + amp3) * np.exp(-(x - pretrigger) / t1 / samplerate)
/users/9/li004628/urop/snolab/第三次/scripts/template_single_zip.py:309: RuntimeWarning: overflow encountered in exp
  -((amp1 + amp2 + amp3) * np.exp(-(x - pretrigger) / t1 / samplerate)
/users/9/li004628/urop/snolab/第三次/scripts/template_single_zip.py:309: RuntimeWarning: overflow encountered in multiply
  -((amp1 + amp2 + amp3) * np.exp(-(x - pretrigger) / t1 / samplerate)
/users/9/li004628/urop/snolab/第三次/scripts/template_single_zip.py:309: RuntimeWarning: overflow encountered in exp
  -((amp1 + amp2 + amp3) * np.exp(-(x - pretrigger) / t1 / samplerate)
/users/9/li004628/urop/snolab/第三次/scripts/template_single_zip.py:309: RuntimeWarning: overflow encountered in multiply
  -((amp1 + amp2 + amp3) * np.exp(-(x - pretrigger) / t1 / samplerate)
/users/9/li004628/urop/snolab/第三次/scripts/template_single_zip.py:309: RuntimeWarning: overflow encountered in exp
  -((amp1 + amp2 + amp3) * np.exp(-(x - pretrigger) / t1 / samplerate)
/users/9/li004628/urop/snolab/第三次/scripts/template_single_zip.py:309: RuntimeWarning: overflow encountered in multiply
  -((amp1 + amp2 + amp3) * np.exp(-(x - pretrigger) / t1 / samplerate)
/users/9/li004628/urop/snolab/第三次/scripts/template_single_zip.py:309: RuntimeWarning: overflow encountered in exp
  -((amp1 + amp2 + amp3) * np.exp(-(x - pretrigger) / t1 / samplerate)
/users/9/li004628/urop/snolab/第三次/scripts/template_single_zip.py:309: RuntimeWarning: overflow encountered in multiply
  -((amp1 + amp2 + amp3) * np.exp(-(x - pretrigger) / t1 / samplerate)
  PAS2: 40 accepted, 53 rejected
/users/9/li004628/urop/snolab/第三次/scripts/template_single_zip.py:309: RuntimeWarning: overflow encountered in exp
  -((amp1 + amp2 + amp3) * np.exp(-(x - pretrigger) / t1 / samplerate)
/users/9/li004628/urop/snolab/第三次/scripts/template_single_zip.py:309: RuntimeWarning: overflow encountered in multiply
  -((amp1 + amp2 + amp3) * np.exp(-(x - pretrigger) / t1 / samplerate)
/users/9/li004628/urop/snolab/第三次/scripts/template_single_zip.py:309: RuntimeWarning: overflow encountered in exp
  -((amp1 + amp2 + amp3) * np.exp(-(x - pretrigger) / t1 / samplerate)
/users/9/li004628/urop/snolab/第三次/scripts/template_single_zip.py:309: RuntimeWarning: overflow encountered in multiply
  -((amp1 + amp2 + amp3) * np.exp(-(x - pretrigger) / t1 / samplerate)
/users/9/li004628/urop/snolab/第三次/scripts/template_single_zip.py:309: RuntimeWarning: overflow encountered in exp
  -((amp1 + amp2 + amp3) * np.exp(-(x - pretrigger) / t1 / samplerate)
/users/9/li004628/urop/snolab/第三次/scripts/template_single_zip.py:309: RuntimeWarning: overflow encountered in multiply
  -((amp1 + amp2 + amp3) * np.exp(-(x - pretrigger) / t1 / samplerate)
/users/9/li004628/urop/snolab/第三次/scripts/template_single_zip.py:309: RuntimeWarning: overflow encountered in exp
  -((amp1 + amp2 + amp3) * np.exp(-(x - pretrigger) / t1 / samplerate)
/users/9/li004628/urop/snolab/第三次/scripts/template_single_zip.py:309: RuntimeWarning: overflow encountered in multiply
  -((amp1 + amp2 + amp3) * np.exp(-(x - pretrigger) / t1 / samplerate)
/users/9/li004628/urop/snolab/第三次/scripts/template_single_zip.py:309: RuntimeWarning: overflow encountered in exp
  -((amp1 + amp2 + amp3) * np.exp(-(x - pretrigger) / t1 / samplerate)
/users/9/li004628/urop/snolab/第三次/scripts/template_single_zip.py:309: RuntimeWarning: overflow encountered in multiply
  -((amp1 + amp2 + amp3) * np.exp(-(x - pretrigger) / t1 / samplerate)
/users/9/li004628/urop/snolab/第三次/scripts/template_single_zip.py:309: RuntimeWarning: overflow encountered in exp
  -((amp1 + amp2 + amp3) * np.exp(-(x - pretrigger) / t1 / samplerate)
/users/9/li004628/urop/snolab/第三次/scripts/template_single_zip.py:309: RuntimeWarning: overflow encountered in multiply
  -((amp1 + amp2 + amp3) * np.exp(-(x - pretrigger) / t1 / samplerate)
/users/9/li004628/urop/snolab/第三次/scripts/template_single_zip.py:309: RuntimeWarning: overflow encountered in exp
  -((amp1 + amp2 + amp3) * np.exp(-(x - pretrigger) / t1 / samplerate)
  PCS2: 14 accepted, 33 rejected
/users/9/li004628/urop/snolab/第三次/scripts/template_single_zip.py:309: RuntimeWarning: overflow encountered in exp
  -((amp1 + amp2 + amp3) * np.exp(-(x - pretrigger) / t1 / samplerate)
/users/9/li004628/urop/snolab/第三次/scripts/template_single_zip.py:309: RuntimeWarning: overflow encountered in multiply
  -((amp1 + amp2 + amp3) * np.exp(-(x - pretrigger) / t1 / samplerate)
/users/9/li004628/urop/snolab/第三次/scripts/template_single_zip.py:309: RuntimeWarning: overflow encountered in exp
  -((amp1 + amp2 + amp3) * np.exp(-(x - pretrigger) / t1 / samplerate)
/users/9/li004628/urop/snolab/第三次/scripts/template_single_zip.py:309: RuntimeWarning: overflow encountered in multiply
  -((amp1 + amp2 + amp3) * np.exp(-(x - pretrigger) / t1 / samplerate)
/users/9/li004628/urop/snolab/第三次/scripts/template_single_zip.py:309: RuntimeWarning: overflow encountered in exp
  -((amp1 + amp2 + amp3) * np.exp(-(x - pretrigger) / t1 / samplerate)
/users/9/li004628/urop/snolab/第三次/scripts/template_single_zip.py:309: RuntimeWarning: overflow encountered in multiply
  -((amp1 + amp2 + amp3) * np.exp(-(x - pretrigger) / t1 / samplerate)
/users/9/li004628/urop/snolab/第三次/scripts/template_single_zip.py:309: RuntimeWarning: overflow encountered in exp
  -((amp1 + amp2 + amp3) * np.exp(-(x - pretrigger) / t1 / samplerate)
/users/9/li004628/urop/snolab/第三次/scripts/template_single_zip.py:309: RuntimeWarning: overflow encountered in multiply
  -((amp1 + amp2 + amp3) * np.exp(-(x - pretrigger) / t1 / samplerate)
/users/9/li004628/urop/snolab/第三次/scripts/template_single_zip.py:309: RuntimeWarning: overflow encountered in exp
  -((amp1 + amp2 + amp3) * np.exp(-(x - pretrigger) / t1 / samplerate)
/users/9/li004628/urop/snolab/第三次/scripts/template_single_zip.py:309: RuntimeWarning: overflow encountered in multiply
  -((amp1 + amp2 + amp3) * np.exp(-(x - pretrigger) / t1 / samplerate)
/users/9/li004628/urop/snolab/第三次/scripts/template_single_zip.py:309: RuntimeWarning: overflow encountered in exp
  -((amp1 + amp2 + amp3) * np.exp(-(x - pretrigger) / t1 / samplerate)
/users/9/li004628/urop/snolab/第三次/scripts/template_single_zip.py:309: RuntimeWarning: overflow encountered in multiply
  -((amp1 + amp2 + amp3) * np.exp(-(x - pretrigger) / t1 / samplerate)
/users/9/li004628/urop/snolab/第三次/scripts/template_single_zip.py:309: RuntimeWarning: overflow encountered in exp
  -((amp1 + amp2 + amp3) * np.exp(-(x - pretrigger) / t1 / samplerate)
/users/9/li004628/urop/snolab/第三次/scripts/template_single_zip.py:309: RuntimeWarning: overflow encountered in multiply
  -((amp1 + amp2 + amp3) * np.exp(-(x - pretrigger) / t1 / samplerate)
/users/9/li004628/urop/snolab/第三次/scripts/template_single_zip.py:309: RuntimeWarning: overflow encountered in exp
  -((amp1 + amp2 + amp3) * np.exp(-(x - pretrigger) / t1 / samplerate)
/users/9/li004628/urop/snolab/第三次/scripts/template_single_zip.py:309: RuntimeWarning: overflow encountered in multiply
  -((amp1 + amp2 + amp3) * np.exp(-(x - pretrigger) / t1 / samplerate)
/users/9/li004628/urop/snolab/第三次/scripts/template_single_zip.py:309: RuntimeWarning: overflow encountered in exp
  -((amp1 + amp2 + amp3) * np.exp(-(x - pretrigger) / t1 / samplerate)
/users/9/li004628/urop/snolab/第三次/scripts/template_single_zip.py:309: RuntimeWarning: overflow encountered in multiply
  -((amp1 + amp2 + amp3) * np.exp(-(x - pretrigger) / t1 / samplerate)
/users/9/li004628/urop/snolab/第三次/scripts/template_single_zip.py:309: RuntimeWarning: overflow encountered in exp
  -((amp1 + amp2 + amp3) * np.exp(-(x - pretrigger) / t1 / samplerate)
/users/9/li004628/urop/snolab/第三次/scripts/template_single_zip.py:309: RuntimeWarning: overflow encountered in multiply
  -((amp1 + amp2 + amp3) * np.exp(-(x - pretrigger) / t1 / samplerate)
/users/9/li004628/urop/snolab/第三次/scripts/template_single_zip.py:309: RuntimeWarning: overflow encountered in exp
  -((amp1 + amp2 + amp3) * np.exp(-(x - pretrigger) / t1 / samplerate)
/users/9/li004628/urop/snolab/第三次/scripts/template_single_zip.py:309: RuntimeWarning: overflow encountered in exp
  -((amp1 + amp2 + amp3) * np.exp(-(x - pretrigger) / t1 / samplerate)
/users/9/li004628/urop/snolab/第三次/scripts/template_single_zip.py:309: RuntimeWarning: overflow encountered in multiply
  -((amp1 + amp2 + amp3) * np.exp(-(x - pretrigger) / t1 / samplerate)
/users/9/li004628/urop/snolab/第三次/scripts/template_single_zip.py:309: RuntimeWarning: overflow encountered in exp
  -((amp1 + amp2 + amp3) * np.exp(-(x - pretrigger) / t1 / samplerate)
/users/9/li004628/urop/snolab/第三次/scripts/template_single_zip.py:309: RuntimeWarning: overflow encountered in multiply
  -((amp1 + amp2 + amp3) * np.exp(-(x - pretrigger) / t1 / samplerate)
  PDS2: 26 accepted, 52 rejected
/users/9/li004628/urop/snolab/第三次/scripts/template_single_zip.py:309: RuntimeWarning: overflow encountered in exp
  -((amp1 + amp2 + amp3) * np.exp(-(x - pretrigger) / t1 / samplerate)
/users/9/li004628/urop/snolab/第三次/scripts/template_single_zip.py:309: RuntimeWarning: overflow encountered in multiply
  -((amp1 + amp2 + amp3) * np.exp(-(x - pretrigger) / t1 / samplerate)
/users/9/li004628/urop/snolab/第三次/scripts/template_single_zip.py:309: RuntimeWarning: overflow encountered in exp
  -((amp1 + amp2 + amp3) * np.exp(-(x - pretrigger) / t1 / samplerate)
/users/9/li004628/urop/snolab/第三次/scripts/template_single_zip.py:309: RuntimeWarning: overflow encountered in exp
  -((amp1 + amp2 + amp3) * np.exp(-(x - pretrigger) / t1 / samplerate)
/users/9/li004628/urop/snolab/第三次/scripts/template_single_zip.py:309: RuntimeWarning: overflow encountered in multiply
  -((amp1 + amp2 + amp3) * np.exp(-(x - pretrigger) / t1 / samplerate)
/users/9/li004628/urop/snolab/第三次/scripts/template_single_zip.py:309: RuntimeWarning: overflow encountered in exp
  -((amp1 + amp2 + amp3) * np.exp(-(x - pretrigger) / t1 / samplerate)
/users/9/li004628/urop/snolab/第三次/scripts/template_single_zip.py:309: RuntimeWarning: overflow encountered in multiply
  -((amp1 + amp2 + amp3) * np.exp(-(x - pretrigger) / t1 / samplerate)
/users/9/li004628/urop/snolab/第三次/scripts/template_single_zip.py:309: RuntimeWarning: overflow encountered in exp
  -((amp1 + amp2 + amp3) * np.exp(-(x - pretrigger) / t1 / samplerate)
/users/9/li004628/urop/snolab/第三次/scripts/template_single_zip.py:309: RuntimeWarning: overflow encountered in multiply
  -((amp1 + amp2 + amp3) * np.exp(-(x - pretrigger) / t1 / samplerate)
/users/9/li004628/urop/snolab/第三次/scripts/template_single_zip.py:309: RuntimeWarning: overflow encountered in exp
  -((amp1 + amp2 + amp3) * np.exp(-(x - pretrigger) / t1 / samplerate)
/users/9/li004628/urop/snolab/第三次/scripts/template_single_zip.py:309: RuntimeWarning: overflow encountered in exp
  -((amp1 + amp2 + amp3) * np.exp(-(x - pretrigger) / t1 / samplerate)
/users/9/li004628/urop/snolab/第三次/scripts/template_single_zip.py:309: RuntimeWarning: overflow encountered in multiply
  -((amp1 + amp2 + amp3) * np.exp(-(x - pretrigger) / t1 / samplerate)
/users/9/li004628/urop/snolab/第三次/scripts/template_single_zip.py:309: RuntimeWarning: overflow encountered in exp
  -((amp1 + amp2 + amp3) * np.exp(-(x - pretrigger) / t1 / samplerate)
/users/9/li004628/urop/snolab/第三次/scripts/template_single_zip.py:309: RuntimeWarning: overflow encountered in multiply
  -((amp1 + amp2 + amp3) * np.exp(-(x - pretrigger) / t1 / samplerate)
/users/9/li004628/urop/snolab/第三次/scripts/template_single_zip.py:309: RuntimeWarning: overflow encountered in exp
  -((amp1 + amp2 + amp3) * np.exp(-(x - pretrigger) / t1 / samplerate)
/users/9/li004628/urop/snolab/第三次/scripts/template_single_zip.py:309: RuntimeWarning: overflow encountered in multiply
  -((amp1 + amp2 + amp3) * np.exp(-(x - pretrigger) / t1 / samplerate)
/users/9/li004628/urop/snolab/第三次/scripts/template_single_zip.py:309: RuntimeWarning: overflow encountered in exp
  -((amp1 + amp2 + amp3) * np.exp(-(x - pretrigger) / t1 / samplerate)
/users/9/li004628/urop/snolab/第三次/scripts/template_single_zip.py:309: RuntimeWarning: overflow encountered in multiply
  -((amp1 + amp2 + amp3) * np.exp(-(x - pretrigger) / t1 / samplerate)
/users/9/li004628/urop/snolab/第三次/scripts/template_single_zip.py:309: RuntimeWarning: overflow encountered in exp
  -((amp1 + amp2 + amp3) * np.exp(-(x - pretrigger) / t1 / samplerate)
/users/9/li004628/urop/snolab/第三次/scripts/template_single_zip.py:309: RuntimeWarning: overflow encountered in multiply
  -((amp1 + amp2 + amp3) * np.exp(-(x - pretrigger) / t1 / samplerate)
  PES2: 28 accepted, 59 rejected
Alignment plot saved: /users/9/li004628/urop/snolab/第三次/run/r4_v3_20260622/template_plots/nxm_alignment_zip1.png

PCA on 290 synthetic traces (5 components, full 32768-sample traces)
  PC0: 71.27% variance
  PC1: 22.28% variance
  PC2: 4.05% variance
  PC3: 1.20% variance
  PC4: 0.76% variance
PCA components plot saved: /users/9/li004628/urop/snolab/第三次/run/r4_v3_20260622/template_plots/nxm_pca_components_zip1.png
NxM templates (5 components × 9 channels) written to ROOT.

Done. Saved: /users/9/li004628/urop/snolab/第三次/run/r4_v3_20260622/root_files/Templates_SNOLAB_R4_zip1_1x1.root
