CDMS Software Version: V07-02-00
Found 9 series

=== Processing Zip4 ===
Zip4 channels (11): ['PAS1', 'PCS1', 'PDS1', 'PES1', 'PFS1', 'PAS2', 'PBS2', 'PCS2', 'PDS2', 'PES2', 'PFS2']

Zip4 — cut: 1.10e-06 < PTOFamps < 1.60e-06
  24260615_235328: 20 events selected
  24260616_011402: 16 events selected
  24260616_021845: 19 events selected
  24260616_032333: 1 events selected
  24260616_033235: 11 events selected
  24260616_045309: 11 events selected
  24260616_055753: 7 events selected
  24260616_063504: 12 events selected
  24260616_074337: 0 events selected
  → Zip4 total: 97 events
  WARNING: only 97 events — consider widening PTOF_RANGES[4]

Reading raw traces for Zip4...
INFO: Found 16 midas raw data files
  24260615_235328: 146 good channel-trace pairs
INFO: Found 13 midas raw data files
  24260616_011402: 120 good channel-trace pairs
INFO: Found 13 midas raw data files
  24260616_021845: 160 good channel-trace pairs
INFO: Found 2 midas raw data files
  24260616_032333: 6 good channel-trace pairs
INFO: Found 16 midas raw data files
  24260616_033235: 87 good channel-trace pairs
INFO: Found 13 midas raw data files
  24260616_045309: 91 good channel-trace pairs
INFO: Found 8 midas raw data files
  24260616_055753: 57 good channel-trace pairs
INFO: Found 14 midas raw data files
  24260616_063504: 97 good channel-trace pairs
  PAS1: 91 traces
  PCS1: 46 traces
  PDS1: 40 traces
  PES1: 70 traces
  PFS1: 39 traces
  PAS2: 93 traces
  PBS2: 91 traces
  PCS2: 50 traces
  PDS2: 58 traces
  PES2: 94 traces
  PFS2: 92 traces
  PF (Type 3): 14 per-event traces
Cache saved: /users/9/li004628/urop/snolab/第三次/run/r4_v3_20260622/cache/traces_cache_zip4.pkl
  PAS1: template from 91 traces
  PCS1: template from 46 traces
  PDS1: template from 40 traces
  PES1: template from 70 traces
  PFS1: template from 39 traces
  PAS2: template from 93 traces
  PBS2: template from 91 traces
  PCS2: template from 50 traces
  PDS2: template from 58 traces
  PES2: template from 94 traces
  PFS2: template from 92 traces
  PAS1: [4-exp] t1=0.079  t2=0.97  t3=0.94  t4=1.10 ms
  PCS1: [4-exp] t1=0.060  t2=0.22  t3=2.23  t4=2.21 ms
  PDS1: [4-exp] t1=0.051  t2=0.33  t3=1.44  t4=2.52 ms
  PES1: [4-exp] t1=0.054  t2=0.55  t3=0.08  t4=2.21 ms
  PFS1: [4-exp] t1=0.062  t2=1.87  t3=1.87  t4=1.87 ms
  PAS2: [4-exp] t1=0.078  t2=0.76  t3=0.78  t4=1.34 ms
  PBS2: [4-exp] t1=0.074  t2=1.23  t3=1.02  t4=1.03 ms
  PCS2: [4-exp] t1=0.063  t2=0.16  t3=1.64  t4=1.61 ms
  PDS2: [4-exp] t1=0.072  t2=0.25  t3=1.74  t4=1.74 ms
  PES2: [4-exp] t1=0.075  t2=0.98  t3=0.95  t4=1.01 ms
  PFS2: [4-exp] t1=0.079  t2=0.68  t3=1.24  t4=0.72 ms
PT [PF method, 14 events, 4-exp]: t1=0.065  t2=0.08  t3=0.85  t4=1.69 ms
  PAS1: written
  PBS1: skipped (no template)
  PCS1: written
  PDS1: written
  PES1: written
  PFS1: written
  PAS2: written
  PBS2: written
  PCS2: written
  PDS2: written
  PES2: written
  PFS2: written
  PT: written
  PS1: written
  PS2: written
Time constants saved: /users/9/li004628/urop/snolab/第三次/run/r4_v3_20260622/root_files/time_constants_zip4.json

── NxM per-event fitting (4-exp, window [13384:32768], synthetic full 32768-sample) ──
/users/9/li004628/urop/snolab/第三次/scripts/template_single_zip.py:309: RuntimeWarning: overflow encountered in exp
  -((amp1 + amp2 + amp3) * np.exp(-(x - pretrigger) / t1 / samplerate)
/users/9/li004628/urop/snolab/第三次/scripts/template_single_zip.py:309: RuntimeWarning: overflow encountered in multiply
  -((amp1 + amp2 + amp3) * np.exp(-(x - pretrigger) / t1 / samplerate)
/users/9/li004628/urop/snolab/第三次/scripts/template_single_zip.py:309: RuntimeWarning: overflow encountered in exp
  -((amp1 + amp2 + amp3) * np.exp(-(x - pretrigger) / t1 / samplerate)
/users/9/li004628/urop/snolab/第三次/scripts/template_single_zip.py:309: RuntimeWarning: overflow encountered in exp
  -((amp1 + amp2 + amp3) * np.exp(-(x - pretrigger) / t1 / samplerate)
/users/9/li004628/urop/snolab/第三次/scripts/template_single_zip.py:309: RuntimeWarning: overflow encountered in multiply
  -((amp1 + amp2 + amp3) * np.exp(-(x - pretrigger) / t1 / samplerate)
/users/9/li004628/urop/snolab/第三次/scripts/template_single_zip.py:309: RuntimeWarning: overflow encountered in exp
  -((amp1 + amp2 + amp3) * np.exp(-(x - pretrigger) / t1 / samplerate)
/users/9/li004628/urop/snolab/第三次/scripts/template_single_zip.py:309: RuntimeWarning: overflow encountered in multiply
  -((amp1 + amp2 + amp3) * np.exp(-(x - pretrigger) / t1 / samplerate)
/users/9/li004628/urop/snolab/第三次/scripts/template_single_zip.py:309: RuntimeWarning: overflow encountered in exp
  -((amp1 + amp2 + amp3) * np.exp(-(x - pretrigger) / t1 / samplerate)
/users/9/li004628/urop/snolab/第三次/scripts/template_single_zip.py:309: RuntimeWarning: overflow encountered in multiply
  -((amp1 + amp2 + amp3) * np.exp(-(x - pretrigger) / t1 / samplerate)
/users/9/li004628/urop/snolab/第三次/scripts/template_single_zip.py:309: RuntimeWarning: overflow encountered in exp
  -((amp1 + amp2 + amp3) * np.exp(-(x - pretrigger) / t1 / samplerate)
/users/9/li004628/urop/snolab/第三次/scripts/template_single_zip.py:309: RuntimeWarning: overflow encountered in multiply
  -((amp1 + amp2 + amp3) * np.exp(-(x - pretrigger) / t1 / samplerate)
/users/9/li004628/urop/snolab/第三次/scripts/template_single_zip.py:309: RuntimeWarning: overflow encountered in exp
  -((amp1 + amp2 + amp3) * np.exp(-(x - pretrigger) / t1 / samplerate)
/users/9/li004628/urop/snolab/第三次/scripts/template_single_zip.py:309: RuntimeWarning: overflow encountered in multiply
  -((amp1 + amp2 + amp3) * np.exp(-(x - pretrigger) / t1 / samplerate)
/users/9/li004628/urop/snolab/第三次/scripts/template_single_zip.py:309: RuntimeWarning: overflow encountered in exp
  -((amp1 + amp2 + amp3) * np.exp(-(x - pretrigger) / t1 / samplerate)
/users/9/li004628/urop/snolab/第三次/scripts/template_single_zip.py:309: RuntimeWarning: overflow encountered in multiply
  -((amp1 + amp2 + amp3) * np.exp(-(x - pretrigger) / t1 / samplerate)
/users/9/li004628/urop/snolab/第三次/scripts/template_single_zip.py:309: RuntimeWarning: overflow encountered in exp
  -((amp1 + amp2 + amp3) * np.exp(-(x - pretrigger) / t1 / samplerate)
/users/9/li004628/urop/snolab/第三次/scripts/template_single_zip.py:309: RuntimeWarning: overflow encountered in multiply
  -((amp1 + amp2 + amp3) * np.exp(-(x - pretrigger) / t1 / samplerate)
/users/9/li004628/urop/snolab/第三次/scripts/template_single_zip.py:309: RuntimeWarning: overflow encountered in exp
  -((amp1 + amp2 + amp3) * np.exp(-(x - pretrigger) / t1 / samplerate)
/users/9/li004628/urop/snolab/第三次/scripts/template_single_zip.py:309: RuntimeWarning: overflow encountered in multiply
  -((amp1 + amp2 + amp3) * np.exp(-(x - pretrigger) / t1 / samplerate)
/users/9/li004628/urop/snolab/第三次/scripts/template_single_zip.py:309: RuntimeWarning: overflow encountered in exp
  -((amp1 + amp2 + amp3) * np.exp(-(x - pretrigger) / t1 / samplerate)
/users/9/li004628/urop/snolab/第三次/scripts/template_single_zip.py:309: RuntimeWarning: overflow encountered in multiply
  -((amp1 + amp2 + amp3) * np.exp(-(x - pretrigger) / t1 / samplerate)
/users/9/li004628/urop/snolab/第三次/scripts/template_single_zip.py:309: RuntimeWarning: overflow encountered in exp
  -((amp1 + amp2 + amp3) * np.exp(-(x - pretrigger) / t1 / samplerate)
/users/9/li004628/urop/snolab/第三次/scripts/template_single_zip.py:309: RuntimeWarning: overflow encountered in multiply
  -((amp1 + amp2 + amp3) * np.exp(-(x - pretrigger) / t1 / samplerate)
/users/9/li004628/urop/snolab/第三次/scripts/template_single_zip.py:309: RuntimeWarning: overflow encountered in exp
  -((amp1 + amp2 + amp3) * np.exp(-(x - pretrigger) / t1 / samplerate)
/users/9/li004628/urop/snolab/第三次/scripts/template_single_zip.py:309: RuntimeWarning: overflow encountered in multiply
  -((amp1 + amp2 + amp3) * np.exp(-(x - pretrigger) / t1 / samplerate)
/users/9/li004628/urop/snolab/第三次/scripts/template_single_zip.py:309: RuntimeWarning: overflow encountered in exp
  -((amp1 + amp2 + amp3) * np.exp(-(x - pretrigger) / t1 / samplerate)
/users/9/li004628/urop/snolab/第三次/scripts/template_single_zip.py:309: RuntimeWarning: overflow encountered in multiply
  -((amp1 + amp2 + amp3) * np.exp(-(x - pretrigger) / t1 / samplerate)
/users/9/li004628/urop/snolab/第三次/scripts/template_single_zip.py:309: RuntimeWarning: overflow encountered in exp
  -((amp1 + amp2 + amp3) * np.exp(-(x - pretrigger) / t1 / samplerate)
/users/9/li004628/urop/snolab/第三次/scripts/template_single_zip.py:309: RuntimeWarning: overflow encountered in exp
  -((amp1 + amp2 + amp3) * np.exp(-(x - pretrigger) / t1 / samplerate)
/users/9/li004628/urop/snolab/第三次/scripts/template_single_zip.py:309: RuntimeWarning: overflow encountered in exp
  -((amp1 + amp2 + amp3) * np.exp(-(x - pretrigger) / t1 / samplerate)
/users/9/li004628/urop/snolab/第三次/scripts/template_single_zip.py:309: RuntimeWarning: overflow encountered in exp
  -((amp1 + amp2 + amp3) * np.exp(-(x - pretrigger) / t1 / samplerate)
/users/9/li004628/urop/snolab/第三次/scripts/template_single_zip.py:309: RuntimeWarning: overflow encountered in multiply
  -((amp1 + amp2 + amp3) * np.exp(-(x - pretrigger) / t1 / samplerate)
/users/9/li004628/urop/snolab/第三次/scripts/template_single_zip.py:309: RuntimeWarning: overflow encountered in exp
  -((amp1 + amp2 + amp3) * np.exp(-(x - pretrigger) / t1 / samplerate)
/users/9/li004628/urop/snolab/第三次/scripts/template_single_zip.py:309: RuntimeWarning: overflow encountered in multiply
  -((amp1 + amp2 + amp3) * np.exp(-(x - pretrigger) / t1 / samplerate)
/users/9/li004628/urop/snolab/第三次/scripts/template_single_zip.py:309: RuntimeWarning: overflow encountered in exp
  -((amp1 + amp2 + amp3) * np.exp(-(x - pretrigger) / t1 / samplerate)
/users/9/li004628/urop/snolab/第三次/scripts/template_single_zip.py:309: RuntimeWarning: overflow encountered in multiply
  -((amp1 + amp2 + amp3) * np.exp(-(x - pretrigger) / t1 / samplerate)
/users/9/li004628/urop/snolab/第三次/scripts/template_single_zip.py:309: RuntimeWarning: overflow encountered in exp
  -((amp1 + amp2 + amp3) * np.exp(-(x - pretrigger) / t1 / samplerate)
/users/9/li004628/urop/snolab/第三次/scripts/template_single_zip.py:309: RuntimeWarning: overflow encountered in multiply
  -((amp1 + amp2 + amp3) * np.exp(-(x - pretrigger) / t1 / samplerate)
/users/9/li004628/urop/snolab/第三次/scripts/template_single_zip.py:309: RuntimeWarning: overflow encountered in exp
  -((amp1 + amp2 + amp3) * np.exp(-(x - pretrigger) / t1 / samplerate)
/users/9/li004628/urop/snolab/第三次/scripts/template_single_zip.py:309: RuntimeWarning: overflow encountered in multiply
  -((amp1 + amp2 + amp3) * np.exp(-(x - pretrigger) / t1 / samplerate)
  PAS1: 53 accepted, 38 rejected
/users/9/li004628/urop/snolab/第三次/scripts/template_single_zip.py:309: RuntimeWarning: overflow encountered in exp
  -((amp1 + amp2 + amp3) * np.exp(-(x - pretrigger) / t1 / samplerate)
/users/9/li004628/urop/snolab/第三次/scripts/template_single_zip.py:309: RuntimeWarning: overflow encountered in exp
  -((amp1 + amp2 + amp3) * np.exp(-(x - pretrigger) / t1 / samplerate)
/users/9/li004628/urop/snolab/第三次/scripts/template_single_zip.py:309: RuntimeWarning: overflow encountered in exp
  -((amp1 + amp2 + amp3) * np.exp(-(x - pretrigger) / t1 / samplerate)
/users/9/li004628/urop/snolab/第三次/scripts/template_single_zip.py:309: RuntimeWarning: overflow encountered in multiply
  -((amp1 + amp2 + amp3) * np.exp(-(x - pretrigger) / t1 / samplerate)
  PCS1: 7 accepted, 39 rejected
/users/9/li004628/urop/snolab/第三次/scripts/template_single_zip.py:309: RuntimeWarning: overflow encountered in exp
  -((amp1 + amp2 + amp3) * np.exp(-(x - pretrigger) / t1 / samplerate)
/users/9/li004628/urop/snolab/第三次/scripts/template_single_zip.py:309: RuntimeWarning: overflow encountered in multiply
  -((amp1 + amp2 + amp3) * np.exp(-(x - pretrigger) / t1 / samplerate)
/users/9/li004628/urop/snolab/第三次/scripts/template_single_zip.py:309: RuntimeWarning: overflow encountered in exp
  -((amp1 + amp2 + amp3) * np.exp(-(x - pretrigger) / t1 / samplerate)
/users/9/li004628/urop/snolab/第三次/scripts/template_single_zip.py:309: RuntimeWarning: overflow encountered in exp
  -((amp1 + amp2 + amp3) * np.exp(-(x - pretrigger) / t1 / samplerate)
/users/9/li004628/urop/snolab/第三次/scripts/template_single_zip.py:309: RuntimeWarning: overflow encountered in multiply
  -((amp1 + amp2 + amp3) * np.exp(-(x - pretrigger) / t1 / samplerate)
/users/9/li004628/urop/snolab/第三次/scripts/template_single_zip.py:309: RuntimeWarning: overflow encountered in exp
  -((amp1 + amp2 + amp3) * np.exp(-(x - pretrigger) / t1 / samplerate)
/users/9/li004628/urop/snolab/第三次/scripts/template_single_zip.py:309: RuntimeWarning: overflow encountered in multiply
  -((amp1 + amp2 + amp3) * np.exp(-(x - pretrigger) / t1 / samplerate)
/users/9/li004628/urop/snolab/第三次/scripts/template_single_zip.py:309: RuntimeWarning: overflow encountered in exp
  -((amp1 + amp2 + amp3) * np.exp(-(x - pretrigger) / t1 / samplerate)
/users/9/li004628/urop/snolab/第三次/scripts/template_single_zip.py:309: RuntimeWarning: overflow encountered in multiply
  -((amp1 + amp2 + amp3) * np.exp(-(x - pretrigger) / t1 / samplerate)
/users/9/li004628/urop/snolab/第三次/scripts/template_single_zip.py:309: RuntimeWarning: overflow encountered in exp
  -((amp1 + amp2 + amp3) * np.exp(-(x - pretrigger) / t1 / samplerate)
/users/9/li004628/urop/snolab/第三次/scripts/template_single_zip.py:309: RuntimeWarning: overflow encountered in multiply
  -((amp1 + amp2 + amp3) * np.exp(-(x - pretrigger) / t1 / samplerate)
  PDS1: 9 accepted, 31 rejected
/users/9/li004628/urop/snolab/第三次/scripts/template_single_zip.py:309: RuntimeWarning: overflow encountered in exp
  -((amp1 + amp2 + amp3) * np.exp(-(x - pretrigger) / t1 / samplerate)
/users/9/li004628/urop/snolab/第三次/scripts/template_single_zip.py:309: RuntimeWarning: overflow encountered in multiply
  -((amp1 + amp2 + amp3) * np.exp(-(x - pretrigger) / t1 / samplerate)
/users/9/li004628/urop/snolab/第三次/scripts/template_single_zip.py:309: RuntimeWarning: overflow encountered in exp
  -((amp1 + amp2 + amp3) * np.exp(-(x - pretrigger) / t1 / samplerate)
/users/9/li004628/urop/snolab/第三次/scripts/template_single_zip.py:309: RuntimeWarning: overflow encountered in multiply
  -((amp1 + amp2 + amp3) * np.exp(-(x - pretrigger) / t1 / samplerate)
/users/9/li004628/urop/snolab/第三次/scripts/template_single_zip.py:309: RuntimeWarning: overflow encountered in exp
  -((amp1 + amp2 + amp3) * np.exp(-(x - pretrigger) / t1 / samplerate)
/users/9/li004628/urop/snolab/第三次/scripts/template_single_zip.py:309: RuntimeWarning: overflow encountered in multiply
  -((amp1 + amp2 + amp3) * np.exp(-(x - pretrigger) / t1 / samplerate)
/users/9/li004628/urop/snolab/第三次/scripts/template_single_zip.py:309: RuntimeWarning: overflow encountered in exp
  -((amp1 + amp2 + amp3) * np.exp(-(x - pretrigger) / t1 / samplerate)
/users/9/li004628/urop/snolab/第三次/scripts/template_single_zip.py:309: RuntimeWarning: overflow encountered in multiply
  -((amp1 + amp2 + amp3) * np.exp(-(x - pretrigger) / t1 / samplerate)
/users/9/li004628/urop/snolab/第三次/scripts/template_single_zip.py:309: RuntimeWarning: overflow encountered in exp
  -((amp1 + amp2 + amp3) * np.exp(-(x - pretrigger) / t1 / samplerate)
/users/9/li004628/urop/snolab/第三次/scripts/template_single_zip.py:309: RuntimeWarning: overflow encountered in multiply
  -((amp1 + amp2 + amp3) * np.exp(-(x - pretrigger) / t1 / samplerate)
/users/9/li004628/urop/snolab/第三次/scripts/template_single_zip.py:309: RuntimeWarning: overflow encountered in exp
  -((amp1 + amp2 + amp3) * np.exp(-(x - pretrigger) / t1 / samplerate)
/users/9/li004628/urop/snolab/第三次/scripts/template_single_zip.py:309: RuntimeWarning: overflow encountered in multiply
  -((amp1 + amp2 + amp3) * np.exp(-(x - pretrigger) / t1 / samplerate)
/users/9/li004628/urop/snolab/第三次/scripts/template_single_zip.py:309: RuntimeWarning: overflow encountered in exp
  -((amp1 + amp2 + amp3) * np.exp(-(x - pretrigger) / t1 / samplerate)
/users/9/li004628/urop/snolab/第三次/scripts/template_single_zip.py:309: RuntimeWarning: overflow encountered in multiply
  -((amp1 + amp2 + amp3) * np.exp(-(x - pretrigger) / t1 / samplerate)
/users/9/li004628/urop/snolab/第三次/scripts/template_single_zip.py:309: RuntimeWarning: overflow encountered in exp
  -((amp1 + amp2 + amp3) * np.exp(-(x - pretrigger) / t1 / samplerate)
/users/9/li004628/urop/snolab/第三次/scripts/template_single_zip.py:309: RuntimeWarning: overflow encountered in multiply
  -((amp1 + amp2 + amp3) * np.exp(-(x - pretrigger) / t1 / samplerate)
/users/9/li004628/urop/snolab/第三次/scripts/template_single_zip.py:309: RuntimeWarning: overflow encountered in exp
  -((amp1 + amp2 + amp3) * np.exp(-(x - pretrigger) / t1 / samplerate)
/users/9/li004628/urop/snolab/第三次/scripts/template_single_zip.py:309: RuntimeWarning: overflow encountered in multiply
  -((amp1 + amp2 + amp3) * np.exp(-(x - pretrigger) / t1 / samplerate)
/users/9/li004628/urop/snolab/第三次/scripts/template_single_zip.py:309: RuntimeWarning: overflow encountered in exp
  -((amp1 + amp2 + amp3) * np.exp(-(x - pretrigger) / t1 / samplerate)
/users/9/li004628/urop/snolab/第三次/scripts/template_single_zip.py:309: RuntimeWarning: overflow encountered in multiply
  -((amp1 + amp2 + amp3) * np.exp(-(x - pretrigger) / t1 / samplerate)
  PES1: 35 accepted, 35 rejected
/users/9/li004628/urop/snolab/第三次/scripts/template_single_zip.py:309: RuntimeWarning: overflow encountered in exp
  -((amp1 + amp2 + amp3) * np.exp(-(x - pretrigger) / t1 / samplerate)
/users/9/li004628/urop/snolab/第三次/scripts/template_single_zip.py:309: RuntimeWarning: overflow encountered in multiply
  -((amp1 + amp2 + amp3) * np.exp(-(x - pretrigger) / t1 / samplerate)
  PFS1: 1 accepted, 38 rejected
/users/9/li004628/urop/snolab/第三次/scripts/template_single_zip.py:309: RuntimeWarning: overflow encountered in exp
  -((amp1 + amp2 + amp3) * np.exp(-(x - pretrigger) / t1 / samplerate)
/users/9/li004628/urop/snolab/第三次/scripts/template_single_zip.py:309: RuntimeWarning: overflow encountered in multiply
  -((amp1 + amp2 + amp3) * np.exp(-(x - pretrigger) / t1 / samplerate)
/users/9/li004628/urop/snolab/第三次/scripts/template_single_zip.py:309: RuntimeWarning: overflow encountered in exp
  -((amp1 + amp2 + amp3) * np.exp(-(x - pretrigger) / t1 / samplerate)
/users/9/li004628/urop/snolab/第三次/scripts/template_single_zip.py:309: RuntimeWarning: overflow encountered in multiply
  -((amp1 + amp2 + amp3) * np.exp(-(x - pretrigger) / t1 / samplerate)
/users/9/li004628/urop/snolab/第三次/scripts/template_single_zip.py:309: RuntimeWarning: overflow encountered in exp
  -((amp1 + amp2 + amp3) * np.exp(-(x - pretrigger) / t1 / samplerate)
/users/9/li004628/urop/snolab/第三次/scripts/template_single_zip.py:309: RuntimeWarning: overflow encountered in exp
  -((amp1 + amp2 + amp3) * np.exp(-(x - pretrigger) / t1 / samplerate)
/users/9/li004628/urop/snolab/第三次/scripts/template_single_zip.py:309: RuntimeWarning: overflow encountered in exp
  -((amp1 + amp2 + amp3) * np.exp(-(x - pretrigger) / t1 / samplerate)
/users/9/li004628/urop/snolab/第三次/scripts/template_single_zip.py:309: RuntimeWarning: overflow encountered in exp
  -((amp1 + amp2 + amp3) * np.exp(-(x - pretrigger) / t1 / samplerate)
/users/9/li004628/urop/snolab/第三次/scripts/template_single_zip.py:309: RuntimeWarning: overflow encountered in exp
  -((amp1 + amp2 + amp3) * np.exp(-(x - pretrigger) / t1 / samplerate)
/users/9/li004628/urop/snolab/第三次/scripts/template_single_zip.py:309: RuntimeWarning: overflow encountered in exp
  -((amp1 + amp2 + amp3) * np.exp(-(x - pretrigger) / t1 / samplerate)
/users/9/li004628/urop/snolab/第三次/scripts/template_single_zip.py:309: RuntimeWarning: overflow encountered in multiply
  -((amp1 + amp2 + amp3) * np.exp(-(x - pretrigger) / t1 / samplerate)
/users/9/li004628/urop/snolab/第三次/scripts/template_single_zip.py:309: RuntimeWarning: overflow encountered in exp
  -((amp1 + amp2 + amp3) * np.exp(-(x - pretrigger) / t1 / samplerate)
/users/9/li004628/urop/snolab/第三次/scripts/template_single_zip.py:309: RuntimeWarning: overflow encountered in multiply
  -((amp1 + amp2 + amp3) * np.exp(-(x - pretrigger) / t1 / samplerate)
/users/9/li004628/urop/snolab/第三次/scripts/template_single_zip.py:309: RuntimeWarning: overflow encountered in exp
  -((amp1 + amp2 + amp3) * np.exp(-(x - pretrigger) / t1 / samplerate)
/users/9/li004628/urop/snolab/第三次/scripts/template_single_zip.py:309: RuntimeWarning: overflow encountered in multiply
  -((amp1 + amp2 + amp3) * np.exp(-(x - pretrigger) / t1 / samplerate)
/users/9/li004628/urop/snolab/第三次/scripts/template_single_zip.py:309: RuntimeWarning: overflow encountered in exp
  -((amp1 + amp2 + amp3) * np.exp(-(x - pretrigger) / t1 / samplerate)
/users/9/li004628/urop/snolab/第三次/scripts/template_single_zip.py:309: RuntimeWarning: overflow encountered in multiply
  -((amp1 + amp2 + amp3) * np.exp(-(x - pretrigger) / t1 / samplerate)
/users/9/li004628/urop/snolab/第三次/scripts/template_single_zip.py:309: RuntimeWarning: overflow encountered in exp
  -((amp1 + amp2 + amp3) * np.exp(-(x - pretrigger) / t1 / samplerate)
/users/9/li004628/urop/snolab/第三次/scripts/template_single_zip.py:309: RuntimeWarning: overflow encountered in multiply
  -((amp1 + amp2 + amp3) * np.exp(-(x - pretrigger) / t1 / samplerate)
/users/9/li004628/urop/snolab/第三次/scripts/template_single_zip.py:309: RuntimeWarning: overflow encountered in exp
  -((amp1 + amp2 + amp3) * np.exp(-(x - pretrigger) / t1 / samplerate)
/users/9/li004628/urop/snolab/第三次/scripts/template_single_zip.py:309: RuntimeWarning: overflow encountered in exp
  -((amp1 + amp2 + amp3) * np.exp(-(x - pretrigger) / t1 / samplerate)
/users/9/li004628/urop/snolab/第三次/scripts/template_single_zip.py:309: RuntimeWarning: overflow encountered in multiply
  -((amp1 + amp2 + amp3) * np.exp(-(x - pretrigger) / t1 / samplerate)
/users/9/li004628/urop/snolab/第三次/scripts/template_single_zip.py:309: RuntimeWarning: overflow encountered in exp
  -((amp1 + amp2 + amp3) * np.exp(-(x - pretrigger) / t1 / samplerate)
/users/9/li004628/urop/snolab/第三次/scripts/template_single_zip.py:309: RuntimeWarning: overflow encountered in exp
  -((amp1 + amp2 + amp3) * np.exp(-(x - pretrigger) / t1 / samplerate)
/users/9/li004628/urop/snolab/第三次/scripts/template_single_zip.py:309: RuntimeWarning: overflow encountered in exp
  -((amp1 + amp2 + amp3) * np.exp(-(x - pretrigger) / t1 / samplerate)
/users/9/li004628/urop/snolab/第三次/scripts/template_single_zip.py:309: RuntimeWarning: overflow encountered in multiply
  -((amp1 + amp2 + amp3) * np.exp(-(x - pretrigger) / t1 / samplerate)
/users/9/li004628/urop/snolab/第三次/scripts/template_single_zip.py:309: RuntimeWarning: overflow encountered in exp
  -((amp1 + amp2 + amp3) * np.exp(-(x - pretrigger) / t1 / samplerate)
/users/9/li004628/urop/snolab/第三次/scripts/template_single_zip.py:309: RuntimeWarning: overflow encountered in multiply
  -((amp1 + amp2 + amp3) * np.exp(-(x - pretrigger) / t1 / samplerate)
/users/9/li004628/urop/snolab/第三次/scripts/template_single_zip.py:309: RuntimeWarning: overflow encountered in exp
  -((amp1 + amp2 + amp3) * np.exp(-(x - pretrigger) / t1 / samplerate)
/users/9/li004628/urop/snolab/第三次/scripts/template_single_zip.py:309: RuntimeWarning: overflow encountered in exp
  -((amp1 + amp2 + amp3) * np.exp(-(x - pretrigger) / t1 / samplerate)
/users/9/li004628/urop/snolab/第三次/scripts/template_single_zip.py:309: RuntimeWarning: overflow encountered in multiply
  -((amp1 + amp2 + amp3) * np.exp(-(x - pretrigger) / t1 / samplerate)
/users/9/li004628/urop/snolab/第三次/scripts/template_single_zip.py:309: RuntimeWarning: overflow encountered in exp
  -((amp1 + amp2 + amp3) * np.exp(-(x - pretrigger) / t1 / samplerate)
/users/9/li004628/urop/snolab/第三次/scripts/template_single_zip.py:309: RuntimeWarning: overflow encountered in multiply
  -((amp1 + amp2 + amp3) * np.exp(-(x - pretrigger) / t1 / samplerate)
/users/9/li004628/urop/snolab/第三次/scripts/template_single_zip.py:309: RuntimeWarning: overflow encountered in exp
  -((amp1 + amp2 + amp3) * np.exp(-(x - pretrigger) / t1 / samplerate)
/users/9/li004628/urop/snolab/第三次/scripts/template_single_zip.py:309: RuntimeWarning: overflow encountered in multiply
  -((amp1 + amp2 + amp3) * np.exp(-(x - pretrigger) / t1 / samplerate)
/users/9/li004628/urop/snolab/第三次/scripts/template_single_zip.py:309: RuntimeWarning: overflow encountered in exp
  -((amp1 + amp2 + amp3) * np.exp(-(x - pretrigger) / t1 / samplerate)
/users/9/li004628/urop/snolab/第三次/scripts/template_single_zip.py:309: RuntimeWarning: overflow encountered in multiply
  -((amp1 + amp2 + amp3) * np.exp(-(x - pretrigger) / t1 / samplerate)
/users/9/li004628/urop/snolab/第三次/scripts/template_single_zip.py:309: RuntimeWarning: overflow encountered in exp
  -((amp1 + amp2 + amp3) * np.exp(-(x - pretrigger) / t1 / samplerate)
/users/9/li004628/urop/snolab/第三次/scripts/template_single_zip.py:309: RuntimeWarning: overflow encountered in multiply
  -((amp1 + amp2 + amp3) * np.exp(-(x - pretrigger) / t1 / samplerate)
/users/9/li004628/urop/snolab/第三次/scripts/template_single_zip.py:309: RuntimeWarning: overflow encountered in exp
  -((amp1 + amp2 + amp3) * np.exp(-(x - pretrigger) / t1 / samplerate)
/users/9/li004628/urop/snolab/第三次/scripts/template_single_zip.py:309: RuntimeWarning: overflow encountered in multiply
  -((amp1 + amp2 + amp3) * np.exp(-(x - pretrigger) / t1 / samplerate)
/users/9/li004628/urop/snolab/第三次/scripts/template_single_zip.py:309: RuntimeWarning: overflow encountered in exp
  -((amp1 + amp2 + amp3) * np.exp(-(x - pretrigger) / t1 / samplerate)
/users/9/li004628/urop/snolab/第三次/scripts/template_single_zip.py:309: RuntimeWarning: overflow encountered in multiply
  -((amp1 + amp2 + amp3) * np.exp(-(x - pretrigger) / t1 / samplerate)
/users/9/li004628/urop/snolab/第三次/scripts/template_single_zip.py:309: RuntimeWarning: overflow encountered in exp
  -((amp1 + amp2 + amp3) * np.exp(-(x - pretrigger) / t1 / samplerate)
/users/9/li004628/urop/snolab/第三次/scripts/template_single_zip.py:309: RuntimeWarning: overflow encountered in multiply
  -((amp1 + amp2 + amp3) * np.exp(-(x - pretrigger) / t1 / samplerate)
/users/9/li004628/urop/snolab/第三次/scripts/template_single_zip.py:309: RuntimeWarning: overflow encountered in exp
  -((amp1 + amp2 + amp3) * np.exp(-(x - pretrigger) / t1 / samplerate)
/users/9/li004628/urop/snolab/第三次/scripts/template_single_zip.py:309: RuntimeWarning: overflow encountered in multiply
  -((amp1 + amp2 + amp3) * np.exp(-(x - pretrigger) / t1 / samplerate)
/users/9/li004628/urop/snolab/第三次/scripts/template_single_zip.py:309: RuntimeWarning: overflow encountered in exp
  -((amp1 + amp2 + amp3) * np.exp(-(x - pretrigger) / t1 / samplerate)
/users/9/li004628/urop/snolab/第三次/scripts/template_single_zip.py:309: RuntimeWarning: overflow encountered in multiply
  -((amp1 + amp2 + amp3) * np.exp(-(x - pretrigger) / t1 / samplerate)
  PAS2: 58 accepted, 35 rejected
/users/9/li004628/urop/snolab/第三次/scripts/template_single_zip.py:309: RuntimeWarning: overflow encountered in exp
  -((amp1 + amp2 + amp3) * np.exp(-(x - pretrigger) / t1 / samplerate)
/users/9/li004628/urop/snolab/第三次/scripts/template_single_zip.py:309: RuntimeWarning: overflow encountered in multiply
  -((amp1 + amp2 + amp3) * np.exp(-(x - pretrigger) / t1 / samplerate)
/users/9/li004628/urop/snolab/第三次/scripts/template_single_zip.py:309: RuntimeWarning: overflow encountered in exp
  -((amp1 + amp2 + amp3) * np.exp(-(x - pretrigger) / t1 / samplerate)
/users/9/li004628/urop/snolab/第三次/scripts/template_single_zip.py:309: RuntimeWarning: overflow encountered in exp
  -((amp1 + amp2 + amp3) * np.exp(-(x - pretrigger) / t1 / samplerate)
/users/9/li004628/urop/snolab/第三次/scripts/template_single_zip.py:309: RuntimeWarning: overflow encountered in multiply
  -((amp1 + amp2 + amp3) * np.exp(-(x - pretrigger) / t1 / samplerate)
/users/9/li004628/urop/snolab/第三次/scripts/template_single_zip.py:309: RuntimeWarning: overflow encountered in exp
  -((amp1 + amp2 + amp3) * np.exp(-(x - pretrigger) / t1 / samplerate)
/users/9/li004628/urop/snolab/第三次/scripts/template_single_zip.py:309: RuntimeWarning: overflow encountered in multiply
  -((amp1 + amp2 + amp3) * np.exp(-(x - pretrigger) / t1 / samplerate)
/users/9/li004628/urop/snolab/第三次/scripts/template_single_zip.py:309: RuntimeWarning: overflow encountered in exp
  -((amp1 + amp2 + amp3) * np.exp(-(x - pretrigger) / t1 / samplerate)
/users/9/li004628/urop/snolab/第三次/scripts/template_single_zip.py:309: RuntimeWarning: overflow encountered in multiply
  -((amp1 + amp2 + amp3) * np.exp(-(x - pretrigger) / t1 / samplerate)
/users/9/li004628/urop/snolab/第三次/scripts/template_single_zip.py:309: RuntimeWarning: overflow encountered in exp
  -((amp1 + amp2 + amp3) * np.exp(-(x - pretrigger) / t1 / samplerate)
/users/9/li004628/urop/snolab/第三次/scripts/template_single_zip.py:309: RuntimeWarning: overflow encountered in multiply
  -((amp1 + amp2 + amp3) * np.exp(-(x - pretrigger) / t1 / samplerate)
/users/9/li004628/urop/snolab/第三次/scripts/template_single_zip.py:309: RuntimeWarning: overflow encountered in exp
  -((amp1 + amp2 + amp3) * np.exp(-(x - pretrigger) / t1 / samplerate)
/users/9/li004628/urop/snolab/第三次/scripts/template_single_zip.py:309: RuntimeWarning: overflow encountered in multiply
  -((amp1 + amp2 + amp3) * np.exp(-(x - pretrigger) / t1 / samplerate)
/users/9/li004628/urop/snolab/第三次/scripts/template_single_zip.py:309: RuntimeWarning: overflow encountered in exp
  -((amp1 + amp2 + amp3) * np.exp(-(x - pretrigger) / t1 / samplerate)
/users/9/li004628/urop/snolab/第三次/scripts/template_single_zip.py:309: RuntimeWarning: overflow encountered in multiply
  -((amp1 + amp2 + amp3) * np.exp(-(x - pretrigger) / t1 / samplerate)
/users/9/li004628/urop/snolab/第三次/scripts/template_single_zip.py:309: RuntimeWarning: overflow encountered in exp
  -((amp1 + amp2 + amp3) * np.exp(-(x - pretrigger) / t1 / samplerate)
/users/9/li004628/urop/snolab/第三次/scripts/template_single_zip.py:309: RuntimeWarning: overflow encountered in multiply
  -((amp1 + amp2 + amp3) * np.exp(-(x - pretrigger) / t1 / samplerate)
/users/9/li004628/urop/snolab/第三次/scripts/template_single_zip.py:309: RuntimeWarning: overflow encountered in exp
  -((amp1 + amp2 + amp3) * np.exp(-(x - pretrigger) / t1 / samplerate)
/users/9/li004628/urop/snolab/第三次/scripts/template_single_zip.py:309: RuntimeWarning: overflow encountered in multiply
  -((amp1 + amp2 + amp3) * np.exp(-(x - pretrigger) / t1 / samplerate)
/users/9/li004628/urop/snolab/第三次/scripts/template_single_zip.py:309: RuntimeWarning: overflow encountered in exp
  -((amp1 + amp2 + amp3) * np.exp(-(x - pretrigger) / t1 / samplerate)
/users/9/li004628/urop/snolab/第三次/scripts/template_single_zip.py:309: RuntimeWarning: overflow encountered in multiply
  -((amp1 + amp2 + amp3) * np.exp(-(x - pretrigger) / t1 / samplerate)
/users/9/li004628/urop/snolab/第三次/scripts/template_single_zip.py:309: RuntimeWarning: overflow encountered in exp
  -((amp1 + amp2 + amp3) * np.exp(-(x - pretrigger) / t1 / samplerate)
/users/9/li004628/urop/snolab/第三次/scripts/template_single_zip.py:309: RuntimeWarning: overflow encountered in multiply
  -((amp1 + amp2 + amp3) * np.exp(-(x - pretrigger) / t1 / samplerate)
/users/9/li004628/urop/snolab/第三次/scripts/template_single_zip.py:309: RuntimeWarning: overflow encountered in exp
  -((amp1 + amp2 + amp3) * np.exp(-(x - pretrigger) / t1 / samplerate)
/users/9/li004628/urop/snolab/第三次/scripts/template_single_zip.py:309: RuntimeWarning: overflow encountered in multiply
  -((amp1 + amp2 + amp3) * np.exp(-(x - pretrigger) / t1 / samplerate)
/users/9/li004628/urop/snolab/第三次/scripts/template_single_zip.py:309: RuntimeWarning: overflow encountered in exp
  -((amp1 + amp2 + amp3) * np.exp(-(x - pretrigger) / t1 / samplerate)
/users/9/li004628/urop/snolab/第三次/scripts/template_single_zip.py:309: RuntimeWarning: overflow encountered in multiply
  -((amp1 + amp2 + amp3) * np.exp(-(x - pretrigger) / t1 / samplerate)
/users/9/li004628/urop/snolab/第三次/scripts/template_single_zip.py:309: RuntimeWarning: overflow encountered in exp
  -((amp1 + amp2 + amp3) * np.exp(-(x - pretrigger) / t1 / samplerate)
/users/9/li004628/urop/snolab/第三次/scripts/template_single_zip.py:309: RuntimeWarning: overflow encountered in multiply
  -((amp1 + amp2 + amp3) * np.exp(-(x - pretrigger) / t1 / samplerate)
/users/9/li004628/urop/snolab/第三次/scripts/template_single_zip.py:309: RuntimeWarning: overflow encountered in exp
  -((amp1 + amp2 + amp3) * np.exp(-(x - pretrigger) / t1 / samplerate)
/users/9/li004628/urop/snolab/第三次/scripts/template_single_zip.py:309: RuntimeWarning: overflow encountered in multiply
  -((amp1 + amp2 + amp3) * np.exp(-(x - pretrigger) / t1 / samplerate)
/users/9/li004628/urop/snolab/第三次/scripts/template_single_zip.py:309: RuntimeWarning: overflow encountered in exp
  -((amp1 + amp2 + amp3) * np.exp(-(x - pretrigger) / t1 / samplerate)
/users/9/li004628/urop/snolab/第三次/scripts/template_single_zip.py:309: RuntimeWarning: overflow encountered in multiply
  -((amp1 + amp2 + amp3) * np.exp(-(x - pretrigger) / t1 / samplerate)
/users/9/li004628/urop/snolab/第三次/scripts/template_single_zip.py:309: RuntimeWarning: overflow encountered in exp
  -((amp1 + amp2 + amp3) * np.exp(-(x - pretrigger) / t1 / samplerate)
/users/9/li004628/urop/snolab/第三次/scripts/template_single_zip.py:309: RuntimeWarning: overflow encountered in multiply
  -((amp1 + amp2 + amp3) * np.exp(-(x - pretrigger) / t1 / samplerate)
/users/9/li004628/urop/snolab/第三次/scripts/template_single_zip.py:309: RuntimeWarning: overflow encountered in exp
  -((amp1 + amp2 + amp3) * np.exp(-(x - pretrigger) / t1 / samplerate)
/users/9/li004628/urop/snolab/第三次/scripts/template_single_zip.py:309: RuntimeWarning: overflow encountered in multiply
  -((amp1 + amp2 + amp3) * np.exp(-(x - pretrigger) / t1 / samplerate)
/users/9/li004628/urop/snolab/第三次/scripts/template_single_zip.py:309: RuntimeWarning: overflow encountered in exp
  -((amp1 + amp2 + amp3) * np.exp(-(x - pretrigger) / t1 / samplerate)
/users/9/li004628/urop/snolab/第三次/scripts/template_single_zip.py:309: RuntimeWarning: overflow encountered in multiply
  -((amp1 + amp2 + amp3) * np.exp(-(x - pretrigger) / t1 / samplerate)
/users/9/li004628/urop/snolab/第三次/scripts/template_single_zip.py:309: RuntimeWarning: overflow encountered in exp
  -((amp1 + amp2 + amp3) * np.exp(-(x - pretrigger) / t1 / samplerate)
/users/9/li004628/urop/snolab/第三次/scripts/template_single_zip.py:309: RuntimeWarning: overflow encountered in multiply
  -((amp1 + amp2 + amp3) * np.exp(-(x - pretrigger) / t1 / samplerate)
/users/9/li004628/urop/snolab/第三次/scripts/template_single_zip.py:309: RuntimeWarning: overflow encountered in exp
  -((amp1 + amp2 + amp3) * np.exp(-(x - pretrigger) / t1 / samplerate)
/users/9/li004628/urop/snolab/第三次/scripts/template_single_zip.py:309: RuntimeWarning: overflow encountered in multiply
  -((amp1 + amp2 + amp3) * np.exp(-(x - pretrigger) / t1 / samplerate)
  PBS2: 43 accepted, 48 rejected
/users/9/li004628/urop/snolab/第三次/scripts/template_single_zip.py:309: RuntimeWarning: overflow encountered in exp
  -((amp1 + amp2 + amp3) * np.exp(-(x - pretrigger) / t1 / samplerate)
/users/9/li004628/urop/snolab/第三次/scripts/template_single_zip.py:309: RuntimeWarning: overflow encountered in multiply
  -((amp1 + amp2 + amp3) * np.exp(-(x - pretrigger) / t1 / samplerate)
/users/9/li004628/urop/snolab/第三次/scripts/template_single_zip.py:309: RuntimeWarning: overflow encountered in exp
  -((amp1 + amp2 + amp3) * np.exp(-(x - pretrigger) / t1 / samplerate)
/users/9/li004628/urop/snolab/第三次/scripts/template_single_zip.py:309: RuntimeWarning: overflow encountered in multiply
  -((amp1 + amp2 + amp3) * np.exp(-(x - pretrigger) / t1 / samplerate)
/users/9/li004628/urop/snolab/第三次/scripts/template_single_zip.py:309: RuntimeWarning: overflow encountered in exp
  -((amp1 + amp2 + amp3) * np.exp(-(x - pretrigger) / t1 / samplerate)
/users/9/li004628/urop/snolab/第三次/scripts/template_single_zip.py:309: RuntimeWarning: overflow encountered in multiply
  -((amp1 + amp2 + amp3) * np.exp(-(x - pretrigger) / t1 / samplerate)
/users/9/li004628/urop/snolab/第三次/scripts/template_single_zip.py:309: RuntimeWarning: overflow encountered in exp
  -((amp1 + amp2 + amp3) * np.exp(-(x - pretrigger) / t1 / samplerate)
/users/9/li004628/urop/snolab/第三次/scripts/template_single_zip.py:309: RuntimeWarning: overflow encountered in multiply
  -((amp1 + amp2 + amp3) * np.exp(-(x - pretrigger) / t1 / samplerate)
  PCS2: 16 accepted, 34 rejected
/users/9/li004628/urop/snolab/第三次/scripts/template_single_zip.py:309: RuntimeWarning: overflow encountered in exp
  -((amp1 + amp2 + amp3) * np.exp(-(x - pretrigger) / t1 / samplerate)
/users/9/li004628/urop/snolab/第三次/scripts/template_single_zip.py:309: RuntimeWarning: overflow encountered in multiply
  -((amp1 + amp2 + amp3) * np.exp(-(x - pretrigger) / t1 / samplerate)
/users/9/li004628/urop/snolab/第三次/scripts/template_single_zip.py:309: RuntimeWarning: overflow encountered in exp
  -((amp1 + amp2 + amp3) * np.exp(-(x - pretrigger) / t1 / samplerate)
/users/9/li004628/urop/snolab/第三次/scripts/template_single_zip.py:309: RuntimeWarning: overflow encountered in multiply
  -((amp1 + amp2 + amp3) * np.exp(-(x - pretrigger) / t1 / samplerate)
/users/9/li004628/urop/snolab/第三次/scripts/template_single_zip.py:309: RuntimeWarning: overflow encountered in exp
  -((amp1 + amp2 + amp3) * np.exp(-(x - pretrigger) / t1 / samplerate)
/users/9/li004628/urop/snolab/第三次/scripts/template_single_zip.py:309: RuntimeWarning: overflow encountered in multiply
  -((amp1 + amp2 + amp3) * np.exp(-(x - pretrigger) / t1 / samplerate)
/users/9/li004628/urop/snolab/第三次/scripts/template_single_zip.py:309: RuntimeWarning: overflow encountered in exp
  -((amp1 + amp2 + amp3) * np.exp(-(x - pretrigger) / t1 / samplerate)
/users/9/li004628/urop/snolab/第三次/scripts/template_single_zip.py:309: RuntimeWarning: overflow encountered in multiply
  -((amp1 + amp2 + amp3) * np.exp(-(x - pretrigger) / t1 / samplerate)
/users/9/li004628/urop/snolab/第三次/scripts/template_single_zip.py:309: RuntimeWarning: overflow encountered in exp
  -((amp1 + amp2 + amp3) * np.exp(-(x - pretrigger) / t1 / samplerate)
/users/9/li004628/urop/snolab/第三次/scripts/template_single_zip.py:309: RuntimeWarning: overflow encountered in multiply
  -((amp1 + amp2 + amp3) * np.exp(-(x - pretrigger) / t1 / samplerate)
/users/9/li004628/urop/snolab/第三次/scripts/template_single_zip.py:309: RuntimeWarning: overflow encountered in exp
  -((amp1 + amp2 + amp3) * np.exp(-(x - pretrigger) / t1 / samplerate)
/users/9/li004628/urop/snolab/第三次/scripts/template_single_zip.py:309: RuntimeWarning: overflow encountered in multiply
  -((amp1 + amp2 + amp3) * np.exp(-(x - pretrigger) / t1 / samplerate)
/users/9/li004628/urop/snolab/第三次/scripts/template_single_zip.py:309: RuntimeWarning: overflow encountered in exp
  -((amp1 + amp2 + amp3) * np.exp(-(x - pretrigger) / t1 / samplerate)
/users/9/li004628/urop/snolab/第三次/scripts/template_single_zip.py:309: RuntimeWarning: overflow encountered in multiply
  -((amp1 + amp2 + amp3) * np.exp(-(x - pretrigger) / t1 / samplerate)
/users/9/li004628/urop/snolab/第三次/scripts/template_single_zip.py:309: RuntimeWarning: overflow encountered in exp
  -((amp1 + amp2 + amp3) * np.exp(-(x - pretrigger) / t1 / samplerate)
/users/9/li004628/urop/snolab/第三次/scripts/template_single_zip.py:309: RuntimeWarning: overflow encountered in multiply
  -((amp1 + amp2 + amp3) * np.exp(-(x - pretrigger) / t1 / samplerate)
/users/9/li004628/urop/snolab/第三次/scripts/template_single_zip.py:309: RuntimeWarning: overflow encountered in exp
  -((amp1 + amp2 + amp3) * np.exp(-(x - pretrigger) / t1 / samplerate)
/users/9/li004628/urop/snolab/第三次/scripts/template_single_zip.py:309: RuntimeWarning: overflow encountered in multiply
  -((amp1 + amp2 + amp3) * np.exp(-(x - pretrigger) / t1 / samplerate)
/users/9/li004628/urop/snolab/第三次/scripts/template_single_zip.py:309: RuntimeWarning: overflow encountered in exp
  -((amp1 + amp2 + amp3) * np.exp(-(x - pretrigger) / t1 / samplerate)
/users/9/li004628/urop/snolab/第三次/scripts/template_single_zip.py:309: RuntimeWarning: overflow encountered in multiply
  -((amp1 + amp2 + amp3) * np.exp(-(x - pretrigger) / t1 / samplerate)
  PDS2: 24 accepted, 34 rejected
/users/9/li004628/urop/snolab/第三次/scripts/template_single_zip.py:309: RuntimeWarning: overflow encountered in exp
  -((amp1 + amp2 + amp3) * np.exp(-(x - pretrigger) / t1 / samplerate)
/users/9/li004628/urop/snolab/第三次/scripts/template_single_zip.py:309: RuntimeWarning: overflow encountered in multiply
  -((amp1 + amp2 + amp3) * np.exp(-(x - pretrigger) / t1 / samplerate)
/users/9/li004628/urop/snolab/第三次/scripts/template_single_zip.py:309: RuntimeWarning: overflow encountered in exp
  -((amp1 + amp2 + amp3) * np.exp(-(x - pretrigger) / t1 / samplerate)
/users/9/li004628/urop/snolab/第三次/scripts/template_single_zip.py:309: RuntimeWarning: overflow encountered in multiply
  -((amp1 + amp2 + amp3) * np.exp(-(x - pretrigger) / t1 / samplerate)
/users/9/li004628/urop/snolab/第三次/scripts/template_single_zip.py:309: RuntimeWarning: overflow encountered in exp
  -((amp1 + amp2 + amp3) * np.exp(-(x - pretrigger) / t1 / samplerate)
/users/9/li004628/urop/snolab/第三次/scripts/template_single_zip.py:309: RuntimeWarning: overflow encountered in exp
  -((amp1 + amp2 + amp3) * np.exp(-(x - pretrigger) / t1 / samplerate)
/users/9/li004628/urop/snolab/第三次/scripts/template_single_zip.py:309: RuntimeWarning: overflow encountered in multiply
  -((amp1 + amp2 + amp3) * np.exp(-(x - pretrigger) / t1 / samplerate)
/users/9/li004628/urop/snolab/第三次/scripts/template_single_zip.py:309: RuntimeWarning: overflow encountered in exp
  -((amp1 + amp2 + amp3) * np.exp(-(x - pretrigger) / t1 / samplerate)
/users/9/li004628/urop/snolab/第三次/scripts/template_single_zip.py:309: RuntimeWarning: overflow encountered in multiply
  -((amp1 + amp2 + amp3) * np.exp(-(x - pretrigger) / t1 / samplerate)
/users/9/li004628/urop/snolab/第三次/scripts/template_single_zip.py:309: RuntimeWarning: overflow encountered in exp
  -((amp1 + amp2 + amp3) * np.exp(-(x - pretrigger) / t1 / samplerate)
/users/9/li004628/urop/snolab/第三次/scripts/template_single_zip.py:309: RuntimeWarning: overflow encountered in multiply
  -((amp1 + amp2 + amp3) * np.exp(-(x - pretrigger) / t1 / samplerate)
/users/9/li004628/urop/snolab/第三次/scripts/template_single_zip.py:309: RuntimeWarning: overflow encountered in exp
  -((amp1 + amp2 + amp3) * np.exp(-(x - pretrigger) / t1 / samplerate)
/users/9/li004628/urop/snolab/第三次/scripts/template_single_zip.py:309: RuntimeWarning: overflow encountered in multiply
  -((amp1 + amp2 + amp3) * np.exp(-(x - pretrigger) / t1 / samplerate)
/users/9/li004628/urop/snolab/第三次/scripts/template_single_zip.py:309: RuntimeWarning: overflow encountered in exp
  -((amp1 + amp2 + amp3) * np.exp(-(x - pretrigger) / t1 / samplerate)
/users/9/li004628/urop/snolab/第三次/scripts/template_single_zip.py:309: RuntimeWarning: overflow encountered in exp
  -((amp1 + amp2 + amp3) * np.exp(-(x - pretrigger) / t1 / samplerate)
/users/9/li004628/urop/snolab/第三次/scripts/template_single_zip.py:309: RuntimeWarning: overflow encountered in exp
  -((amp1 + amp2 + amp3) * np.exp(-(x - pretrigger) / t1 / samplerate)
/users/9/li004628/urop/snolab/第三次/scripts/template_single_zip.py:309: RuntimeWarning: overflow encountered in exp
  -((amp1 + amp2 + amp3) * np.exp(-(x - pretrigger) / t1 / samplerate)
/users/9/li004628/urop/snolab/第三次/scripts/template_single_zip.py:309: RuntimeWarning: overflow encountered in multiply
  -((amp1 + amp2 + amp3) * np.exp(-(x - pretrigger) / t1 / samplerate)
  PES2: 57 accepted, 37 rejected
/users/9/li004628/urop/snolab/第三次/scripts/template_single_zip.py:309: RuntimeWarning: overflow encountered in exp
  -((amp1 + amp2 + amp3) * np.exp(-(x - pretrigger) / t1 / samplerate)
/users/9/li004628/urop/snolab/第三次/scripts/template_single_zip.py:309: RuntimeWarning: overflow encountered in multiply
  -((amp1 + amp2 + amp3) * np.exp(-(x - pretrigger) / t1 / samplerate)
/users/9/li004628/urop/snolab/第三次/scripts/template_single_zip.py:309: RuntimeWarning: overflow encountered in exp
  -((amp1 + amp2 + amp3) * np.exp(-(x - pretrigger) / t1 / samplerate)
/users/9/li004628/urop/snolab/第三次/scripts/template_single_zip.py:309: RuntimeWarning: overflow encountered in multiply
  -((amp1 + amp2 + amp3) * np.exp(-(x - pretrigger) / t1 / samplerate)
/users/9/li004628/urop/snolab/第三次/scripts/template_single_zip.py:309: RuntimeWarning: overflow encountered in exp
  -((amp1 + amp2 + amp3) * np.exp(-(x - pretrigger) / t1 / samplerate)
/users/9/li004628/urop/snolab/第三次/scripts/template_single_zip.py:309: RuntimeWarning: overflow encountered in multiply
  -((amp1 + amp2 + amp3) * np.exp(-(x - pretrigger) / t1 / samplerate)
/users/9/li004628/urop/snolab/第三次/scripts/template_single_zip.py:309: RuntimeWarning: overflow encountered in exp
  -((amp1 + amp2 + amp3) * np.exp(-(x - pretrigger) / t1 / samplerate)
/users/9/li004628/urop/snolab/第三次/scripts/template_single_zip.py:309: RuntimeWarning: overflow encountered in exp
  -((amp1 + amp2 + amp3) * np.exp(-(x - pretrigger) / t1 / samplerate)
/users/9/li004628/urop/snolab/第三次/scripts/template_single_zip.py:309: RuntimeWarning: overflow encountered in multiply
  -((amp1 + amp2 + amp3) * np.exp(-(x - pretrigger) / t1 / samplerate)
/users/9/li004628/urop/snolab/第三次/scripts/template_single_zip.py:309: RuntimeWarning: overflow encountered in exp
  -((amp1 + amp2 + amp3) * np.exp(-(x - pretrigger) / t1 / samplerate)
/users/9/li004628/urop/snolab/第三次/scripts/template_single_zip.py:309: RuntimeWarning: overflow encountered in multiply
  -((amp1 + amp2 + amp3) * np.exp(-(x - pretrigger) / t1 / samplerate)
/users/9/li004628/urop/snolab/第三次/scripts/template_single_zip.py:309: RuntimeWarning: overflow encountered in exp
  -((amp1 + amp2 + amp3) * np.exp(-(x - pretrigger) / t1 / samplerate)
/users/9/li004628/urop/snolab/第三次/scripts/template_single_zip.py:309: RuntimeWarning: overflow encountered in multiply
  -((amp1 + amp2 + amp3) * np.exp(-(x - pretrigger) / t1 / samplerate)
/users/9/li004628/urop/snolab/第三次/scripts/template_single_zip.py:309: RuntimeWarning: overflow encountered in exp
  -((amp1 + amp2 + amp3) * np.exp(-(x - pretrigger) / t1 / samplerate)
/users/9/li004628/urop/snolab/第三次/scripts/template_single_zip.py:309: RuntimeWarning: overflow encountered in multiply
  -((amp1 + amp2 + amp3) * np.exp(-(x - pretrigger) / t1 / samplerate)
/users/9/li004628/urop/snolab/第三次/scripts/template_single_zip.py:309: RuntimeWarning: overflow encountered in exp
  -((amp1 + amp2 + amp3) * np.exp(-(x - pretrigger) / t1 / samplerate)
/users/9/li004628/urop/snolab/第三次/scripts/template_single_zip.py:309: RuntimeWarning: overflow encountered in exp
  -((amp1 + amp2 + amp3) * np.exp(-(x - pretrigger) / t1 / samplerate)
/users/9/li004628/urop/snolab/第三次/scripts/template_single_zip.py:309: RuntimeWarning: overflow encountered in multiply
  -((amp1 + amp2 + amp3) * np.exp(-(x - pretrigger) / t1 / samplerate)
/users/9/li004628/urop/snolab/第三次/scripts/template_single_zip.py:309: RuntimeWarning: overflow encountered in exp
  -((amp1 + amp2 + amp3) * np.exp(-(x - pretrigger) / t1 / samplerate)
/users/9/li004628/urop/snolab/第三次/scripts/template_single_zip.py:309: RuntimeWarning: overflow encountered in multiply
  -((amp1 + amp2 + amp3) * np.exp(-(x - pretrigger) / t1 / samplerate)
/users/9/li004628/urop/snolab/第三次/scripts/template_single_zip.py:309: RuntimeWarning: overflow encountered in exp
  -((amp1 + amp2 + amp3) * np.exp(-(x - pretrigger) / t1 / samplerate)
/users/9/li004628/urop/snolab/第三次/scripts/template_single_zip.py:309: RuntimeWarning: overflow encountered in multiply
  -((amp1 + amp2 + amp3) * np.exp(-(x - pretrigger) / t1 / samplerate)
/users/9/li004628/urop/snolab/第三次/scripts/template_single_zip.py:309: RuntimeWarning: overflow encountered in exp
  -((amp1 + amp2 + amp3) * np.exp(-(x - pretrigger) / t1 / samplerate)
/users/9/li004628/urop/snolab/第三次/scripts/template_single_zip.py:309: RuntimeWarning: overflow encountered in multiply
  -((amp1 + amp2 + amp3) * np.exp(-(x - pretrigger) / t1 / samplerate)
/users/9/li004628/urop/snolab/第三次/scripts/template_single_zip.py:309: RuntimeWarning: overflow encountered in exp
  -((amp1 + amp2 + amp3) * np.exp(-(x - pretrigger) / t1 / samplerate)
/users/9/li004628/urop/snolab/第三次/scripts/template_single_zip.py:309: RuntimeWarning: overflow encountered in multiply
  -((amp1 + amp2 + amp3) * np.exp(-(x - pretrigger) / t1 / samplerate)
  PFS2: 68 accepted, 24 rejected
Alignment plot saved: /users/9/li004628/urop/snolab/第三次/run/r4_v3_20260622/template_plots/nxm_alignment_zip4.png

PCA on 371 synthetic traces (5 components, full 32768-sample traces)
  PC0: 73.92% variance
  PC1: 18.60% variance
  PC2: 4.31% variance
  PC3: 1.73% variance
  PC4: 0.83% variance
PCA components plot saved: /users/9/li004628/urop/snolab/第三次/run/r4_v3_20260622/template_plots/nxm_pca_components_zip4.png
NxM templates (5 components × 11 channels) written to ROOT.

Done. Saved: /users/9/li004628/urop/snolab/第三次/run/r4_v3_20260622/root_files/Templates_SNOLAB_R4_zip4_1x1.root
