
=== Zip1 ===
  Saved: template_plots/zip1_templates_1x1.png
  Saved: template_plots/zip1_templates_zoom.png
  Saved: template_plots/zip1_raw_traces.png

=== Zip4 ===
  Saved: template_plots/zip4_templates_1x1.png
  Saved: template_plots/zip4_templates_zoom.png
  Saved: template_plots/zip4_raw_traces.png

=== Zip6 ===
  Saved: template_plots/zip6_templates_1x1.png
  Saved: template_plots/zip6_templates_zoom.png
  Saved: template_plots/zip6_raw_traces.png

=== Zip7 ===
  Saved: template_plots/zip7_templates_1x1.png
  Saved: template_plots/zip7_templates_zoom.png
  Saved: template_plots/zip7_raw_traces.png

=== Zip10 ===
  Saved: template_plots/zip10_templates_1x1.png
  Saved: template_plots/zip10_templates_zoom.png
  Saved: template_plots/zip10_raw_traces.png

=== Zip15 ===
  Saved: template_plots/zip15_templates_1x1.png
  Saved: template_plots/zip15_templates_zoom.png
  Saved: template_plots/zip15_raw_traces.png

=== Zip16 ===
  Saved: template_plots/zip16_templates_1x1.png
  Saved: template_plots/zip16_templates_zoom.png
  Saved: template_plots/zip16_raw_traces.png

=== Zip18 ===
  Saved: template_plots/zip18_templates_1x1.png
  Saved: template_plots/zip18_templates_zoom.png
  Saved: template_plots/zip18_raw_traces.png

Saved summary: template_plots/all_zips_PT_comparison.png

Done. All plots in: /users/9/li004628/urop/snolab/template_plots
