/users/9/li004628/urop/snolab/template_single_zip.py:260: RuntimeWarning: overflow encountered in exp
  - amp1                * np.exp(-(x - pretrigger) / t2 / samplerate)
/users/9/li004628/urop/snolab/template_single_zip.py:260: RuntimeWarning: overflow encountered in exp
  - amp1                * np.exp(-(x - pretrigger) / t2 / samplerate)
/users/9/li004628/urop/snolab/template_single_zip.py:260: RuntimeWarning: overflow encountered in exp
  - amp1                * np.exp(-(x - pretrigger) / t2 / samplerate)
/users/9/li004628/urop/snolab/template_single_zip.py:260: RuntimeWarning: overflow encountered in exp
  - amp1                * np.exp(-(x - pretrigger) / t2 / samplerate)
/users/9/li004628/urop/snolab/template_single_zip.py:261: RuntimeWarning: overflow encountered in exp
  - amp2                * np.exp(-(x - pretrigger) / t3 / samplerate)
/users/9/li004628/urop/snolab/template_single_zip.py:261: RuntimeWarning: overflow encountered in exp
  - amp2                * np.exp(-(x - pretrigger) / t3 / samplerate)
/users/9/li004628/urop/snolab/template_single_zip.py:261: RuntimeWarning: overflow encountered in exp
  - amp2                * np.exp(-(x - pretrigger) / t3 / samplerate)
/users/9/li004628/urop/snolab/template_single_zip.py:260: RuntimeWarning: overflow encountered in exp
  - amp1                * np.exp(-(x - pretrigger) / t2 / samplerate)
/users/9/li004628/urop/snolab/template_single_zip.py:260: RuntimeWarning: overflow encountered in exp
  - amp1                * np.exp(-(x - pretrigger) / t2 / samplerate)
/users/9/li004628/urop/snolab/template_single_zip.py:260: RuntimeWarning: overflow encountered in exp
  - amp1                * np.exp(-(x - pretrigger) / t2 / samplerate)
/users/9/li004628/urop/snolab/template_single_zip.py:260: RuntimeWarning: overflow encountered in exp
  - amp1                * np.exp(-(x - pretrigger) / t2 / samplerate)
/users/9/li004628/urop/snolab/template_single_zip.py:261: RuntimeWarning: overflow encountered in exp
  - amp2                * np.exp(-(x - pretrigger) / t3 / samplerate)
/users/9/li004628/urop/snolab/template_single_zip.py:260: RuntimeWarning: overflow encountered in exp
  - amp1                * np.exp(-(x - pretrigger) / t2 / samplerate)
/users/9/li004628/urop/snolab/template_single_zip.py:261: RuntimeWarning: overflow encountered in exp
  - amp2                * np.exp(-(x - pretrigger) / t3 / samplerate)
/users/9/li004628/urop/snolab/template_single_zip.py:260: RuntimeWarning: overflow encountered in exp
  - amp1                * np.exp(-(x - pretrigger) / t2 / samplerate)
/users/9/li004628/urop/snolab/template_single_zip.py:261: RuntimeWarning: overflow encountered in exp
  - amp2                * np.exp(-(x - pretrigger) / t3 / samplerate)
/users/9/li004628/urop/snolab/template_single_zip.py:260: RuntimeWarning: overflow encountered in exp
  - amp1                * np.exp(-(x - pretrigger) / t2 / samplerate)
/users/9/li004628/urop/snolab/template_single_zip.py:260: RuntimeWarning: overflow encountered in exp
  - amp1                * np.exp(-(x - pretrigger) / t2 / samplerate)
/users/9/li004628/urop/snolab/template_single_zip.py:260: RuntimeWarning: overflow encountered in exp
  - amp1                * np.exp(-(x - pretrigger) / t2 / samplerate)
/users/9/li004628/urop/snolab/template_single_zip.py:260: RuntimeWarning: overflow encountered in exp
  - amp1                * np.exp(-(x - pretrigger) / t2 / samplerate)
/users/9/li004628/urop/snolab/template_single_zip.py:259: RuntimeWarning: overflow encountered in exp
  -((amp1 + amp2 + amp3) * np.exp(-(x - pretrigger) / t1 / samplerate)
/users/9/li004628/urop/snolab/template_single_zip.py:260: RuntimeWarning: overflow encountered in exp
  - amp1                * np.exp(-(x - pretrigger) / t2 / samplerate)
/users/9/li004628/urop/snolab/template_single_zip.py:261: RuntimeWarning: overflow encountered in exp
  - amp2                * np.exp(-(x - pretrigger) / t3 / samplerate)
/users/9/li004628/urop/snolab/template_single_zip.py:260: RuntimeWarning: overflow encountered in exp
  - amp1                * np.exp(-(x - pretrigger) / t2 / samplerate)
/users/9/li004628/urop/snolab/template_single_zip.py:261: RuntimeWarning: overflow encountered in exp
  - amp2                * np.exp(-(x - pretrigger) / t3 / samplerate)
/users/9/li004628/urop/snolab/template_single_zip.py:261: RuntimeWarning: overflow encountered in exp
  - amp2                * np.exp(-(x - pretrigger) / t3 / samplerate)
/users/9/li004628/urop/snolab/template_single_zip.py:261: RuntimeWarning: overflow encountered in exp
  - amp2                * np.exp(-(x - pretrigger) / t3 / samplerate)
/users/9/li004628/urop/snolab/template_single_zip.py:261: RuntimeWarning: overflow encountered in exp
  - amp2                * np.exp(-(x - pretrigger) / t3 / samplerate)
/users/9/li004628/urop/snolab/template_single_zip.py:259: RuntimeWarning: overflow encountered in exp
  -((amp1 + amp2 + amp3) * np.exp(-(x - pretrigger) / t1 / samplerate)
/users/9/li004628/urop/snolab/template_single_zip.py:259: RuntimeWarning: overflow encountered in exp
  -((amp1 + amp2 + amp3) * np.exp(-(x - pretrigger) / t1 / samplerate)
/users/9/li004628/urop/snolab/template_single_zip.py:260: RuntimeWarning: overflow encountered in exp
  - amp1                * np.exp(-(x - pretrigger) / t2 / samplerate)
/users/9/li004628/urop/snolab/template_single_zip.py:261: RuntimeWarning: overflow encountered in exp
  - amp2                * np.exp(-(x - pretrigger) / t3 / samplerate)
/users/9/li004628/urop/snolab/template_single_zip.py:261: RuntimeWarning: overflow encountered in exp
  - amp2                * np.exp(-(x - pretrigger) / t3 / samplerate)
/users/9/li004628/urop/snolab/template_single_zip.py:261: RuntimeWarning: overflow encountered in exp
  - amp2                * np.exp(-(x - pretrigger) / t3 / samplerate)
/users/9/li004628/urop/snolab/template_single_zip.py:260: RuntimeWarning: overflow encountered in exp
  - amp1                * np.exp(-(x - pretrigger) / t2 / samplerate)
/users/9/li004628/urop/snolab/template_single_zip.py:260: RuntimeWarning: overflow encountered in exp
  - amp1                * np.exp(-(x - pretrigger) / t2 / samplerate)
/users/9/li004628/urop/snolab/template_single_zip.py:260: RuntimeWarning: overflow encountered in exp
  - amp1                * np.exp(-(x - pretrigger) / t2 / samplerate)
/users/9/li004628/urop/snolab/template_single_zip.py:260: RuntimeWarning: overflow encountered in exp
  - amp1                * np.exp(-(x - pretrigger) / t2 / samplerate)
/users/9/li004628/urop/snolab/template_single_zip.py:260: RuntimeWarning: overflow encountered in exp
  - amp1                * np.exp(-(x - pretrigger) / t2 / samplerate)
/users/9/li004628/urop/snolab/template_single_zip.py:260: RuntimeWarning: overflow encountered in exp
  - amp1                * np.exp(-(x - pretrigger) / t2 / samplerate)
/users/9/li004628/urop/snolab/template_single_zip.py:260: RuntimeWarning: overflow encountered in exp
  - amp1                * np.exp(-(x - pretrigger) / t2 / samplerate)
/users/9/li004628/urop/snolab/template_single_zip.py:260: RuntimeWarning: overflow encountered in exp
  - amp1                * np.exp(-(x - pretrigger) / t2 / samplerate)
/users/9/li004628/urop/snolab/template_single_zip.py:260: RuntimeWarning: overflow encountered in exp
  - amp1                * np.exp(-(x - pretrigger) / t2 / samplerate)
/users/9/li004628/urop/snolab/template_single_zip.py:260: RuntimeWarning: overflow encountered in exp
  - amp1                * np.exp(-(x - pretrigger) / t2 / samplerate)
/users/9/li004628/urop/snolab/template_single_zip.py:260: RuntimeWarning: overflow encountered in exp
  - amp1                * np.exp(-(x - pretrigger) / t2 / samplerate)
/users/9/li004628/urop/snolab/template_single_zip.py:260: RuntimeWarning: overflow encountered in exp
  - amp1                * np.exp(-(x - pretrigger) / t2 / samplerate)
/users/9/li004628/urop/snolab/template_single_zip.py:260: RuntimeWarning: overflow encountered in exp
  - amp1                * np.exp(-(x - pretrigger) / t2 / samplerate)
/users/9/li004628/urop/snolab/template_single_zip.py:260: RuntimeWarning: overflow encountered in exp
  - amp1                * np.exp(-(x - pretrigger) / t2 / samplerate)
/users/9/li004628/urop/snolab/template_single_zip.py:260: RuntimeWarning: overflow encountered in exp
  - amp1                * np.exp(-(x - pretrigger) / t2 / samplerate)
/users/9/li004628/urop/snolab/template_single_zip.py:260: RuntimeWarning: overflow encountered in exp
  - amp1                * np.exp(-(x - pretrigger) / t2 / samplerate)
/users/9/li004628/urop/snolab/template_single_zip.py:260: RuntimeWarning: overflow encountered in exp
  - amp1                * np.exp(-(x - pretrigger) / t2 / samplerate)
/users/9/li004628/urop/snolab/template_single_zip.py:260: RuntimeWarning: overflow encountered in exp
  - amp1                * np.exp(-(x - pretrigger) / t2 / samplerate)
/users/9/li004628/urop/snolab/template_single_zip.py:260: RuntimeWarning: overflow encountered in exp
  - amp1                * np.exp(-(x - pretrigger) / t2 / samplerate)
/users/9/li004628/urop/snolab/template_single_zip.py:260: RuntimeWarning: overflow encountered in exp
  - amp1                * np.exp(-(x - pretrigger) / t2 / samplerate)
/users/9/li004628/urop/snolab/template_single_zip.py:260: RuntimeWarning: overflow encountered in exp
  - amp1                * np.exp(-(x - pretrigger) / t2 / samplerate)
/users/9/li004628/urop/snolab/template_single_zip.py:260: RuntimeWarning: overflow encountered in exp
  - amp1                * np.exp(-(x - pretrigger) / t2 / samplerate)
/users/9/li004628/urop/snolab/template_single_zip.py:260: RuntimeWarning: overflow encountered in exp
  - amp1                * np.exp(-(x - pretrigger) / t2 / samplerate)
/users/9/li004628/urop/snolab/template_single_zip.py:260: RuntimeWarning: overflow encountered in exp
  - amp1                * np.exp(-(x - pretrigger) / t2 / samplerate)
/users/9/li004628/urop/snolab/template_single_zip.py:260: RuntimeWarning: overflow encountered in exp
  - amp1                * np.exp(-(x - pretrigger) / t2 / samplerate)
/users/9/li004628/urop/snolab/template_single_zip.py:260: RuntimeWarning: overflow encountered in exp
  - amp1                * np.exp(-(x - pretrigger) / t2 / samplerate)
/users/9/li004628/urop/snolab/template_single_zip.py:260: RuntimeWarning: overflow encountered in exp
  - amp1                * np.exp(-(x - pretrigger) / t2 / samplerate)
/users/9/li004628/urop/snolab/template_single_zip.py:260: RuntimeWarning: overflow encountered in exp
  - amp1                * np.exp(-(x - pretrigger) / t2 / samplerate)
/users/9/li004628/urop/snolab/template_single_zip.py:260: RuntimeWarning: overflow encountered in exp
  - amp1                * np.exp(-(x - pretrigger) / t2 / samplerate)
/users/9/li004628/urop/snolab/template_single_zip.py:260: RuntimeWarning: overflow encountered in exp
  - amp1                * np.exp(-(x - pretrigger) / t2 / samplerate)
/users/9/li004628/urop/snolab/template_single_zip.py:260: RuntimeWarning: overflow encountered in exp
  - amp1                * np.exp(-(x - pretrigger) / t2 / samplerate)
/users/9/li004628/urop/snolab/template_single_zip.py:260: RuntimeWarning: overflow encountered in exp
  - amp1                * np.exp(-(x - pretrigger) / t2 / samplerate)
/users/9/li004628/urop/snolab/template_single_zip.py:260: RuntimeWarning: overflow encountered in exp
  - amp1                * np.exp(-(x - pretrigger) / t2 / samplerate)
/users/9/li004628/urop/snolab/template_single_zip.py:260: RuntimeWarning: overflow encountered in exp
  - amp1                * np.exp(-(x - pretrigger) / t2 / samplerate)
/users/9/li004628/urop/snolab/template_single_zip.py:260: RuntimeWarning: overflow encountered in exp
  - amp1                * np.exp(-(x - pretrigger) / t2 / samplerate)
/users/9/li004628/urop/snolab/template_single_zip.py:260: RuntimeWarning: overflow encountered in exp
  - amp1                * np.exp(-(x - pretrigger) / t2 / samplerate)
/users/9/li004628/urop/snolab/template_single_zip.py:260: RuntimeWarning: overflow encountered in exp
  - amp1                * np.exp(-(x - pretrigger) / t2 / samplerate)
/users/9/li004628/urop/snolab/template_single_zip.py:260: RuntimeWarning: overflow encountered in exp
  - amp1                * np.exp(-(x - pretrigger) / t2 / samplerate)
/users/9/li004628/urop/snolab/template_single_zip.py:260: RuntimeWarning: overflow encountered in exp
  - amp1                * np.exp(-(x - pretrigger) / t2 / samplerate)
/users/9/li004628/urop/snolab/template_single_zip.py:260: RuntimeWarning: overflow encountered in exp
  - amp1                * np.exp(-(x - pretrigger) / t2 / samplerate)
/users/9/li004628/urop/snolab/template_single_zip.py:260: RuntimeWarning: overflow encountered in exp
  - amp1                * np.exp(-(x - pretrigger) / t2 / samplerate)
/users/9/li004628/urop/snolab/template_single_zip.py:260: RuntimeWarning: overflow encountered in exp
  - amp1                * np.exp(-(x - pretrigger) / t2 / samplerate)
/users/9/li004628/urop/snolab/template_single_zip.py:260: RuntimeWarning: overflow encountered in exp
  - amp1                * np.exp(-(x - pretrigger) / t2 / samplerate)
/users/9/li004628/urop/snolab/template_single_zip.py:260: RuntimeWarning: overflow encountered in exp
  - amp1                * np.exp(-(x - pretrigger) / t2 / samplerate)
/users/9/li004628/urop/snolab/template_single_zip.py:260: RuntimeWarning: overflow encountered in exp
  - amp1                * np.exp(-(x - pretrigger) / t2 / samplerate)
/users/9/li004628/urop/snolab/template_single_zip.py:260: RuntimeWarning: overflow encountered in exp
  - amp1                * np.exp(-(x - pretrigger) / t2 / samplerate)
/users/9/li004628/urop/snolab/template_single_zip.py:260: RuntimeWarning: overflow encountered in exp
  - amp1                * np.exp(-(x - pretrigger) / t2 / samplerate)
/users/9/li004628/urop/snolab/template_single_zip.py:260: RuntimeWarning: overflow encountered in exp
  - amp1                * np.exp(-(x - pretrigger) / t2 / samplerate)
/users/9/li004628/urop/snolab/template_single_zip.py:260: RuntimeWarning: overflow encountered in exp
  - amp1                * np.exp(-(x - pretrigger) / t2 / samplerate)
/users/9/li004628/urop/snolab/template_single_zip.py:260: RuntimeWarning: overflow encountered in exp
  - amp1                * np.exp(-(x - pretrigger) / t2 / samplerate)
/users/9/li004628/urop/snolab/template_single_zip.py:260: RuntimeWarning: overflow encountered in exp
  - amp1                * np.exp(-(x - pretrigger) / t2 / samplerate)
/users/9/li004628/urop/snolab/template_single_zip.py:260: RuntimeWarning: overflow encountered in exp
  - amp1                * np.exp(-(x - pretrigger) / t2 / samplerate)
/users/9/li004628/urop/snolab/template_single_zip.py:260: RuntimeWarning: overflow encountered in exp
  - amp1                * np.exp(-(x - pretrigger) / t2 / samplerate)
/users/9/li004628/urop/snolab/template_single_zip.py:260: RuntimeWarning: overflow encountered in exp
  - amp1                * np.exp(-(x - pretrigger) / t2 / samplerate)
/users/9/li004628/urop/snolab/template_single_zip.py:260: RuntimeWarning: overflow encountered in exp
  - amp1                * np.exp(-(x - pretrigger) / t2 / samplerate)
/users/9/li004628/urop/snolab/template_single_zip.py:260: RuntimeWarning: overflow encountered in exp
  - amp1                * np.exp(-(x - pretrigger) / t2 / samplerate)
/users/9/li004628/urop/snolab/template_single_zip.py:260: RuntimeWarning: overflow encountered in exp
  - amp1                * np.exp(-(x - pretrigger) / t2 / samplerate)
/users/9/li004628/urop/snolab/template_single_zip.py:260: RuntimeWarning: overflow encountered in exp
  - amp1                * np.exp(-(x - pretrigger) / t2 / samplerate)
/users/9/li004628/urop/snolab/template_single_zip.py:260: RuntimeWarning: overflow encountered in exp
  - amp1                * np.exp(-(x - pretrigger) / t2 / samplerate)
/users/9/li004628/urop/snolab/template_single_zip.py:260: RuntimeWarning: overflow encountered in exp
  - amp1                * np.exp(-(x - pretrigger) / t2 / samplerate)
/users/9/li004628/urop/snolab/template_single_zip.py:260: RuntimeWarning: overflow encountered in exp
  - amp1                * np.exp(-(x - pretrigger) / t2 / samplerate)
/users/9/li004628/urop/snolab/template_single_zip.py:260: RuntimeWarning: overflow encountered in exp
  - amp1                * np.exp(-(x - pretrigger) / t2 / samplerate)
/users/9/li004628/urop/snolab/template_single_zip.py:260: RuntimeWarning: overflow encountered in exp
  - amp1                * np.exp(-(x - pretrigger) / t2 / samplerate)
/users/9/li004628/urop/snolab/template_single_zip.py:260: RuntimeWarning: overflow encountered in exp
  - amp1                * np.exp(-(x - pretrigger) / t2 / samplerate)
/users/9/li004628/urop/snolab/template_single_zip.py:260: RuntimeWarning: overflow encountered in exp
  - amp1                * np.exp(-(x - pretrigger) / t2 / samplerate)
/users/9/li004628/urop/snolab/template_single_zip.py:260: RuntimeWarning: overflow encountered in exp
  - amp1                * np.exp(-(x - pretrigger) / t2 / samplerate)
/users/9/li004628/urop/snolab/template_single_zip.py:260: RuntimeWarning: overflow encountered in exp
  - amp1                * np.exp(-(x - pretrigger) / t2 / samplerate)
/users/9/li004628/urop/snolab/template_single_zip.py:260: RuntimeWarning: overflow encountered in exp
  - amp1                * np.exp(-(x - pretrigger) / t2 / samplerate)
/users/9/li004628/urop/snolab/template_single_zip.py:260: RuntimeWarning: overflow encountered in exp
  - amp1                * np.exp(-(x - pretrigger) / t2 / samplerate)
/users/9/li004628/urop/snolab/template_single_zip.py:260: RuntimeWarning: overflow encountered in exp
  - amp1                * np.exp(-(x - pretrigger) / t2 / samplerate)
/users/9/li004628/urop/snolab/template_single_zip.py:260: RuntimeWarning: overflow encountered in exp
  - amp1                * np.exp(-(x - pretrigger) / t2 / samplerate)
/users/9/li004628/urop/snolab/template_single_zip.py:260: RuntimeWarning: overflow encountered in exp
  - amp1                * np.exp(-(x - pretrigger) / t2 / samplerate)
/users/9/li004628/urop/snolab/template_single_zip.py:260: RuntimeWarning: overflow encountered in exp
  - amp1                * np.exp(-(x - pretrigger) / t2 / samplerate)
/users/9/li004628/urop/snolab/template_single_zip.py:260: RuntimeWarning: overflow encountered in exp
  - amp1                * np.exp(-(x - pretrigger) / t2 / samplerate)
/users/9/li004628/urop/snolab/template_single_zip.py:260: RuntimeWarning: overflow encountered in exp
  - amp1                * np.exp(-(x - pretrigger) / t2 / samplerate)
/users/9/li004628/urop/snolab/template_single_zip.py:260: RuntimeWarning: overflow encountered in exp
  - amp1                * np.exp(-(x - pretrigger) / t2 / samplerate)
/users/9/li004628/urop/snolab/template_single_zip.py:260: RuntimeWarning: overflow encountered in exp
  - amp1                * np.exp(-(x - pretrigger) / t2 / samplerate)
/users/9/li004628/urop/snolab/template_single_zip.py:260: RuntimeWarning: overflow encountered in exp
  - amp1                * np.exp(-(x - pretrigger) / t2 / samplerate)
/users/9/li004628/urop/snolab/template_single_zip.py:260: RuntimeWarning: overflow encountered in exp
  - amp1                * np.exp(-(x - pretrigger) / t2 / samplerate)
/users/9/li004628/urop/snolab/template_single_zip.py:260: RuntimeWarning: overflow encountered in exp
  - amp1                * np.exp(-(x - pretrigger) / t2 / samplerate)
/users/9/li004628/urop/snolab/template_single_zip.py:260: RuntimeWarning: overflow encountered in exp
  - amp1                * np.exp(-(x - pretrigger) / t2 / samplerate)
/users/9/li004628/urop/snolab/template_single_zip.py:260: RuntimeWarning: overflow encountered in exp
  - amp1                * np.exp(-(x - pretrigger) / t2 / samplerate)
/users/9/li004628/urop/snolab/template_single_zip.py:260: RuntimeWarning: overflow encountered in exp
  - amp1                * np.exp(-(x - pretrigger) / t2 / samplerate)
/users/9/li004628/urop/snolab/template_single_zip.py:260: RuntimeWarning: overflow encountered in exp
  - amp1                * np.exp(-(x - pretrigger) / t2 / samplerate)
/users/9/li004628/urop/snolab/template_single_zip.py:260: RuntimeWarning: overflow encountered in exp
  - amp1                * np.exp(-(x - pretrigger) / t2 / samplerate)
/users/9/li004628/urop/snolab/template_single_zip.py:260: RuntimeWarning: overflow encountered in exp
  - amp1                * np.exp(-(x - pretrigger) / t2 / samplerate)
/users/9/li004628/urop/snolab/template_single_zip.py:260: RuntimeWarning: overflow encountered in exp
  - amp1                * np.exp(-(x - pretrigger) / t2 / samplerate)
/users/9/li004628/urop/snolab/template_single_zip.py:261: RuntimeWarning: overflow encountered in exp
  - amp2                * np.exp(-(x - pretrigger) / t3 / samplerate)
/users/9/li004628/urop/snolab/template_single_zip.py:261: RuntimeWarning: overflow encountered in exp
  - amp2                * np.exp(-(x - pretrigger) / t3 / samplerate)
/users/9/li004628/urop/snolab/template_single_zip.py:260: RuntimeWarning: overflow encountered in exp
  - amp1                * np.exp(-(x - pretrigger) / t2 / samplerate)
/users/9/li004628/urop/snolab/template_single_zip.py:260: RuntimeWarning: overflow encountered in exp
  - amp1                * np.exp(-(x - pretrigger) / t2 / samplerate)
/users/9/li004628/urop/snolab/template_single_zip.py:260: RuntimeWarning: overflow encountered in exp
  - amp1                * np.exp(-(x - pretrigger) / t2 / samplerate)
/users/9/li004628/urop/snolab/template_single_zip.py:259: RuntimeWarning: overflow encountered in exp
  -((amp1 + amp2 + amp3) * np.exp(-(x - pretrigger) / t1 / samplerate)
/users/9/li004628/urop/snolab/template_single_zip.py:261: RuntimeWarning: overflow encountered in exp
  - amp2                * np.exp(-(x - pretrigger) / t3 / samplerate)
/users/9/li004628/urop/snolab/template_single_zip.py:261: RuntimeWarning: overflow encountered in exp
  - amp2                * np.exp(-(x - pretrigger) / t3 / samplerate)
/users/9/li004628/urop/snolab/template_single_zip.py:261: RuntimeWarning: overflow encountered in exp
  - amp2                * np.exp(-(x - pretrigger) / t3 / samplerate)
/users/9/li004628/urop/snolab/template_single_zip.py:261: RuntimeWarning: overflow encountered in exp
  - amp2                * np.exp(-(x - pretrigger) / t3 / samplerate)
/users/9/li004628/urop/snolab/template_single_zip.py:261: RuntimeWarning: overflow encountered in exp
  - amp2                * np.exp(-(x - pretrigger) / t3 / samplerate)
/users/9/li004628/urop/snolab/template_single_zip.py:260: RuntimeWarning: overflow encountered in exp
  - amp1                * np.exp(-(x - pretrigger) / t2 / samplerate)
/users/9/li004628/urop/snolab/template_single_zip.py:260: RuntimeWarning: overflow encountered in exp
  - amp1                * np.exp(-(x - pretrigger) / t2 / samplerate)
/users/9/li004628/urop/snolab/template_single_zip.py:261: RuntimeWarning: overflow encountered in exp
  - amp2                * np.exp(-(x - pretrigger) / t3 / samplerate)
/users/9/li004628/urop/snolab/template_single_zip.py:261: RuntimeWarning: overflow encountered in exp
  - amp2                * np.exp(-(x - pretrigger) / t3 / samplerate)
/users/9/li004628/urop/snolab/template_single_zip.py:260: RuntimeWarning: overflow encountered in exp
  - amp1                * np.exp(-(x - pretrigger) / t2 / samplerate)
/users/9/li004628/urop/snolab/template_single_zip.py:261: RuntimeWarning: overflow encountered in exp
  - amp2                * np.exp(-(x - pretrigger) / t3 / samplerate)
/users/9/li004628/urop/snolab/template_single_zip.py:260: RuntimeWarning: overflow encountered in exp
  - amp1                * np.exp(-(x - pretrigger) / t2 / samplerate)
/users/9/li004628/urop/snolab/template_single_zip.py:260: RuntimeWarning: overflow encountered in exp
  - amp1                * np.exp(-(x - pretrigger) / t2 / samplerate)
/users/9/li004628/urop/snolab/template_single_zip.py:260: RuntimeWarning: overflow encountered in exp
  - amp1                * np.exp(-(x - pretrigger) / t2 / samplerate)
/users/9/li004628/urop/snolab/template_single_zip.py:260: RuntimeWarning: overflow encountered in multiply
  - amp1                * np.exp(-(x - pretrigger) / t2 / samplerate)
/users/9/li004628/urop/snolab/template_single_zip.py:261: RuntimeWarning: overflow encountered in exp
  - amp2                * np.exp(-(x - pretrigger) / t3 / samplerate)
/users/9/li004628/urop/snolab/template_single_zip.py:261: RuntimeWarning: overflow encountered in multiply
  - amp2                * np.exp(-(x - pretrigger) / t3 / samplerate)
/users/9/li004628/urop/snolab/template_single_zip.py:259: RuntimeWarning: invalid value encountered in subtract
  -((amp1 + amp2 + amp3) * np.exp(-(x - pretrigger) / t1 / samplerate)
/users/9/li004628/urop/snolab/template_single_zip.py:260: RuntimeWarning: overflow encountered in exp
  - amp1                * np.exp(-(x - pretrigger) / t2 / samplerate)
/users/9/li004628/urop/snolab/template_single_zip.py:260: RuntimeWarning: overflow encountered in exp
  - amp1                * np.exp(-(x - pretrigger) / t2 / samplerate)
/users/9/li004628/urop/snolab/template_single_zip.py:261: RuntimeWarning: overflow encountered in exp
  - amp2                * np.exp(-(x - pretrigger) / t3 / samplerate)
/users/9/li004628/urop/snolab/template_single_zip.py:261: RuntimeWarning: overflow encountered in exp
  - amp2                * np.exp(-(x - pretrigger) / t3 / samplerate)
/users/9/li004628/urop/snolab/template_single_zip.py:261: RuntimeWarning: overflow encountered in exp
  - amp2                * np.exp(-(x - pretrigger) / t3 / samplerate)
/users/9/li004628/urop/snolab/template_single_zip.py:260: RuntimeWarning: overflow encountered in exp
  - amp1                * np.exp(-(x - pretrigger) / t2 / samplerate)
/users/9/li004628/urop/snolab/template_single_zip.py:261: RuntimeWarning: overflow encountered in exp
  - amp2                * np.exp(-(x - pretrigger) / t3 / samplerate)
/users/9/li004628/urop/snolab/template_single_zip.py:261: RuntimeWarning: overflow encountered in exp
  - amp2                * np.exp(-(x - pretrigger) / t3 / samplerate)
/users/9/li004628/urop/snolab/template_single_zip.py:260: RuntimeWarning: overflow encountered in exp
  - amp1                * np.exp(-(x - pretrigger) / t2 / samplerate)
/users/9/li004628/urop/snolab/template_single_zip.py:261: RuntimeWarning: overflow encountered in exp
  - amp2                * np.exp(-(x - pretrigger) / t3 / samplerate)
/users/9/li004628/urop/snolab/template_single_zip.py:259: RuntimeWarning: overflow encountered in exp
  -((amp1 + amp2 + amp3) * np.exp(-(x - pretrigger) / t1 / samplerate)
/users/9/li004628/urop/snolab/template_single_zip.py:261: RuntimeWarning: overflow encountered in exp
  - amp2                * np.exp(-(x - pretrigger) / t3 / samplerate)
/users/9/li004628/urop/snolab/template_single_zip.py:260: RuntimeWarning: overflow encountered in exp
  - amp1                * np.exp(-(x - pretrigger) / t2 / samplerate)
/users/9/li004628/urop/snolab/template_single_zip.py:261: RuntimeWarning: overflow encountered in exp
  - amp2                * np.exp(-(x - pretrigger) / t3 / samplerate)
/users/9/li004628/urop/snolab/template_single_zip.py:260: RuntimeWarning: overflow encountered in exp
  - amp1                * np.exp(-(x - pretrigger) / t2 / samplerate)
/users/9/li004628/urop/snolab/template_single_zip.py:261: RuntimeWarning: overflow encountered in exp
  - amp2                * np.exp(-(x - pretrigger) / t3 / samplerate)
/users/9/li004628/urop/snolab/template_single_zip.py:260: RuntimeWarning: overflow encountered in exp
  - amp1                * np.exp(-(x - pretrigger) / t2 / samplerate)
/users/9/li004628/urop/snolab/template_single_zip.py:261: RuntimeWarning: overflow encountered in exp
  - amp2                * np.exp(-(x - pretrigger) / t3 / samplerate)
/users/9/li004628/urop/snolab/template_single_zip.py:261: RuntimeWarning: overflow encountered in exp
  - amp2                * np.exp(-(x - pretrigger) / t3 / samplerate)
/users/9/li004628/urop/snolab/template_single_zip.py:261: RuntimeWarning: overflow encountered in exp
  - amp2                * np.exp(-(x - pretrigger) / t3 / samplerate)
/users/9/li004628/urop/snolab/template_single_zip.py:261: RuntimeWarning: overflow encountered in exp
  - amp2                * np.exp(-(x - pretrigger) / t3 / samplerate)
/users/9/li004628/urop/snolab/template_single_zip.py:261: RuntimeWarning: overflow encountered in exp
  - amp2                * np.exp(-(x - pretrigger) / t3 / samplerate)
/users/9/li004628/urop/snolab/template_single_zip.py:261: RuntimeWarning: overflow encountered in exp
  - amp2                * np.exp(-(x - pretrigger) / t3 / samplerate)
/users/9/li004628/urop/snolab/template_single_zip.py:261: RuntimeWarning: overflow encountered in exp
  - amp2                * np.exp(-(x - pretrigger) / t3 / samplerate)
/users/9/li004628/urop/snolab/template_single_zip.py:261: RuntimeWarning: overflow encountered in exp
  - amp2                * np.exp(-(x - pretrigger) / t3 / samplerate)
/users/9/li004628/urop/snolab/template_single_zip.py:261: RuntimeWarning: overflow encountered in exp
  - amp2                * np.exp(-(x - pretrigger) / t3 / samplerate)
CDMS Software Version: V07-02-00
Found 9 series

=== Processing Zip1 ===
Zip1 channels (9): ['PAS1', 'PBS1', 'PCS1', 'PES1', 'PFS1', 'PAS2', 'PCS2', 'PDS2', 'PES2']

Zip1 — cut: 7.50e-07 < PTOFamps < 1.05e-06
  24260615_235328: 41 events selected
  24260616_011402: 8 events selected
  24260616_021845: 13 events selected
  24260616_032333: 0 events selected
  24260616_033235: 18 events selected
  24260616_045309: 8 events selected
  24260616_055753: 4 events selected
  24260616_063504: 9 events selected
  24260616_074337: 3 events selected
  → Zip1 total: 104 events

Reading raw traces for Zip1...
INFO: Found 16 midas raw data files
  24260615_235328: 369 good channel-trace pairs
INFO: Found 13 midas raw data files
  24260616_011402: 72 good channel-trace pairs
INFO: Found 13 midas raw data files
  24260616_021845: 117 good channel-trace pairs
INFO: Found 16 midas raw data files
  24260616_033235: 162 good channel-trace pairs
INFO: Found 13 midas raw data files
  24260616_045309: 72 good channel-trace pairs
INFO: Found 8 midas raw data files
  24260616_055753: 36 good channel-trace pairs
INFO: Found 14 midas raw data files
  24260616_063504: 81 good channel-trace pairs
INFO: Found 6 midas raw data files
  24260616_074337: 27 good channel-trace pairs
  PAS1: 104 traces
  PBS1: 104 traces
  PCS1: 104 traces
  PES1: 104 traces
  PFS1: 104 traces
  PAS2: 104 traces
  PCS2: 104 traces
  PDS2: 104 traces
  PES2: 104 traces
  PF (Type 3): 104 per-event traces
Cache saved: /users/9/li004628/urop/snolab/traces_cache_zip1.pkl
  PAS1: template from 104 traces
  PBS1: template from 104 traces
  PCS1: template from 104 traces
  PES1: template from 104 traces
  PFS1: template from 104 traces
  PAS2: template from 104 traces
  PCS2: template from 104 traces
  PDS2: template from 104 traces
  PES2: template from 104 traces
  PAS1: [4-exp] t1=0.076  t2=0.04  t3=0.04  t4=26.05 ms
  PBS1: [4-exp] t1=0.075  t2=0.04  t3=0.04  t4=12.89 ms
  PCS1: [4-exp] t1=0.080  t2=0.00  t3=0.08  t4=50.39 ms
  PES1: [4-exp] t1=0.076  t2=0.05  t3=0.05  t4=20.89 ms
  PFS1: [4-exp] t1=0.077  t2=0.05  t3=0.11  t4=15.89 ms
  PAS2: [4-exp] t1=0.076  t2=0.06  t3=0.07  t4=22.19 ms
  PCS2: [4-exp] t1=0.053  t2=0.07  t3=0.07  t4=32.08 ms
  PDS2: [4-exp] t1=0.079  t2=0.05  t3=0.07  t4=38.52 ms
  PES2: [4-exp] t1=0.076  t2=0.04  t3=0.03  t4=39.07 ms
PT [PF method, 104 events, 4-exp]: t1=0.065  t2=0.07  t3=0.06  t4=91.21 ms
  PAS1: written
  PBS1: written
  PCS1: written
  PDS1: skipped (no template)
  PES1: written
  PFS1: written
  PAS2: written
  PBS2: skipped (no template)
  PCS2: written
  PDS2: written
  PES2: written
  PFS2: skipped (no template)
  PT: written
  PS1: written
  PS2: written
  PAS1: 76 fitted + 26 raw = 102 training events
  PBS1: 55 fitted + 43 raw = 98 training events
  PCS1: 83 fitted + 12 raw = 95 training events
  PES1: 57 fitted + 33 raw = 90 training events
  PFS1: 46 fitted + 33 raw = 79 training events
  PAS2: 66 fitted + 29 raw = 95 training events
  PCS2: 35 fitted + 34 raw = 69 training events
  PDS2: 68 fitted + 25 raw = 93 training events
  PES2: 61 fitted + 34 raw = 95 training events
PCA on 816 synthetic traces (4 components)
  PC0: 50.08% variance
  PC1: 25.25% variance
  PC2: 8.11% variance
  PC3: 5.54% variance
NxM templates (4 components × 9 channels) written.

Done. Saved: /users/9/li004628/urop/snolab/Templates_SNOLAB_R4_zip1_1x1.root
