/users/9/li004628/urop/snolab/template_single_zip.py:259: RuntimeWarning: overflow encountered in exp
  -((amp1 + amp2 + amp3) * np.exp(-(x - pretrigger) / t1 / samplerate)
/users/9/li004628/urop/snolab/template_single_zip.py:262: RuntimeWarning: overflow encountered in exp
  - amp3                * np.exp(-(x - pretrigger) / t4 / samplerate)) + baseline
/users/9/li004628/urop/snolab/template_single_zip.py:259: RuntimeWarning: overflow encountered in exp
  -((amp1 + amp2 + amp3) * np.exp(-(x - pretrigger) / t1 / samplerate)
/users/9/li004628/urop/snolab/template_single_zip.py:261: RuntimeWarning: overflow encountered in exp
  - amp2                * np.exp(-(x - pretrigger) / t3 / samplerate)
/users/9/li004628/urop/snolab/template_single_zip.py:261: RuntimeWarning: overflow encountered in exp
  - amp2                * np.exp(-(x - pretrigger) / t3 / samplerate)
/users/9/li004628/urop/snolab/template_single_zip.py:262: RuntimeWarning: overflow encountered in exp
  - amp3                * np.exp(-(x - pretrigger) / t4 / samplerate)) + baseline
/users/9/li004628/urop/snolab/template_single_zip.py:259: RuntimeWarning: overflow encountered in exp
  -((amp1 + amp2 + amp3) * np.exp(-(x - pretrigger) / t1 / samplerate)
/users/9/li004628/urop/snolab/template_single_zip.py:261: RuntimeWarning: overflow encountered in exp
  - amp2                * np.exp(-(x - pretrigger) / t3 / samplerate)
/users/9/li004628/urop/snolab/template_single_zip.py:261: RuntimeWarning: overflow encountered in exp
  - amp2                * np.exp(-(x - pretrigger) / t3 / samplerate)
/users/9/li004628/urop/snolab/template_single_zip.py:261: RuntimeWarning: overflow encountered in exp
  - amp2                * np.exp(-(x - pretrigger) / t3 / samplerate)
/users/9/li004628/urop/snolab/template_single_zip.py:261: RuntimeWarning: overflow encountered in exp
  - amp2                * np.exp(-(x - pretrigger) / t3 / samplerate)
/users/9/li004628/urop/snolab/template_single_zip.py:261: RuntimeWarning: overflow encountered in exp
  - amp2                * np.exp(-(x - pretrigger) / t3 / samplerate)
CDMS Software Version: V07-02-00
Found 9 series

=== Processing Zip7 ===
Zip7 channels (11): ['PAS1', 'PBS1', 'PCS1', 'PDS1', 'PES1', 'PFS1', 'PAS2', 'PBS2', 'PCS2', 'PDS2', 'PES2']

Zip7 — cut: 7.00e-07 < PTOFamps < 1.20e-06
  24260615_235328: 16 events selected
  24260616_011402: 2 events selected
  24260616_021845: 1 events selected
  24260616_032333: 1 events selected
  24260616_033235: 1 events selected
  24260616_045309: 3 events selected
  24260616_055753: 7 events selected
  24260616_063504: 3 events selected
  24260616_074337: 3 events selected
  → Zip7 total: 37 events
  WARNING: only 37 events — consider widening PTOF_RANGES[7]

Reading raw traces for Zip7...
INFO: Found 16 midas raw data files
  24260615_235328: 176 good channel-trace pairs
INFO: Found 13 midas raw data files
  24260616_011402: 22 good channel-trace pairs
INFO: Found 13 midas raw data files
  24260616_021845: 11 good channel-trace pairs
INFO: Found 2 midas raw data files
  24260616_032333: 11 good channel-trace pairs
INFO: Found 16 midas raw data files
  24260616_033235: 11 good channel-trace pairs
INFO: Found 13 midas raw data files
  24260616_045309: 33 good channel-trace pairs
INFO: Found 8 midas raw data files
  24260616_055753: 77 good channel-trace pairs
INFO: Found 14 midas raw data files
  24260616_063504: 33 good channel-trace pairs
INFO: Found 6 midas raw data files
  24260616_074337: 33 good channel-trace pairs
  PAS1: 37 traces
  PBS1: 37 traces
  PCS1: 37 traces
  PDS1: 37 traces
  PES1: 37 traces
  PFS1: 37 traces
  PAS2: 37 traces
  PBS2: 37 traces
  PCS2: 37 traces
  PDS2: 37 traces
  PES2: 37 traces
  PF (Type 3): 37 per-event traces
Cache saved: /users/9/li004628/urop/snolab/traces_cache_zip7.pkl
  PAS1: template from 37 traces
  PBS1: template from 37 traces
  PCS1: template from 37 traces
  PDS1: template from 37 traces
  PES1: template from 37 traces
  PFS1: template from 37 traces
  PAS2: template from 37 traces
  PBS2: template from 37 traces
  PCS2: template from 37 traces
  PDS2: template from 37 traces
  PES2: template from 37 traces
  PAS1: [4-exp] t1=0.075  t2=0.27  t3=0.26  t4=12.26 ms
  PBS1: [4-exp] t1=0.079  t2=0.59  t3=0.63  t4=11.51 ms
  PCS1: [4-exp] t1=0.080  t2=0.42  t3=0.49  t4=11.35 ms
  PDS1: [4-exp] t1=0.079  t2=0.68  t3=0.63  t4=11.61 ms
  PES1: [4-exp] t1=0.074  t2=0.64  t3=0.58  t4=9.86 ms
  PFS1: [4-exp] t1=0.080  t2=13.73  t3=0.53  t4=13.69 ms
  PAS2: [4-exp] t1=0.074  t2=0.57  t3=0.50  t4=10.90 ms
  PBS2: [4-exp] t1=0.079  t2=0.54  t3=0.84  t4=15.88 ms
  PCS2: [4-exp] t1=0.080  t2=0.65  t3=0.58  t4=14.98 ms
  PDS2: [4-exp] t1=0.077  t2=0.12  t3=0.11  t4=14.48 ms
  PES2: [4-exp] t1=0.078  t2=0.75  t3=0.74  t4=15.63 ms
PT [PF method, 37 events, 4-exp]: t1=0.072  t2=0.66  t3=0.79  t4=13.83 ms
  PAS1: written
  PBS1: written
  PCS1: written
  PDS1: written
  PES1: written
  PFS1: written
  PAS2: written
  PBS2: written
  PCS2: written
  PDS2: written
  PES2: written
  PFS2: skipped (no template)
  PT: written
  PS1: written
  PS2: written
  PAS1: 11 fitted + 16 raw = 27 training events
  PBS1: 18 fitted + 10 raw = 28 training events
  PCS1: 18 fitted + 7 raw = 25 training events
  PDS1: 13 fitted + 13 raw = 26 training events
  PES1: 10 fitted + 17 raw = 27 training events
  PFS1: 20 fitted + 8 raw = 28 training events
  PAS2: 15 fitted + 12 raw = 27 training events
  PBS2: 12 fitted + 16 raw = 28 training events
  PCS2: 13 fitted + 16 raw = 29 training events
  PDS2: 8 fitted + 15 raw = 23 training events
  PES2: 11 fitted + 17 raw = 28 training events
PCA on 296 synthetic traces (4 components)
  PC0: 91.84% variance
  PC1: 4.28% variance
  PC2: 1.35% variance
  PC3: 0.63% variance
NxM templates (4 components × 11 channels) written.

Done. Saved: /users/9/li004628/urop/snolab/Templates_SNOLAB_R4_zip7_1x1.root
