/users/9/li004628/urop/snolab/template_single_zip.py:260: RuntimeWarning: overflow encountered in exp
  - amp1                * np.exp(-(x - pretrigger) / t2 / samplerate)
/users/9/li004628/urop/snolab/template_single_zip.py:260: RuntimeWarning: overflow encountered in exp
  - amp1                * np.exp(-(x - pretrigger) / t2 / samplerate)
/users/9/li004628/urop/snolab/template_single_zip.py:260: RuntimeWarning: overflow encountered in exp
  - amp1                * np.exp(-(x - pretrigger) / t2 / samplerate)
/users/9/li004628/urop/snolab/template_single_zip.py:260: RuntimeWarning: overflow encountered in exp
  - amp1                * np.exp(-(x - pretrigger) / t2 / samplerate)
/users/9/li004628/urop/snolab/template_single_zip.py:260: RuntimeWarning: overflow encountered in exp
  - amp1                * np.exp(-(x - pretrigger) / t2 / samplerate)
/users/9/li004628/urop/snolab/template_single_zip.py:260: RuntimeWarning: overflow encountered in exp
  - amp1                * np.exp(-(x - pretrigger) / t2 / samplerate)
/users/9/li004628/urop/snolab/template_single_zip.py:260: RuntimeWarning: overflow encountered in exp
  - amp1                * np.exp(-(x - pretrigger) / t2 / samplerate)
/users/9/li004628/urop/snolab/template_single_zip.py:260: RuntimeWarning: overflow encountered in exp
  - amp1                * np.exp(-(x - pretrigger) / t2 / samplerate)
/users/9/li004628/urop/snolab/template_single_zip.py:261: RuntimeWarning: overflow encountered in exp
  - amp2                * np.exp(-(x - pretrigger) / t3 / samplerate)
/users/9/li004628/urop/snolab/template_single_zip.py:262: RuntimeWarning: overflow encountered in exp
  - amp3                * np.exp(-(x - pretrigger) / t4 / samplerate)) + baseline
/users/9/li004628/urop/snolab/template_single_zip.py:261: RuntimeWarning: overflow encountered in exp
  - amp2                * np.exp(-(x - pretrigger) / t3 / samplerate)
/users/9/li004628/urop/snolab/template_single_zip.py:261: RuntimeWarning: overflow encountered in exp
  - amp2                * np.exp(-(x - pretrigger) / t3 / samplerate)
/users/9/li004628/urop/snolab/template_single_zip.py:260: RuntimeWarning: overflow encountered in exp
  - amp1                * np.exp(-(x - pretrigger) / t2 / samplerate)
/users/9/li004628/urop/snolab/template_single_zip.py:260: RuntimeWarning: overflow encountered in exp
  - amp1                * np.exp(-(x - pretrigger) / t2 / samplerate)
/users/9/li004628/urop/snolab/template_single_zip.py:260: RuntimeWarning: overflow encountered in exp
  - amp1                * np.exp(-(x - pretrigger) / t2 / samplerate)
/users/9/li004628/urop/snolab/template_single_zip.py:261: RuntimeWarning: overflow encountered in exp
  - amp2                * np.exp(-(x - pretrigger) / t3 / samplerate)
/users/9/li004628/urop/snolab/template_single_zip.py:261: RuntimeWarning: overflow encountered in exp
  - amp2                * np.exp(-(x - pretrigger) / t3 / samplerate)
/users/9/li004628/urop/snolab/template_single_zip.py:262: RuntimeWarning: overflow encountered in exp
  - amp3                * np.exp(-(x - pretrigger) / t4 / samplerate)) + baseline
/users/9/li004628/urop/snolab/template_single_zip.py:260: RuntimeWarning: overflow encountered in exp
  - amp1                * np.exp(-(x - pretrigger) / t2 / samplerate)
/users/9/li004628/urop/snolab/template_single_zip.py:260: RuntimeWarning: overflow encountered in exp
  - amp1                * np.exp(-(x - pretrigger) / t2 / samplerate)
CDMS Software Version: V07-02-00
Found 9 series

=== Processing Zip15 ===
Zip15 channels (11): ['PBS1', 'PCS1', 'PDS1', 'PES1', 'PFS1', 'PAS2', 'PBS2', 'PCS2', 'PDS2', 'PES2', 'PFS2']

Zip15 — cut: 2.00e-06 < PTOFamps < 3.00e-06
  24260615_235328: 22 events selected
  24260616_011402: 14 events selected
  24260616_021845: 14 events selected
  24260616_032333: 0 events selected
  24260616_033235: 22 events selected
  24260616_045309: 23 events selected
  24260616_055753: 20 events selected
  24260616_063504: 21 events selected
  24260616_074337: 1 events selected
  → Zip15 total: 137 events

Reading raw traces for Zip15...
INFO: Found 16 midas raw data files
  24260615_235328: 242 good channel-trace pairs
INFO: Found 13 midas raw data files
  24260616_011402: 154 good channel-trace pairs
INFO: Found 13 midas raw data files
  24260616_021845: 154 good channel-trace pairs
INFO: Found 16 midas raw data files
  24260616_033235: 242 good channel-trace pairs
INFO: Found 13 midas raw data files
  24260616_045309: 253 good channel-trace pairs
INFO: Found 8 midas raw data files
  24260616_055753: 220 good channel-trace pairs
INFO: Found 14 midas raw data files
  24260616_063504: 231 good channel-trace pairs
INFO: Found 6 midas raw data files
  24260616_074337: 11 good channel-trace pairs
  PBS1: 137 traces
  PCS1: 137 traces
  PDS1: 137 traces
  PES1: 137 traces
  PFS1: 137 traces
  PAS2: 137 traces
  PBS2: 137 traces
  PCS2: 137 traces
  PDS2: 137 traces
  PES2: 137 traces
  PFS2: 137 traces
  PF (Type 3): 137 per-event traces
Cache saved: /users/9/li004628/urop/snolab/traces_cache_zip15.pkl
  PBS1: template from 137 traces
  PCS1: template from 137 traces
  PDS1: template from 137 traces
  PES1: template from 137 traces
  PFS1: template from 137 traces
  PAS2: template from 137 traces
  PBS2: template from 137 traces
  PCS2: template from 137 traces
  PDS2: template from 137 traces
  PES2: template from 137 traces
  PFS2: template from 137 traces
  PBS1: [4-exp] t1=0.068  t2=0.52  t3=0.48  t4=0.98 ms
  PCS1: [4-exp] t1=0.064  t2=0.02  t3=0.76  t4=0.73 ms
  PDS1: [4-exp] t1=0.060  t2=0.02  t3=1.27  t4=1.01 ms
  PES1: [4-exp] t1=0.062  t2=0.01  t3=0.94  t4=0.93 ms
  PFS1: [4-exp] t1=0.064  t2=0.01  t3=0.71  t4=0.90 ms
  PAS2: [4-exp] t1=0.068  t2=0.57  t3=0.52  t4=1.05 ms
  PBS2: [4-exp] t1=0.067  t2=0.51  t3=0.46  t4=0.97 ms
  PCS2: [4-exp] t1=0.063  t2=0.01  t3=0.74  t4=0.72 ms
  PDS2: [4-exp] t1=0.062  t2=0.02  t3=0.86  t4=1.00 ms
  PES2: [4-exp] t1=0.066  t2=0.01  t3=0.75  t4=0.96 ms
  PFS2: [4-exp] t1=0.063  t2=0.01  t3=0.75  t4=0.87 ms
PT [PF method, 137 events, 4-exp]: t1=0.069  t2=0.02  t3=0.69  t4=0.66 ms
  PAS1: skipped (no template)
  PBS1: written
  PCS1: written
  PDS1: written
  PES1: written
  PFS1: written
  PAS2: written
  PBS2: written
  PCS2: written
  PDS2: written
  PES2: written
  PFS2: written
  PT: written
  PS1: written
  PS2: written
  PBS1: 86 fitted + 49 raw = 135 training events
  PCS1: 41 fitted + 93 raw = 134 training events
  PDS1: 34 fitted + 100 raw = 134 training events
  PES1: 41 fitted + 96 raw = 137 training events
  PFS1: 51 fitted + 85 raw = 136 training events
  PAS2: 83 fitted + 54 raw = 137 training events
  PBS2: 77 fitted + 60 raw = 137 training events
  PCS2: 56 fitted + 81 raw = 137 training events
  PDS2: 45 fitted + 91 raw = 136 training events
  PES2: 46 fitted + 90 raw = 136 training events
  PFS2: 55 fitted + 80 raw = 135 training events
PCA on 1494 synthetic traces (4 components)
  PC0: 33.55% variance
  PC1: 31.85% variance
  PC2: 8.78% variance
  PC3: 6.49% variance
NxM templates (4 components × 11 channels) written.

Done. Saved: /users/9/li004628/urop/snolab/Templates_SNOLAB_R4_zip15_1x1.root
